#
# There is insufficient memory for the Java Runtime Environment to continue.
# Native memory allocation (malloc) failed to allocate 1152176 bytes for Chunk::new
# Possible reasons:
#   The system is out of physical RAM or swap space
#   The process is running with CompressedOops enabled, and the Java Heap may be blocking the growth of the native heap
# Possible solutions:
#   Reduce memory load on the system
#   Increase physical memory or swap space
#   Check if swap backing store is full
#   Decrease Java heap size (-Xmx/-Xms)
#   Decrease number of Java threads
#   Decrease Java thread stack sizes (-Xss)
#   Set larger code cache with -XX:ReservedCodeCacheSize=
#   JVM is running with Zero Based Compressed Oops mode in which the Java heap is
#     placed in the first 32GB address space. The Java Heap base address is the
#     maximum limit for the native heap growth. Please use -XX:HeapBaseMinAddress
#     to set the Java Heap base and to place the Java Heap above 32GB virtual address.
# This output file may be truncated or incomplete.
#
#  Out of Memory Error (t:/workspace/open/src/hotspot/share/memory/arena.cpp:197), pid=24092, tid=12144
#
# JRE version: Java(TM) SE Runtime Environment (12.0+33) (build 12+33)
# Java VM: Java HotSpot(TM) 64-Bit Server VM (12+33, mixed mode, sharing, tiered, compressed oops, g1 gc, windows-amd64)
# No core dump will be written. Minidumps are not enabled by default on client versions of Windows
#

---------------  S U M M A R Y ------------

Command Line: -ea -Didea.test.cyclic.buffer.size=1048576 -javaagent:C:\Program Files\JetBrains\IntelliJ IDEA 2020.2.3\lib\idea_rt.jar=1039:C:\Program Files\JetBrains\IntelliJ IDEA 2020.2.3\bin -Dfile.encoding=UTF-8 com.intellij.rt.junit.JUnitStarter -ideVersion5 -junit5 @w@C:\Users\steve\AppData\Local\Temp\idea_working_dirs_junit.tmp @C:\Users\steve\AppData\Local\Temp\idea_junit.tmp -socket1038

Host: Intel(R) Core(TM) i7-7700HQ CPU @ 2.80GHz, 8 cores, 15G,  Windows 10 , 64 bit Build 19041 (10.0.19041.1741)
Time: Sun Jul  3 17:57:32 2022 Paris, Madrid (heure d’été) elapsed time: 9 seconds (0d 0h 0m 9s)

---------------  T H R E A D  ---------------

Current thread (0x000002c769c1b800):  JavaThread "C2 CompilerThread1" daemon [_thread_in_native, id=12144, stack(0x000000e4d4d00000,0x000000e4d4e00000)]


Current CompileTask:
C2:   9951 6125       4       java.lang.Class::getMethod (59 bytes)

Stack: [0x000000e4d4d00000,0x000000e4d4e00000]
Native frames: (J=compiled Java code, j=interpreted, Vv=VM code, C=native code)
V  [jvm.dll+0x63948a]
V  [jvm.dll+0x78b31f]
V  [jvm.dll+0x78c9c1]
V  [jvm.dll+0x78d013]
V  [jvm.dll+0x262138]
V  [jvm.dll+0xc582c]
V  [jvm.dll+0xc5dac]
V  [jvm.dll+0x3796a7]
V  [jvm.dll+0x345493]
V  [jvm.dll+0x34485a]
V  [jvm.dll+0x21c035]
V  [jvm.dll+0x21b20a]
V  [jvm.dll+0x199890]
V  [jvm.dll+0x22a534]
V  [jvm.dll+0x228b88]
V  [jvm.dll+0x74f660]
V  [jvm.dll+0x748648]
V  [jvm.dll+0x638566]
C  [ucrtbase.dll+0x21bb2]
C  [KERNEL32.DLL+0x17034]
C  [ntdll.dll+0x52651]


---------------  P R O C E S S  ---------------

Threads class SMR info:
_java_thread_list=0x000002c76bbd1100, length=15, elements={
0x000002c74583c800, 0x000002c769219800, 0x000002c76921b800, 0x000002c769238800,
0x000002c76923a000, 0x000002c769ac2000, 0x000002c769acd800, 0x000002c769ad7000,
0x000002c769beb000, 0x000002c769d8d000, 0x000002c769d8e000, 0x000002c76b9e2000,
0x000002c76b9e1000, 0x000002c769c1b800, 0x000002c76c67b800
}

Java Threads: ( => current thread )
  0x000002c74583c800 JavaThread "main" [_thread_in_vm, id=10584, stack(0x000000e4d3e00000,0x000000e4d3f00000)]
  0x000002c769219800 JavaThread "Reference Handler" daemon [_thread_blocked, id=24112, stack(0x000000e4d4500000,0x000000e4d4600000)]
  0x000002c76921b800 JavaThread "Finalizer" daemon [_thread_blocked, id=19120, stack(0x000000e4d4600000,0x000000e4d4700000)]
  0x000002c769238800 JavaThread "Signal Dispatcher" daemon [_thread_blocked, id=27872, stack(0x000000e4d4700000,0x000000e4d4800000)]
  0x000002c76923a000 JavaThread "Attach Listener" daemon [_thread_blocked, id=3044, stack(0x000000e4d4800000,0x000000e4d4900000)]
  0x000002c769ac2000 JavaThread "C2 CompilerThread0" daemon [_thread_in_native, id=25920, stack(0x000000e4d4900000,0x000000e4d4a00000)]
  0x000002c769acd800 JavaThread "C1 CompilerThread0" daemon [_thread_blocked, id=23016, stack(0x000000e4d4a00000,0x000000e4d4b00000)]
  0x000002c769ad7000 JavaThread "Sweeper thread" daemon [_thread_blocked, id=2312, stack(0x000000e4d4b00000,0x000000e4d4c00000)]
  0x000002c769beb000 JavaThread "Common-Cleaner" daemon [_thread_blocked, id=1912, stack(0x000000e4d4c00000,0x000000e4d4d00000)]
  0x000002c769d8d000 JavaThread "Monitor Ctrl-Break" daemon [_thread_in_native, id=12824, stack(0x000000e4d4e00000,0x000000e4d4f00000)]
  0x000002c769d8e000 JavaThread "Service Thread" daemon [_thread_blocked, id=16080, stack(0x000000e4d4f00000,0x000000e4d5000000)]
  0x000002c76b9e2000 JavaThread "mysql-cj-abandoned-connection-cleanup" daemon [_thread_blocked, id=11112, stack(0x000000e4d5100000,0x000000e4d5200000)]
  0x000002c76b9e1000 JavaThread "HikariPool-1 housekeeper" daemon [_thread_blocked, id=24812, stack(0x000000e4d5900000,0x000000e4d5a00000)]
=>0x000002c769c1b800 JavaThread "C2 CompilerThread1" daemon [_thread_in_native, id=12144, stack(0x000000e4d4d00000,0x000000e4d4e00000)]
  0x000002c76c67b800 JavaThread "C2 CompilerThread2" daemon [_thread_in_native, id=14700, stack(0x000000e4d5700000,0x000000e4d5800000)]

Other Threads:
  0x000002c769217800 VMThread "VM Thread" [stack: 0x000000e4d4400000,0x000000e4d4500000] [id=27688]
  0x000002c769d90000 WatcherThread [stack: 0x000000e4d5000000,0x000000e4d5100000] [id=26112]
  0x000002c7458a2800 GCTaskThread "GC Thread#0" [stack: 0x000000e4d3f00000,0x000000e4d4000000] [id=4804]
  0x000002c76b930800 GCTaskThread "GC Thread#1" [stack: 0x000000e4d5200000,0x000000e4d5300000] [id=11732]
  0x000002c76a737800 GCTaskThread "GC Thread#2" [stack: 0x000000e4d5300000,0x000000e4d5400000] [id=24052]
  0x000002c76af8a000 GCTaskThread "GC Thread#3" [stack: 0x000000e4d5400000,0x000000e4d5500000] [id=22752]
  0x000002c76a42f000 GCTaskThread "GC Thread#4" [stack: 0x000000e4d5500000,0x000000e4d5600000] [id=27632]
  0x000002c76b471000 GCTaskThread "GC Thread#5" [stack: 0x000000e4d5600000,0x000000e4d5700000] [id=9120]
  0x000002c7458bd000 ConcurrentGCThread "G1 Main Marker" [stack: 0x000000e4d4000000,0x000000e4d4100000] [id=4528]
  0x000002c7458c0800 ConcurrentGCThread "G1 Conc#0" [stack: 0x000000e4d4100000,0x000000e4d4200000] [id=25988]
  0x000002c76bced800 ConcurrentGCThread "G1 Conc#1" [stack: 0x000000e4d5800000,0x000000e4d5900000] [id=24504]
  0x000002c769113800 ConcurrentGCThread "G1 Refine#0" [stack: 0x000000e4d4200000,0x000000e4d4300000] [id=21524]
  0x000002c769115800 ConcurrentGCThread "G1 Young RemSet Sampling" [stack: 0x000000e4d4300000,0x000000e4d4400000] [id=1048]

Threads with active compile tasks:
C2 CompilerThread0  6118       4       org.springframework.util.ReflectionUtils::findMethod (109 bytes)
C2 CompilerThread1  6125       4       java.lang.Class::getMethod (59 bytes)
C2 CompilerThread2  6147   !   4       jdk.internal.loader.BuiltinClassLoader::findClassOnClassPathOrNull (64 bytes)

VM state:not at safepoint (normal execution)

VM Mutex/Monitor currently owned by a thread: None

Heap address: 0x0000000701c00000, size: 4068 MB, Compressed Oops mode: Zero based, Oop shift amount: 3
Narrow klass base: 0x0000000800000000, Narrow klass shift: 3
Compressed class space size: 1073741824 Address: 0x00000008011a0000

Heap:
 garbage-first heap   total 144384K, used 58292K [0x0000000701c00000, 0x0000000800000000)
  region size 1024K, 24 young (24576K), 2 survivors (2048K)
 Metaspace       used 64334K, capacity 66289K, committed 66424K, reserved 1105920K
  class space    used 8559K, capacity 9316K, committed 9420K, reserved 1048576K
Heap Regions: E=young(eden), S=young(survivor), O=old, HS=humongous(starts), HC=humongous(continues), CS=collection set, F=free, A=archive, TAMS=top-at-mark-start (previous, next)
|   0|0x0000000701c00000, 0x0000000701d00000, 0x0000000701d00000|100%|HS|  |TAMS 0x0000000701d00000, 0x0000000701c00000| Complete 
|   1|0x0000000701d00000, 0x0000000701e00000, 0x0000000701e00000|100%| O|  |TAMS 0x0000000701e00000, 0x0000000701d00000| Untracked 
|   2|0x0000000701e00000, 0x0000000701f00000, 0x0000000701f00000|100%| O|  |TAMS 0x0000000701f00000, 0x0000000701e00000| Untracked 
|   3|0x0000000701f00000, 0x0000000702000000, 0x0000000702000000|100%| O|  |TAMS 0x0000000702000000, 0x0000000701f00000| Untracked 
|   4|0x0000000702000000, 0x00000007020a8000, 0x0000000702100000| 65%| O|  |TAMS 0x00000007020a8000, 0x0000000702000000| Untracked 
|   5|0x0000000702100000, 0x0000000702200000, 0x0000000702200000|100%| O|  |TAMS 0x0000000702200000, 0x0000000702100000| Untracked 
|   6|0x0000000702200000, 0x0000000702300000, 0x0000000702300000|100%| O|  |TAMS 0x0000000702300000, 0x0000000702200000| Untracked 
|   7|0x0000000702300000, 0x0000000702400000, 0x0000000702400000|100%| O|  |TAMS 0x0000000702400000, 0x0000000702300000| Untracked 
|   8|0x0000000702400000, 0x0000000702500000, 0x0000000702500000|100%| O|  |TAMS 0x0000000702500000, 0x0000000702400000| Untracked 
|   9|0x0000000702500000, 0x0000000702600000, 0x0000000702600000|100%| O|  |TAMS 0x0000000702600000, 0x0000000702500000| Untracked 
|  10|0x0000000702600000, 0x0000000702700000, 0x0000000702700000|100%| O|  |TAMS 0x0000000702700000, 0x0000000702600000| Untracked 
|  11|0x0000000702700000, 0x0000000702800000, 0x0000000702800000|100%| O|  |TAMS 0x0000000702800000, 0x0000000702700000| Untracked 
|  12|0x0000000702800000, 0x0000000702900000, 0x0000000702900000|100%| O|  |TAMS 0x0000000702900000, 0x0000000702800000| Untracked 
|  13|0x0000000702900000, 0x0000000702a00000, 0x0000000702a00000|100%| O|  |TAMS 0x0000000702a00000, 0x0000000702900000| Untracked 
|  14|0x0000000702a00000, 0x0000000702b00000, 0x0000000702b00000|100%| O|  |TAMS 0x0000000702b00000, 0x0000000702a00000| Untracked 
|  15|0x0000000702b00000, 0x0000000702c00000, 0x0000000702c00000|100%| O|  |TAMS 0x0000000702c00000, 0x0000000702b00000| Untracked 
|  16|0x0000000702c00000, 0x0000000702c7c200, 0x0000000702d00000| 48%| O|  |TAMS 0x0000000702c7c200, 0x0000000702c00000| Untracked 
|  17|0x0000000702d00000, 0x0000000702e00000, 0x0000000702e00000|100%| O|  |TAMS 0x0000000702e00000, 0x0000000702d00000| Untracked 
|  18|0x0000000702e00000, 0x0000000702f00000, 0x0000000702f00000|100%| O|  |TAMS 0x0000000702f00000, 0x0000000702e00000| Untracked 
|  19|0x0000000702f00000, 0x0000000703000000, 0x0000000703000000|100%| O|  |TAMS 0x0000000703000000, 0x0000000702f00000| Untracked 
|  20|0x0000000703000000, 0x0000000703100000, 0x0000000703100000|100%| O|  |TAMS 0x0000000703100000, 0x0000000703000000| Untracked 
|  21|0x0000000703100000, 0x0000000703200000, 0x0000000703200000|100%| O|  |TAMS 0x0000000703200000, 0x0000000703100000| Untracked 
|  22|0x0000000703200000, 0x0000000703300000, 0x0000000703300000|100%| O|  |TAMS 0x00000007032c3e00, 0x0000000703200000| Untracked 
|  23|0x0000000703300000, 0x0000000703400000, 0x0000000703400000|100%| O|  |TAMS 0x0000000703300000, 0x0000000703300000| Untracked 
|  24|0x0000000703400000, 0x0000000703500000, 0x0000000703500000|100%| O|  |TAMS 0x0000000703400000, 0x0000000703400000| Untracked 
|  25|0x0000000703500000, 0x0000000703600000, 0x0000000703600000|100%| O|  |TAMS 0x0000000703500000, 0x0000000703500000| Untracked 
|  26|0x0000000703600000, 0x0000000703700000, 0x0000000703700000|100%| O|  |TAMS 0x0000000703600000, 0x0000000703600000| Untracked 
|  27|0x0000000703700000, 0x0000000703700000, 0x0000000703800000|  0%| F|  |TAMS 0x0000000703700000, 0x0000000703700000| Untracked 
|  28|0x0000000703800000, 0x0000000703900000, 0x0000000703900000|100%| O|  |TAMS 0x0000000703800000, 0x0000000703800000| Untracked 
|  29|0x0000000703900000, 0x0000000703a00000, 0x0000000703a00000|100%| O|  |TAMS 0x0000000703900000, 0x0000000703900000| Untracked 
|  30|0x0000000703a00000, 0x0000000703b00000, 0x0000000703b00000|100%| O|  |TAMS 0x0000000703a00000, 0x0000000703a00000| Untracked 
|  31|0x0000000703b00000, 0x0000000703c00000, 0x0000000703c00000|100%| O|  |TAMS 0x0000000703b00000, 0x0000000703b00000| Untracked 
|  32|0x0000000703c00000, 0x0000000703d00000, 0x0000000703d00000|100%| O|  |TAMS 0x0000000703c00000, 0x0000000703c00000| Untracked 
|  33|0x0000000703d00000, 0x0000000703e00000, 0x0000000703e00000|100%| O|  |TAMS 0x0000000703d00000, 0x0000000703d00000| Untracked 
|  34|0x0000000703e00000, 0x0000000703f00000, 0x0000000703f00000|100%| O|  |TAMS 0x0000000703e00000, 0x0000000703e00000| Untracked 
|  35|0x0000000703f00000, 0x0000000703fc9000, 0x0000000704000000| 78%| O|  |TAMS 0x0000000703f00000, 0x0000000703f00000| Untracked 
|  36|0x0000000704000000, 0x0000000704000000, 0x0000000704100000|  0%| F|  |TAMS 0x0000000704000000, 0x0000000704000000| Untracked 
|  37|0x0000000704100000, 0x0000000704100000, 0x0000000704200000|  0%| F|  |TAMS 0x0000000704100000, 0x0000000704100000| Untracked 
|  38|0x0000000704200000, 0x0000000704200000, 0x0000000704300000|  0%| F|  |TAMS 0x0000000704200000, 0x0000000704200000| Untracked 
|  39|0x0000000704300000, 0x0000000704300000, 0x0000000704400000|  0%| F|  |TAMS 0x0000000704300000, 0x0000000704300000| Untracked 
|  40|0x0000000704400000, 0x0000000704400000, 0x0000000704500000|  0%| F|  |TAMS 0x0000000704400000, 0x0000000704400000| Untracked 
|  41|0x0000000704500000, 0x0000000704500000, 0x0000000704600000|  0%| F|  |TAMS 0x0000000704500000, 0x0000000704500000| Untracked 
|  42|0x0000000704600000, 0x0000000704600000, 0x0000000704700000|  0%| F|  |TAMS 0x0000000704600000, 0x0000000704600000| Untracked 
|  43|0x0000000704700000, 0x0000000704700000, 0x0000000704800000|  0%| F|  |TAMS 0x0000000704700000, 0x0000000704700000| Untracked 
|  44|0x0000000704800000, 0x0000000704800000, 0x0000000704900000|  0%| F|  |TAMS 0x0000000704800000, 0x0000000704800000| Untracked 
|  45|0x0000000704900000, 0x0000000704900000, 0x0000000704a00000|  0%| F|  |TAMS 0x0000000704900000, 0x0000000704900000| Untracked 
|  46|0x0000000704a00000, 0x0000000704a00000, 0x0000000704b00000|  0%| F|  |TAMS 0x0000000704a00000, 0x0000000704a00000| Untracked 
|  47|0x0000000704b00000, 0x0000000704b00000, 0x0000000704c00000|  0%| F|  |TAMS 0x0000000704b00000, 0x0000000704b00000| Untracked 
|  48|0x0000000704c00000, 0x0000000704c00000, 0x0000000704d00000|  0%| F|  |TAMS 0x0000000704c00000, 0x0000000704c00000| Untracked 
|  49|0x0000000704d00000, 0x0000000704d00000, 0x0000000704e00000|  0%| F|  |TAMS 0x0000000704d00000, 0x0000000704d00000| Untracked 
|  50|0x0000000704e00000, 0x0000000704e00000, 0x0000000704f00000|  0%| F|  |TAMS 0x0000000704e00000, 0x0000000704e00000| Untracked 
|  51|0x0000000704f00000, 0x0000000704f00000, 0x0000000705000000|  0%| F|  |TAMS 0x0000000704f00000, 0x0000000704f00000| Untracked 
|  52|0x0000000705000000, 0x0000000705000000, 0x0000000705100000|  0%| F|  |TAMS 0x0000000705000000, 0x0000000705000000| Untracked 
|  53|0x0000000705100000, 0x0000000705100000, 0x0000000705200000|  0%| F|  |TAMS 0x0000000705100000, 0x0000000705100000| Untracked 
|  54|0x0000000705200000, 0x0000000705200000, 0x0000000705300000|  0%| F|  |TAMS 0x0000000705200000, 0x0000000705200000| Untracked 
|  55|0x0000000705300000, 0x0000000705300000, 0x0000000705400000|  0%| F|  |TAMS 0x0000000705300000, 0x0000000705300000| Untracked 
|  56|0x0000000705400000, 0x0000000705400000, 0x0000000705500000|  0%| F|  |TAMS 0x0000000705400000, 0x0000000705400000| Untracked 
|  57|0x0000000705500000, 0x0000000705500000, 0x0000000705600000|  0%| F|  |TAMS 0x0000000705500000, 0x0000000705500000| Untracked 
|  58|0x0000000705600000, 0x0000000705600000, 0x0000000705700000|  0%| F|  |TAMS 0x0000000705600000, 0x0000000705600000| Untracked 
|  59|0x0000000705700000, 0x0000000705700000, 0x0000000705800000|  0%| F|  |TAMS 0x0000000705700000, 0x0000000705700000| Untracked 
|  60|0x0000000705800000, 0x0000000705800000, 0x0000000705900000|  0%| F|  |TAMS 0x0000000705800000, 0x0000000705800000| Untracked 
|  61|0x0000000705900000, 0x0000000705900000, 0x0000000705a00000|  0%| F|  |TAMS 0x0000000705900000, 0x0000000705900000| Untracked 
|  62|0x0000000705a00000, 0x0000000705a00000, 0x0000000705b00000|  0%| F|  |TAMS 0x0000000705a00000, 0x0000000705a00000| Untracked 
|  63|0x0000000705b00000, 0x0000000705b00000, 0x0000000705c00000|  0%| F|  |TAMS 0x0000000705b00000, 0x0000000705b00000| Untracked 
|  64|0x0000000705c00000, 0x0000000705c00000, 0x0000000705d00000|  0%| F|  |TAMS 0x0000000705c00000, 0x0000000705c00000| Untracked 
|  65|0x0000000705d00000, 0x0000000705d00000, 0x0000000705e00000|  0%| F|  |TAMS 0x0000000705d00000, 0x0000000705d00000| Untracked 
|  66|0x0000000705e00000, 0x0000000705e00000, 0x0000000705f00000|  0%| F|  |TAMS 0x0000000705e00000, 0x0000000705e00000| Untracked 
|  67|0x0000000705f00000, 0x0000000705f00000, 0x0000000706000000|  0%| F|  |TAMS 0x0000000705f00000, 0x0000000705f00000| Untracked 
|  68|0x0000000706000000, 0x0000000706000000, 0x0000000706100000|  0%| F|  |TAMS 0x0000000706000000, 0x0000000706000000| Untracked 
|  69|0x0000000706100000, 0x0000000706100000, 0x0000000706200000|  0%| F|  |TAMS 0x0000000706100000, 0x0000000706100000| Untracked 
|  70|0x0000000706200000, 0x0000000706200000, 0x0000000706300000|  0%| F|  |TAMS 0x0000000706200000, 0x0000000706200000| Untracked 
|  71|0x0000000706300000, 0x0000000706300000, 0x0000000706400000|  0%| F|  |TAMS 0x0000000706300000, 0x0000000706300000| Untracked 
|  72|0x0000000706400000, 0x0000000706400000, 0x0000000706500000|  0%| F|  |TAMS 0x0000000706400000, 0x0000000706400000| Untracked 
|  73|0x0000000706500000, 0x0000000706500000, 0x0000000706600000|  0%| F|  |TAMS 0x0000000706500000, 0x0000000706500000| Untracked 
|  74|0x0000000706600000, 0x0000000706600000, 0x0000000706700000|  0%| F|  |TAMS 0x0000000706600000, 0x0000000706600000| Untracked 
|  75|0x0000000706700000, 0x0000000706700000, 0x0000000706800000|  0%| F|  |TAMS 0x0000000706700000, 0x0000000706700000| Untracked 
|  76|0x0000000706800000, 0x0000000706800000, 0x0000000706900000|  0%| F|  |TAMS 0x0000000706800000, 0x0000000706800000| Untracked 
|  77|0x0000000706900000, 0x0000000706900000, 0x0000000706a00000|  0%| F|  |TAMS 0x0000000706900000, 0x0000000706900000| Untracked 
|  78|0x0000000706a00000, 0x0000000706a00000, 0x0000000706b00000|  0%| F|  |TAMS 0x0000000706a00000, 0x0000000706a00000| Untracked 
|  79|0x0000000706b00000, 0x0000000706b00000, 0x0000000706c00000|  0%| F|  |TAMS 0x0000000706b00000, 0x0000000706b00000| Untracked 
|  80|0x0000000706c00000, 0x0000000706c00000, 0x0000000706d00000|  0%| F|  |TAMS 0x0000000706c00000, 0x0000000706c00000| Untracked 
|  81|0x0000000706d00000, 0x0000000706d00000, 0x0000000706e00000|  0%| F|  |TAMS 0x0000000706d00000, 0x0000000706d00000| Untracked 
|  82|0x0000000706e00000, 0x0000000706f00000, 0x0000000706f00000|100%| S|CS|TAMS 0x0000000706e00000, 0x0000000706e00000| Complete 
|  83|0x0000000706f00000, 0x0000000707000000, 0x0000000707000000|100%| S|CS|TAMS 0x0000000706f00000, 0x0000000706f00000| Complete 
|  84|0x0000000707000000, 0x0000000707000000, 0x0000000707100000|  0%| F|  |TAMS 0x0000000707000000, 0x0000000707000000| Untracked 
|  85|0x0000000707100000, 0x0000000707100000, 0x0000000707200000|  0%| F|  |TAMS 0x0000000707100000, 0x0000000707100000| Untracked 
|  86|0x0000000707200000, 0x0000000707200000, 0x0000000707300000|  0%| F|  |TAMS 0x0000000707200000, 0x0000000707200000| Untracked 
|  87|0x0000000707300000, 0x0000000707300000, 0x0000000707400000|  0%| F|  |TAMS 0x0000000707300000, 0x0000000707300000| Untracked 
|  88|0x0000000707400000, 0x0000000707400000, 0x0000000707500000|  0%| F|  |TAMS 0x0000000707400000, 0x0000000707400000| Untracked 
|  89|0x0000000707500000, 0x0000000707500000, 0x0000000707600000|  0%| F|  |TAMS 0x0000000707500000, 0x0000000707500000| Untracked 
|  90|0x0000000707600000, 0x0000000707600000, 0x0000000707700000|  0%| F|  |TAMS 0x0000000707600000, 0x0000000707600000| Untracked 
|  91|0x0000000707700000, 0x0000000707700000, 0x0000000707800000|  0%| F|  |TAMS 0x0000000707700000, 0x0000000707700000| Untracked 
|  92|0x0000000707800000, 0x0000000707800000, 0x0000000707900000|  0%| F|  |TAMS 0x0000000707800000, 0x0000000707800000| Untracked 
|  93|0x0000000707900000, 0x0000000707900000, 0x0000000707a00000|  0%| F|  |TAMS 0x0000000707900000, 0x0000000707900000| Untracked 
|  94|0x0000000707a00000, 0x0000000707a00000, 0x0000000707b00000|  0%| F|  |TAMS 0x0000000707a00000, 0x0000000707a00000| Untracked 
|  95|0x0000000707b00000, 0x0000000707b00000, 0x0000000707c00000|  0%| F|  |TAMS 0x0000000707b00000, 0x0000000707b00000| Untracked 
|  96|0x0000000707c00000, 0x0000000707c00000, 0x0000000707d00000|  0%| F|  |TAMS 0x0000000707c00000, 0x0000000707c00000| Untracked 
|  97|0x0000000707d00000, 0x0000000707d00000, 0x0000000707e00000|  0%| F|  |TAMS 0x0000000707d00000, 0x0000000707d00000| Untracked 
|  98|0x0000000707e00000, 0x0000000707e00000, 0x0000000707f00000|  0%| F|  |TAMS 0x0000000707e00000, 0x0000000707e00000| Untracked 
|  99|0x0000000707f00000, 0x0000000707f00000, 0x0000000708000000|  0%| F|  |TAMS 0x0000000707f00000, 0x0000000707f00000| Untracked 
| 100|0x0000000708000000, 0x0000000708000000, 0x0000000708100000|  0%| F|  |TAMS 0x0000000708000000, 0x0000000708000000| Untracked 
| 101|0x0000000708100000, 0x0000000708100000, 0x0000000708200000|  0%| F|  |TAMS 0x0000000708100000, 0x0000000708100000| Untracked 
| 102|0x0000000708200000, 0x0000000708200000, 0x0000000708300000|  0%| F|  |TAMS 0x0000000708200000, 0x0000000708200000| Untracked 
| 103|0x0000000708300000, 0x0000000708300000, 0x0000000708400000|  0%| F|  |TAMS 0x0000000708300000, 0x0000000708300000| Untracked 
| 104|0x0000000708400000, 0x0000000708400000, 0x0000000708500000|  0%| F|  |TAMS 0x0000000708400000, 0x0000000708400000| Untracked 
| 105|0x0000000708500000, 0x0000000708500000, 0x0000000708600000|  0%| F|  |TAMS 0x0000000708500000, 0x0000000708500000| Untracked 
| 106|0x0000000708600000, 0x0000000708600000, 0x0000000708700000|  0%| F|  |TAMS 0x0000000708600000, 0x0000000708600000| Untracked 
| 107|0x0000000708700000, 0x0000000708700000, 0x0000000708800000|  0%| F|  |TAMS 0x0000000708700000, 0x0000000708700000| Untracked 
| 108|0x0000000708800000, 0x0000000708800000, 0x0000000708900000|  0%| F|  |TAMS 0x0000000708800000, 0x0000000708800000| Untracked 
| 109|0x0000000708900000, 0x0000000708900000, 0x0000000708a00000|  0%| F|  |TAMS 0x0000000708900000, 0x0000000708900000| Untracked 
| 110|0x0000000708a00000, 0x0000000708a00000, 0x0000000708b00000|  0%| F|  |TAMS 0x0000000708a00000, 0x0000000708a00000| Untracked 
| 111|0x0000000708b00000, 0x0000000708b00000, 0x0000000708c00000|  0%| F|  |TAMS 0x0000000708b00000, 0x0000000708b00000| Untracked 
| 112|0x0000000708c00000, 0x0000000708c00000, 0x0000000708d00000|  0%| F|  |TAMS 0x0000000708c00000, 0x0000000708c00000| Untracked 
| 113|0x0000000708d00000, 0x0000000708d00000, 0x0000000708e00000|  0%| F|  |TAMS 0x0000000708d00000, 0x0000000708d00000| Untracked 
| 114|0x0000000708e00000, 0x0000000708e00000, 0x0000000708f00000|  0%| F|  |TAMS 0x0000000708e00000, 0x0000000708e00000| Untracked 
| 115|0x0000000708f00000, 0x0000000708f00000, 0x0000000709000000|  0%| F|  |TAMS 0x0000000708f00000, 0x0000000708f00000| Untracked 
| 116|0x0000000709000000, 0x0000000709000000, 0x0000000709100000|  0%| F|  |TAMS 0x0000000709000000, 0x0000000709000000| Untracked 
| 117|0x0000000709100000, 0x0000000709100000, 0x0000000709200000|  0%| F|  |TAMS 0x0000000709100000, 0x0000000709100000| Untracked 
| 118|0x0000000709200000, 0x0000000709200000, 0x0000000709300000|  0%| F|  |TAMS 0x0000000709200000, 0x0000000709200000| Untracked 
| 119|0x0000000709300000, 0x0000000709400000, 0x0000000709400000|100%| E|  |TAMS 0x0000000709300000, 0x0000000709300000| Complete 
| 120|0x0000000709400000, 0x0000000709500000, 0x0000000709500000|100%| E|CS|TAMS 0x0000000709400000, 0x0000000709400000| Complete 
| 121|0x0000000709500000, 0x0000000709600000, 0x0000000709600000|100%| E|CS|TAMS 0x0000000709500000, 0x0000000709500000| Complete 
| 122|0x0000000709600000, 0x0000000709700000, 0x0000000709700000|100%| E|CS|TAMS 0x0000000709600000, 0x0000000709600000| Complete 
| 123|0x0000000709700000, 0x0000000709800000, 0x0000000709800000|100%| E|CS|TAMS 0x0000000709700000, 0x0000000709700000| Complete 
| 124|0x0000000709800000, 0x0000000709900000, 0x0000000709900000|100%| E|CS|TAMS 0x0000000709800000, 0x0000000709800000| Complete 
| 125|0x0000000709900000, 0x0000000709a00000, 0x0000000709a00000|100%| E|CS|TAMS 0x0000000709900000, 0x0000000709900000| Complete 
| 126|0x0000000709a00000, 0x0000000709b00000, 0x0000000709b00000|100%| E|CS|TAMS 0x0000000709a00000, 0x0000000709a00000| Complete 
| 127|0x0000000709b00000, 0x0000000709c00000, 0x0000000709c00000|100%| E|CS|TAMS 0x0000000709b00000, 0x0000000709b00000| Complete 
| 128|0x0000000709c00000, 0x0000000709d00000, 0x0000000709d00000|100%| E|CS|TAMS 0x0000000709c00000, 0x0000000709c00000| Complete 
| 129|0x0000000709d00000, 0x0000000709e00000, 0x0000000709e00000|100%| E|CS|TAMS 0x0000000709d00000, 0x0000000709d00000| Complete 
| 130|0x0000000709e00000, 0x0000000709f00000, 0x0000000709f00000|100%| E|CS|TAMS 0x0000000709e00000, 0x0000000709e00000| Complete 
| 131|0x0000000709f00000, 0x000000070a000000, 0x000000070a000000|100%| E|CS|TAMS 0x0000000709f00000, 0x0000000709f00000| Complete 
| 132|0x000000070a000000, 0x000000070a100000, 0x000000070a100000|100%| E|CS|TAMS 0x000000070a000000, 0x000000070a000000| Complete 
| 133|0x000000070a100000, 0x000000070a200000, 0x000000070a200000|100%| E|CS|TAMS 0x000000070a100000, 0x000000070a100000| Complete 
| 134|0x000000070a200000, 0x000000070a300000, 0x000000070a300000|100%| E|CS|TAMS 0x000000070a200000, 0x000000070a200000| Complete 
| 206|0x000000070ea00000, 0x000000070eb00000, 0x000000070eb00000|100%| E|CS|TAMS 0x000000070ea00000, 0x000000070ea00000| Complete 
| 207|0x000000070eb00000, 0x000000070ec00000, 0x000000070ec00000|100%| E|CS|TAMS 0x000000070eb00000, 0x000000070eb00000| Complete 
| 208|0x000000070ec00000, 0x000000070ed00000, 0x000000070ed00000|100%| E|CS|TAMS 0x000000070ec00000, 0x000000070ec00000| Complete 
| 209|0x000000070ed00000, 0x000000070ee00000, 0x000000070ee00000|100%| E|CS|TAMS 0x000000070ed00000, 0x000000070ed00000| Complete 
| 254|0x0000000711a00000, 0x0000000711b00000, 0x0000000711b00000|100%| E|CS|TAMS 0x0000000711a00000, 0x0000000711a00000| Complete 
| 255|0x0000000711b00000, 0x0000000711c00000, 0x0000000711c00000|100%| E|CS|TAMS 0x0000000711b00000, 0x0000000711b00000| Complete 

Card table byte_map: [0x000002c75d780000,0x000002c75df80000] _byte_map_base: 0x000002c759f72000

Marking Bits (Prev, Next): (CMBitMap*) 0x000002c7458a3508, (CMBitMap*) 0x000002c7458a34c8
 Prev Bits: [0x000002c762710000, 0x000002c7666a0000)
 Next Bits: [0x000002c75e780000, 0x000002c762710000)

Polling page: 0x000002c7437b0000

Metaspace:

Usage:
  Non-class:     55.64 MB capacity,    54.48 MB ( 98%) used,   934.09 KB (  2%) free+waste,   252.00 KB ( <1%) overhead. 
      Class:      9.13 MB capacity,     8.36 MB ( 92%) used,   665.07 KB (  7%) free+waste,   119.69 KB (  1%) overhead. 
       Both:     64.77 MB capacity,    62.84 MB ( 97%) used,     1.56 MB (  2%) free+waste,   371.69 KB ( <1%) overhead. 

Virtual space:
  Non-class space:       56.00 MB reserved,      55.67 MB (>99%) committed 
      Class space:        1.00 GB reserved,       9.20 MB ( <1%) committed 
             Both:        1.05 GB reserved,      64.87 MB (  6%) committed 

Chunk freelists:
   Non-Class:  3.88 KB
       Class:  3.50 KB
        Both:  7.38 KB

CodeHeap 'non-profiled nmethods': size=120000Kb used=2912Kb max_used=3899Kb free=117087Kb
 bounds [0x000002c755710000, 0x000002c755ae0000, 0x000002c75cc40000]
CodeHeap 'profiled nmethods': size=120000Kb used=12668Kb max_used=12668Kb free=107331Kb
 bounds [0x000002c74e1e0000, 0x000002c74eea0000, 0x000002c755710000]
CodeHeap 'non-nmethods': size=5760Kb used=1256Kb max_used=1332Kb free=4503Kb
 bounds [0x000002c74dc40000, 0x000002c74deb0000, 0x000002c74e1e0000]
 total_blobs=8080 nmethods=5273 adapters=537
 compilation: enabled
              stopped_count=0, restarted_count=0
 full_count=0

Compilation events (10 events):
Event: 9.887 Thread 0x000002c769acd800 6239   !   2       org.springframework.beans.factory.support.AbstractBeanFactory::markBeanAsCreated (60 bytes)
Event: 9.888 Thread 0x000002c769acd800 nmethod 6239 0x000002c74e999e90 code [0x000002c74e99a080, 0x000002c74e99a4c0]
Event: 9.896 Thread 0x000002c769acd800 6240       1       java.security.Provider$Service::getType (5 bytes)
Event: 9.896 Thread 0x000002c769acd800 nmethod 6240 0x000002c7557d6810 code [0x000002c7557d69c0, 0x000002c7557d6af8]
Event: 9.905 Thread 0x000002c769acd800 6241       2       org.springframework.context.support.PostProcessorRegistrationDelegate$BeanPostProcessorChecker::postProcessBeforeInitialization (2 bytes)
Event: 9.905 Thread 0x000002c769acd800 nmethod 6241 0x000002c74e70af90 code [0x000002c74e70b140, 0x000002c74e70b2b8]
Event: 9.905 Thread 0x000002c769acd800 6242       2       org.springframework.aop.framework.autoproxy.AbstractAutoProxyCreator::postProcessAfterInitialization (38 bytes)
Event: 9.906 Thread 0x000002c769acd800 nmethod 6242 0x000002c74e93c110 code [0x000002c74e93c2e0, 0x000002c74e93c550]
Event: 9.906 Thread 0x000002c769acd800 6243       2       org.springframework.aop.framework.autoproxy.AbstractAutoProxyCreator::wrapIfNecessary (172 bytes)
Event: 9.907 Thread 0x000002c769acd800 nmethod 6243 0x000002c74ea0c990 code [0x000002c74ea0cc00, 0x000002c74ea0d430]

GC Heap History (10 events):
Event: 8.547 GC heap before
{Heap before GC invocations=20 (full 0):
 garbage-first heap   total 114688K, used 78257K [0x0000000701c00000, 0x0000000800000000)
  region size 1024K, 52 young (53248K), 5 survivors (5120K)
 Metaspace       used 61416K, capacity 63344K, committed 63480K, reserved 1103872K
  class space    used 8256K, capacity 9004K, committed 9036K, reserved 1048576K
}
Event: 8.558 GC heap after
{Heap after GC invocations=21 (full 0):
 garbage-first heap   total 114688K, used 32677K [0x0000000701c00000, 0x0000000800000000)
  region size 1024K, 6 young (6144K), 6 survivors (6144K)
 Metaspace       used 61416K, capacity 63344K, committed 63480K, reserved 1103872K
  class space    used 8256K, capacity 9004K, committed 9036K, reserved 1048576K
}
Event: 8.900 GC heap before
{Heap before GC invocations=21 (full 0):
 garbage-first heap   total 114688K, used 81829K [0x0000000701c00000, 0x0000000800000000)
  region size 1024K, 54 young (55296K), 6 survivors (6144K)
 Metaspace       used 62546K, capacity 64511K, committed 64632K, reserved 1105920K
  class space    used 8365K, capacity 9134K, committed 9164K, reserved 1048576K
}
Event: 8.921 GC heap after
{Heap after GC invocations=22 (full 0):
 garbage-first heap   total 114688K, used 39304K [0x0000000701c00000, 0x0000000800000000)
  region size 1024K, 7 young (7168K), 7 survivors (7168K)
 Metaspace       used 62546K, capacity 64511K, committed 64632K, reserved 1105920K
  class space    used 8365K, capacity 9134K, committed 9164K, reserved 1048576K
}
Event: 9.163 GC heap before
{Heap before GC invocations=22 (full 0):
 garbage-first heap   total 114688K, used 83336K [0x0000000701c00000, 0x0000000800000000)
  region size 1024K, 50 young (51200K), 7 survivors (7168K)
 Metaspace       used 62757K, capacity 64715K, committed 64888K, reserved 1105920K
  class space    used 8378K, capacity 9138K, committed 9164K, reserved 1048576K
}
Event: 9.174 GC heap after
{Heap after GC invocations=23 (full 0):
 garbage-first heap   total 114688K, used 39414K [0x0000000701c00000, 0x0000000800000000)
  region size 1024K, 5 young (5120K), 5 survivors (5120K)
 Metaspace       used 62757K, capacity 64715K, committed 64888K, reserved 1105920K
  class space    used 8378K, capacity 9138K, committed 9164K, reserved 1048576K
}
Event: 9.387 GC heap before
{Heap before GC invocations=23 (full 0):
 garbage-first heap   total 114688K, used 83446K [0x0000000701c00000, 0x0000000800000000)
  region size 1024K, 48 young (49152K), 5 survivors (5120K)
 Metaspace       used 62871K, capacity 64846K, committed 64888K, reserved 1105920K
  class space    used 8378K, capacity 9138K, committed 9164K, reserved 1048576K
}
Event: 9.392 GC heap after
{Heap after GC invocations=24 (full 0):
 garbage-first heap   total 144384K, used 39331K [0x0000000701c00000, 0x0000000800000000)
  region size 1024K, 5 young (5120K), 5 survivors (5120K)
 Metaspace       used 62871K, capacity 64846K, committed 64888K, reserved 1105920K
  class space    used 8378K, capacity 9138K, committed 9164K, reserved 1048576K
}
Event: 9.784 GC heap before
{Heap before GC invocations=24 (full 0):
 garbage-first heap   total 144384K, used 96675K [0x0000000701c00000, 0x0000000800000000)
  region size 1024K, 62 young (63488K), 5 survivors (5120K)
 Metaspace       used 63488K, capacity 65472K, committed 65784K, reserved 1105920K
  class space    used 8448K, capacity 9215K, committed 9292K, reserved 1048576K
}
Event: 9.789 GC heap after
{Heap after GC invocations=25 (full 0):
 garbage-first heap   total 144384K, used 36788K [0x0000000701c00000, 0x0000000800000000)
  region size 1024K, 2 young (2048K), 2 survivors (2048K)
 Metaspace       used 63488K, capacity 65472K, committed 65784K, reserved 1105920K
  class space    used 8448K, capacity 9215K, committed 9292K, reserved 1048576K
}

Deoptimization events (10 events):
Event: 9.153 Thread 0x000002c76b9e7000 Uncommon trap: reason=unstable_if action=reinterpret pc=0x000002c7558e8c8c method=java.util.concurrent.ConcurrentHashMap.sumCount()J @ 11 c2
Event: 9.259 Thread 0x000002c74583c800 Uncommon trap: reason=profile_predicate action=maybe_recompile pc=0x000002c75575d90c method=nonapi.io.github.classgraph.utils.FileUtils.sanitizeEntryPath(Ljava/lang/String;ZZ)Ljava/lang/String; @ 53 c2
Event: 9.259 Thread 0x000002c74583c800 Uncommon trap: reason=profile_predicate action=maybe_recompile pc=0x000002c75575d90c method=nonapi.io.github.classgraph.utils.FileUtils.sanitizeEntryPath(Ljava/lang/String;ZZ)Ljava/lang/String; @ 53 c2
Event: 9.263 Thread 0x000002c76b9e3800 Uncommon trap: reason=profile_predicate action=maybe_recompile pc=0x000002c75575d90c method=nonapi.io.github.classgraph.utils.FileUtils.sanitizeEntryPath(Ljava/lang/String;ZZ)Ljava/lang/String; @ 53 c2
Event: 9.263 Thread 0x000002c76b9e3800 Uncommon trap: reason=profile_predicate action=maybe_recompile pc=0x000002c75575d90c method=nonapi.io.github.classgraph.utils.FileUtils.sanitizeEntryPath(Ljava/lang/String;ZZ)Ljava/lang/String; @ 53 c2
Event: 9.268 Thread 0x000002c74583c800 Uncommon trap: reason=unstable_if action=reinterpret pc=0x000002c7558ea09c method=java.util.concurrent.ConcurrentHashMap.sumCount()J @ 11 c2
Event: 9.570 Thread 0x000002c74583c800 Uncommon trap: reason=unstable_if action=reinterpret pc=0x000002c7559f9064 method=org.springframework.beans.factory.support.DefaultSingletonBeanRegistry.getSingleton(Ljava/lang/String;Z)Ljava/lang/Object; @ 39 c2
Event: 9.822 Thread 0x000002c74583c800 Uncommon trap: reason=unstable_if action=reinterpret pc=0x000002c75580ca64 method=java.lang.Class.getTypeName()Ljava/lang/String; @ 23 c2
Event: 9.882 Thread 0x000002c74583c800 Uncommon trap: reason=class_check action=maybe_recompile pc=0x000002c75585362c method=org.springframework.core.annotation.AnnotationUtils.findAnnotation(Ljava/lang/Class;Ljava/lang/Class;)Ljava/lang/annotation/Annotation; @ 76 c2
Event: 9.915 Thread 0x000002c74583c800 Uncommon trap: reason=unstable_if action=reinterpret pc=0x000002c75581bcac method=org.springframework.util.ObjectUtils.nullSafeEquals(Ljava/lang/Object;Ljava/lang/Object;)Z @ 12 c2

Classes redefined (0 events):
No events

Internal exceptions (10 events):
Event: 9.912 Thread 0x000002c74583c800 Exception <a 'java/lang/ClassNotFoundException'{0x0000000709bd8660}: org/springframework/beans/factory/InitializingBeanCustomizer> (0x0000000709bd8660) thrown at [t:/workspace/open/src/hotspot/share/classfile/systemDictionary.cpp, line 235]
Event: 9.913 Thread 0x000002c74583c800 Exception <a 'java/lang/ClassNotFoundException'{0x0000000709bf2518}: org/springframework/context/MessageSourceAwareCustomizer> (0x0000000709bf2518) thrown at [t:/workspace/open/src/hotspot/share/classfile/systemDictionary.cpp, line 235]
Event: 9.914 Thread 0x000002c74583c800 Exception <a 'java/lang/ClassNotFoundException'{0x0000000709a0b2a0}: org/springframework/beans/factory/AwareCustomizer> (0x0000000709a0b2a0) thrown at [t:/workspace/open/src/hotspot/share/classfile/systemDictionary.cpp, line 235]
Event: 9.915 Thread 0x000002c74583c800 Implicit null exception at 0x000002c75581bbdd to 0x000002c75581bc98
Event: 9.916 Thread 0x000002c74583c800 Exception <a 'java/lang/ClassNotFoundException'{0x0000000709a36d68}: java/lang/ObjectCustomizer> (0x0000000709a36d68) thrown at [t:/workspace/open/src/hotspot/share/classfile/systemDictionary.cpp, line 235]
Event: 9.917 Thread 0x000002c74583c800 Exception <a 'java/lang/ClassNotFoundException'{0x0000000709a567e0}: org/springframework/security/authentication/ProviderManagerCustomizer> (0x0000000709a567e0) thrown at [t:/workspace/open/src/hotspot/share/classfile/systemDictionary.cpp, line 235]
Event: 9.917 Thread 0x000002c74583c800 Exception <a 'java/lang/ClassNotFoundException'{0x0000000709a7d5f0}: org/springframework/security/authentication/AuthenticationManagerCustomizer> (0x0000000709a7d5f0) thrown at [t:/workspace/open/src/hotspot/share/classfile/systemDictionary.cpp, line 235]
Event: 9.918 Thread 0x000002c74583c800 Exception <a 'java/lang/ClassNotFoundException'{0x0000000709a97c58}: org/springframework/context/MessageSourceAwareCustomizer> (0x0000000709a97c58) thrown at [t:/workspace/open/src/hotspot/share/classfile/systemDictionary.cpp, line 235]
Event: 9.919 Thread 0x000002c74583c800 Exception <a 'java/lang/ClassNotFoundException'{0x0000000709ab04b0}: org/springframework/beans/factory/AwareCustomizer> (0x0000000709ab04b0) thrown at [t:/workspace/open/src/hotspot/share/classfile/systemDictionary.cpp, line 235]
Event: 9.919 Thread 0x000002c74583c800 Exception <a 'java/lang/ClassNotFoundException'{0x0000000709acaa00}: org/springframework/beans/factory/InitializingBeanCustomizer> (0x0000000709acaa00) thrown at [t:/workspace/open/src/hotspot/share/classfile/systemDictionary.cpp, line 235]

Events (10 events):
Event: 9.946 loading class org/springframework/security/web/authentication/preauth/x509/X509AuthenticationFilter
Event: 9.946 loading class org/springframework/security/web/authentication/preauth/x509/X509AuthenticationFilter done
Event: 9.947 loading class org/springframework/security/web/authentication/preauth/AbstractPreAuthenticatedProcessingFilter
Event: 9.947 loading class org/springframework/security/web/authentication/preauth/AbstractPreAuthenticatedProcessingFilter done
Event: 9.948 loading class org/springframework/security/web/authentication/UsernamePasswordAuthenticationFilter
Event: 9.948 loading class org/springframework/security/web/authentication/UsernamePasswordAuthenticationFilter done
Event: 9.948 loading class org/springframework/security/web/authentication/AbstractAuthenticationProcessingFilter
Event: 9.948 loading class org/springframework/security/web/authentication/AbstractAuthenticationProcessingFilter done
Event: 9.949 loading class org/springframework/security/web/authentication/ui/DefaultLoginPageGeneratingFilter
Event: 9.949 loading class org/springframework/security/web/authentication/ui/DefaultLoginPageGeneratingFilter done


Dynamic libraries:
0x00007ff7710b0000 - 0x00007ff7710bf000 	C:\Program Files\Java\jdk-12\bin\java.exe
0x00007ffefc150000 - 0x00007ffefc347000 	C:\WINDOWS\SYSTEM32\ntdll.dll
0x00007ffefad00000 - 0x00007ffefadbd000 	C:\WINDOWS\System32\KERNEL32.DLL
0x00007ffef9e90000 - 0x00007ffefa15d000 	C:\WINDOWS\System32\KERNELBASE.dll
0x00007ffef9d90000 - 0x00007ffef9e90000 	C:\WINDOWS\System32\ucrtbase.dll
0x00007ffef5040000 - 0x00007ffef5058000 	C:\Program Files\Java\jdk-12\bin\jli.dll
0x00007ffef76b0000 - 0x00007ffef76c6000 	C:\Program Files\Java\jdk-12\bin\VCRUNTIME140.dll
0x00007ffefb240000 - 0x00007ffefb2ee000 	C:\WINDOWS\System32\ADVAPI32.dll
0x00007ffefbee0000 - 0x00007ffefbf7e000 	C:\WINDOWS\System32\msvcrt.dll
0x00007ffefa460000 - 0x00007ffefa4fc000 	C:\WINDOWS\System32\sechost.dll
0x00007ffefa1b0000 - 0x00007ffefa2d5000 	C:\WINDOWS\System32\RPCRT4.dll
0x00007ffefae30000 - 0x00007ffefafd0000 	C:\WINDOWS\System32\USER32.dll
0x00007ffee7eb0000 - 0x00007ffee814a000 	C:\WINDOWS\WinSxS\amd64_microsoft.windows.common-controls_6595b64144ccf1df_6.0.19041.1110_none_60b5254171f9507e\COMCTL32.dll
0x00007ffef9ae0000 - 0x00007ffef9b02000 	C:\WINDOWS\System32\win32u.dll
0x00007ffefa970000 - 0x00007ffefa99a000 	C:\WINDOWS\System32\GDI32.dll
0x00007ffef9c50000 - 0x00007ffef9d5b000 	C:\WINDOWS\System32\gdi32full.dll
0x00007ffef9a40000 - 0x00007ffef9add000 	C:\WINDOWS\System32\msvcp_win.dll
0x00007ffef7640000 - 0x00007ffef764a000 	C:\WINDOWS\SYSTEM32\VERSION.dll
0x00007ffefb4a0000 - 0x00007ffefb4d0000 	C:\WINDOWS\System32\IMM32.DLL
0x00007ffef4f10000 - 0x00007ffef4fba000 	C:\Program Files\Java\jdk-12\bin\msvcp140.dll
0x00007ffec2d00000 - 0x00007ffec3874000 	C:\Program Files\Java\jdk-12\bin\server\jvm.dll
0x00007ffefb230000 - 0x00007ffefb238000 	C:\WINDOWS\System32\PSAPI.DLL
0x00007ffeee940000 - 0x00007ffeee967000 	C:\WINDOWS\SYSTEM32\WINMM.dll
0x00007ffee1730000 - 0x00007ffee1739000 	C:\WINDOWS\SYSTEM32\WSOCK32.dll
0x00007ffefafd0000 - 0x00007ffefb03b000 	C:\WINDOWS\System32\ws2_32.DLL
0x00007ffef8100000 - 0x00007ffef8112000 	C:\WINDOWS\SYSTEM32\kernel.appcore.dll
0x00007ffef4ef0000 - 0x00007ffef4f01000 	C:\Program Files\Java\jdk-12\bin\verify.dll
0x00007ffee3570000 - 0x00007ffee3754000 	C:\WINDOWS\SYSTEM32\DBGHELP.DLL
0x00007ffee3260000 - 0x00007ffee328c000 	C:\WINDOWS\SYSTEM32\dbgcore.DLL
0x00007ffef9b10000 - 0x00007ffef9b92000 	C:\WINDOWS\System32\bcryptPrimitives.dll
0x00007ffef4ec0000 - 0x00007ffef4ee6000 	C:\Program Files\Java\jdk-12\bin\java.dll
0x00007ffef5030000 - 0x00007ffef503e000 	C:\Program Files\Java\jdk-12\bin\instrument.dll
0x00007ffef4ea0000 - 0x00007ffef4eb7000 	C:\Program Files\Java\jdk-12\bin\zip.dll
0x00007ffef7670000 - 0x00007ffef767a000 	C:\Program Files\Java\jdk-12\bin\jimage.dll
0x00007ffefb5b0000 - 0x00007ffefbcf4000 	C:\WINDOWS\System32\SHELL32.dll
0x00007ffef7950000 - 0x00007ffef80e4000 	C:\WINDOWS\SYSTEM32\windows.storage.dll
0x00007ffefa9a0000 - 0x00007ffefacf4000 	C:\WINDOWS\System32\combase.dll
0x00007ffef92d0000 - 0x00007ffef92fc000 	C:\WINDOWS\SYSTEM32\Wldp.dll
0x00007ffefbfe0000 - 0x00007ffefc08d000 	C:\WINDOWS\System32\SHCORE.dll
0x00007ffefa400000 - 0x00007ffefa455000 	C:\WINDOWS\System32\shlwapi.dll
0x00007ffef97b0000 - 0x00007ffef97cf000 	C:\WINDOWS\SYSTEM32\profapi.dll
0x00007ffef3a40000 - 0x00007ffef3a59000 	C:\Program Files\Java\jdk-12\bin\net.dll
0x00007ffee84a0000 - 0x00007ffee868c000 	C:\WINDOWS\SYSTEM32\urlmon.dll
0x00007ffee8690000 - 0x00007ffee879a000 	C:\WINDOWS\SYSTEM32\WINHTTP.dll
0x00007ffeec570000 - 0x00007ffeec598000 	C:\WINDOWS\SYSTEM32\srvcli.dll
0x00007ffee8bd0000 - 0x00007ffee8e81000 	C:\WINDOWS\SYSTEM32\iertutil.dll
0x00007ffef8de0000 - 0x00007ffef8dec000 	C:\WINDOWS\SYSTEM32\netutils.dll
0x00007ffef9030000 - 0x00007ffef909a000 	C:\WINDOWS\system32\mswsock.dll
0x00007ffef3a20000 - 0x00007ffef3a33000 	C:\Program Files\Java\jdk-12\bin\nio.dll
0x00007ffef1340000 - 0x00007ffef135a000 	C:\Program Files\JetBrains\IntelliJ IDEA 2020.2.3\bin\breakgen64.dll
0x00007ffef3a10000 - 0x00007ffef3a19000 	C:\Program Files\Java\jdk-12\bin\management.dll
0x00007ffef1330000 - 0x00007ffef133c000 	C:\Program Files\Java\jdk-12\bin\management_ext.dll
0x00007ffee0d50000 - 0x00007ffee0d67000 	C:\WINDOWS\system32\napinsp.dll
0x00007ffee0c30000 - 0x00007ffee0c4b000 	C:\WINDOWS\system32\pnrpnsp.dll
0x00007ffef3e20000 - 0x00007ffef3e35000 	C:\WINDOWS\system32\wshbth.dll
0x00007ffef4b50000 - 0x00007ffef4b6d000 	C:\WINDOWS\system32\NLAapi.dll
0x00007ffef8cd0000 - 0x00007ffef8d0b000 	C:\WINDOWS\SYSTEM32\IPHLPAPI.DLL
0x00007ffef8d10000 - 0x00007ffef8ddb000 	C:\WINDOWS\SYSTEM32\DNSAPI.dll
0x00007ffefadc0000 - 0x00007ffefadc8000 	C:\WINDOWS\System32\NSI.dll
0x00007ffee1510000 - 0x00007ffee1522000 	C:\WINDOWS\System32\winrnr.dll
0x00007ffef0ba0000 - 0x00007ffef0baa000 	C:\Windows\System32\rasadhlp.dll
0x00007ffee6a40000 - 0x00007ffee6ac0000 	C:\WINDOWS\System32\fwpuclnt.dll
0x00007ffef9d60000 - 0x00007ffef9d87000 	C:\WINDOWS\System32\bcrypt.dll
0x00007ffef9230000 - 0x00007ffef9248000 	C:\WINDOWS\SYSTEM32\CRYPTSP.dll
0x00007ffef8940000 - 0x00007ffef8974000 	C:\WINDOWS\system32\rsaenh.dll
0x00007ffef9770000 - 0x00007ffef979e000 	C:\WINDOWS\SYSTEM32\USERENV.dll
0x00007ffef9220000 - 0x00007ffef922c000 	C:\WINDOWS\SYSTEM32\CRYPTBASE.dll
0x00007ffef1710000 - 0x00007ffef1727000 	C:\WINDOWS\SYSTEM32\dhcpcsvc6.DLL
0x00007ffef1660000 - 0x00007ffef167d000 	C:\WINDOWS\SYSTEM32\dhcpcsvc.DLL

dbghelp: loaded successfully - version: 4.0.5 - missing functions: none
symbol engine: initialized successfully - sym options: 0x614 - pdb path: .;C:\Program Files\Java\jdk-12\bin;C:\WINDOWS\SYSTEM32;C:\WINDOWS\WinSxS\amd64_microsoft.windows.common-controls_6595b64144ccf1df_6.0.19041.1110_none_60b5254171f9507e;C:\Program Files\Java\jdk-12\bin\server;C:\Program Files\JetBrains\IntelliJ IDEA 2020.2.3\bin

VM Arguments:
jvm_args: -ea -Didea.test.cyclic.buffer.size=1048576 -javaagent:C:\Program Files\JetBrains\IntelliJ IDEA 2020.2.3\lib\idea_rt.jar=1039:C:\Program Files\JetBrains\IntelliJ IDEA 2020.2.3\bin -Dfile.encoding=UTF-8 
java_command: com.intellij.rt.junit.JUnitStarter -ideVersion5 -junit5 @w@C:\Users\steve\AppData\Local\Temp\idea_working_dirs_junit.tmp @C:\Users\steve\AppData\Local\Temp\idea_junit.tmp -socket1038
java_class_path (initial): C:\Program Files\JetBrains\IntelliJ IDEA 2020.2.3\lib\idea_rt.jar;C:\Users\steve\.m2\repository\org\junit\platform\junit-platform-launcher\1.8.2\junit-platform-launcher-1.8.2.jar;C:\Users\steve\.m2\repository\org\junit\vintage\junit-vintage-engine\5.8.2\junit-vintage-engine-5.8.2.jar;C:\Users\steve\.m2\repository\org\hamcrest\hamcrest-core\1.3\hamcrest-core-1.3.jar;C:\Program Files\JetBrains\IntelliJ IDEA 2020.2.3\plugins\junit\lib\junit5-rt.jar;C:\Program Files\JetBrains\IntelliJ IDEA 2020.2.3\plugins\junit\lib\junit-rt.jar;C:\Users\steve\Desktop\Cours\M1\WebService\tespring\j2eetd\back\target\test-classes;C:\Users\steve\Desktop\Cours\M1\WebService\tespring\j2eetd\back\target\classes;C:\Users\steve\.m2\repository\org\springframework\boot\spring-boot-starter-data-jpa\2.6.7\spring-boot-starter-data-jpa-2.6.7.jar;C:\Users\steve\.m2\repository\org\springframework\boot\spring-boot-starter-aop\2.6.7\spring-boot-starter-aop-2.6.7.jar;C:\Users\steve\.m2\repository\org\aspectj\aspectjweaver\1.9.7\aspectjweaver-1.9.7.jar;C:\Users\steve\.m2\repository\org\springframework\boot\spring-boot-starter-jdbc\2.6.7\spring-boot-starter-jdbc-2.6.7.jar;C:\Users\steve\.m2\repository\com\zaxxer\HikariCP\4.0.3\HikariCP-4.0.3.jar;C:\Users\steve\.m2\repository\org\springframework\spring-jdbc\5.3.19\spring-jdbc-5.3.19.jar;C:\Users\steve\.m2\repository\jakarta\transaction\jakarta.transaction-api\1.3.3\jakarta.transaction-api-1.3.3.jar;C:\Users\steve\.m2\repository\jakarta\persistence\jakarta.persistence-api\2.2.3\jakarta.persistence-api-2.2.3.jar;C:\Users\steve\.m2\repository\org\hibernate\hibernate-core\5.6.8.Final\hibernate-core-5.6.8.Final.jar;C:\Users\steve\.m2\repository\org\jboss\logging\jboss-logging\3.4.3.Final\jboss-logging-3.4.3.Final.jar;C:\Users\steve\.m2\repository\net\bytebuddy\byte-buddy\1.11.22\byte-buddy-1.11.22.jar;C:\Users\steve\.m2\repository\antlr\antlr\2.7.7\antlr-2.7.7.jar;C:\Users\steve\.m2\repository\org\jboss\jandex\2.4.2.Final\jandex-2.4.2
Launcher Type: SUN_STANDARD

[Global flags]
     intx CICompilerCount                          = 4                                         {product} {ergonomic}
     uint ConcGCThreads                            = 2                                         {product} {ergonomic}
     uint G1ConcRefinementThreads                  = 8                                         {product} {ergonomic}
   size_t G1HeapRegionSize                         = 1048576                                   {product} {ergonomic}
    uintx GCDrainStackTargetSize                   = 64                                        {product} {ergonomic}
   size_t InitialHeapSize                          = 268435456                                 {product} {ergonomic}
   size_t MarkStackSize                            = 4194304                                   {product} {ergonomic}
   size_t MaxHeapSize                              = 4265607168                                {product} {ergonomic}
   size_t MaxNewSize                               = 2558525440                                {product} {ergonomic}
   size_t MinHeapDeltaBytes                        = 1048576                                   {product} {ergonomic}
    uintx NonNMethodCodeHeapSize                   = 5836300                                {pd product} {ergonomic}
    uintx NonProfiledCodeHeapSize                  = 122910970                              {pd product} {ergonomic}
    uintx ProfiledCodeHeapSize                     = 122910970                              {pd product} {ergonomic}
    uintx ReservedCodeCacheSize                    = 251658240                              {pd product} {ergonomic}
     bool SegmentedCodeCache                       = true                                      {product} {ergonomic}
     bool UseCompressedClassPointers               = true                                 {lp64_product} {ergonomic}
     bool UseCompressedOops                        = true                                 {lp64_product} {ergonomic}
     bool UseG1GC                                  = true                                      {product} {ergonomic}
     bool UseLargePagesIndividualAllocation        = false                                  {pd product} {ergonomic}

Logging:
Log output configuration:
 #0: stdout all=warning uptime,level,tags
 #1: stderr all=off uptime,level,tags

Environment Variables:
JAVA_HOME=C:\Program Files\Java\jdk-10.0.1
PATH=C:\Program Files\Microsoft MPI\Bin\;E:\SQLappli\app\oracle\product\11.2.0\server\bin;C:\Program Files (x86)\Common Files\Oracle\Java\javapath;C:\Program Files (x86)\Intel\iCLS Client\;C:\Program Files\Intel\iCLS Client\;C:\Windows\system32;C:\Windows;C:\Windows\System32\Wbem;C:\Windows\System32\WindowsPowerShell\v1.0\;C:\Program Files (x86)\Intel\Intel(R) Management Engine Components\DAL;C:\Program Files\Intel\Intel(R) Management Engine Components\DAL;C:\Program Files (x86)\Intel\Intel(R) Management Engine Components\IPT;C:\Program Files\Intel\Intel(R) Management Engine Components\IPT;C:\Program Files (x86)\NVIDIA Corporation\PhysX\Common;C:\WINDOWS\system32;C:\WINDOWS;C:\WINDOWS\System32\Wbem;C:\WINDOWS\System32\WindowsPowerShell\v1.0\;C:\WINDOWS\System32\OpenSSH\;C:\Program Files\Git LFS;C:\Program Files\PuTTY\;C:\wamp64\bin\php\php7.4.1;C:\wamp64\bin\php\php7.3.1;C:\ProgramData\ComposerSetup\bin;C:\Program Files\apache-maven-3.6.2\bin;C:\Program Files\nodejs\;C:\Program Files\Git\cmd;C:\Program Files\Microsoft SQL Server\Client SDK\ODBC\130\Tools\Binn\;C:\Program Files (x86)\Microsoft SQL Server\140\Tools\Binn\;C:\Program Files\Microsoft SQL Server\140\Tools\Binn\;C:\Program Files\Microsoft SQL Server\140\DTS\Binn\;C:\Program Files (x86)\Microsoft SQL Server\150\DTS\Binn\;C:\Program Files (x86)\Microsoft SQL Server\140\DTS\Binn\;C:\Program Files\Symfony;C:\Program Files (x86)\Yarn\bin\;C:\Program Files\Microsoft SQL Server\Client SDK\ODBC\170\Tools\Binn\;C:\opscode\inspec\bin\;C:\Program Files\Microsoft SQL Server\130\Tools\Binn\;C:\Program Files\Microsoft SQL Server\150\Tools\Binn\;C:\WINDOWS\system32\config\systemprofile\.dnx\bin;C:\Program Files\Microsoft DNX\Dnvm\;C:\MinGW\bin;C:\Program Files\dotnet\;C:\Program Files\MySQL\MySQL Shell 8.0\bin\;C:\Users\steve\AppData\Local\Programs\Microsoft VS Code\bin;C:\Users\steve\AppData\Roaming\npm;C:\Users\steve\AppData\Local\Yarn\bin;C:\Users\steve\AppData\Local\Microsoft\WindowsApps;C:\Users\steve\.dotnet\tools;C:\
USERNAME=Moi
OS=Windows_NT
PROCESSOR_IDENTIFIER=Intel64 Family 6 Model 158 Stepping 9, GenuineIntel



---------------  S Y S T E M  ---------------

OS: Windows 10 , 64 bit Build 19041 (10.0.19041.1741)

CPU:total 8 (initial active 8) (4 cores per cpu, 2 threads per core) family 6 model 158 stepping 9, cmov, cx8, fxsr, mmx, sse, sse2, sse3, ssse3, sse4.1, sse4.2, popcnt, avx, avx2, aes, clmul, erms, 3dnowpref, lzcnt, ht, tsc, tscinvbit, bmi1, bmi2, adx, fma

Memory: 4k page, system-wide physical 16271M (2410M free)
TotalPageFile size 22271M (AvailPageFile size 5M)
current process WorkingSet (physical memory assigned to process): 402M, peak: 402M
current process commit charge ("private bytes"): 440M, peak: 441M

vm_info: Java HotSpot(TM) 64-Bit Server VM (12+33) for windows-amd64 JRE (12+33), built on Feb 21 2019 02:31:50 by "mach5one" with MS VC++ 15.5 (VS2017)

END.
