#
# There is insufficient memory for the Java Runtime Environment to continue.
# Native memory allocation (malloc) failed to allocate 2481136 bytes for Chunk::new
# Possible reasons:
#   The system is out of physical RAM or swap space
#   The process is running with CompressedOops enabled, and the Java Heap may be blocking the growth of the native heap
# Possible solutions:
#   Reduce memory load on the system
#   Increase physical memory or swap space
#   Check if swap backing store is full
#   Decrease Java heap size (-Xmx/-Xms)
#   Decrease number of Java threads
#   Decrease Java thread stack sizes (-Xss)
#   Set larger code cache with -XX:ReservedCodeCacheSize=
#   JVM is running with Zero Based Compressed Oops mode in which the Java heap is
#     placed in the first 32GB address space. The Java Heap base address is the
#     maximum limit for the native heap growth. Please use -XX:HeapBaseMinAddress
#     to set the Java Heap base and to place the Java Heap above 32GB virtual address.
# This output file may be truncated or incomplete.
#
#  Out of Memory Error (t:/workspace/open/src/hotspot/share/memory/arena.cpp:197), pid=11956, tid=25856
#
# JRE version: Java(TM) SE Runtime Environment (12.0+33) (build 12+33)
# Java VM: Java HotSpot(TM) 64-Bit Server VM (12+33, mixed mode, sharing, tiered, compressed oops, g1 gc, windows-amd64)
# No core dump will be written. Minidumps are not enabled by default on client versions of Windows
#

---------------  S U M M A R Y ------------

Command Line: -agentlib:jdwp=transport=dt_socket,address=127.0.0.1:30515,suspend=y,server=n -ea -Didea.test.cyclic.buffer.size=1048576 -javaagent:C:\Users\steve\AppData\Local\JetBrains\IntelliJIdea2020.2\captureAgent\debugger-agent.jar -Dfile.encoding=UTF-8 com.intellij.rt.junit.JUnitStarter -ideVersion5 -junit5 com.akane.j2eetd.charactergames.CharactergameServiceTest,testIncrementCharacter

Host: Intel(R) Core(TM) i7-7700HQ CPU @ 2.80GHz, 8 cores, 15G,  Windows 10 , 64 bit Build 19041 (10.0.19041.1741)
Time: Sun Jul  3 17:53:12 2022 Paris, Madrid (heure d’été) elapsed time: 11 seconds (0d 0h 0m 11s)

---------------  T H R E A D  ---------------

Current thread (0x00000246e98ec800):  JavaThread "C2 CompilerThread0" daemon [_thread_in_native, id=25856, stack(0x0000007eb5b00000,0x0000007eb5c00000)]


Current CompileTask:
C2:  11654 6150   !   4       org.springframework.util.ClassUtils::getMostSpecificMethod (72 bytes)

Stack: [0x0000007eb5b00000,0x0000007eb5c00000]
Native frames: (J=compiled Java code, j=interpreted, Vv=VM code, C=native code)
V  [jvm.dll+0x63948a]
V  [jvm.dll+0x78b31f]
V  [jvm.dll+0x78c9c1]
V  [jvm.dll+0x78d013]
V  [jvm.dll+0x262138]
V  [jvm.dll+0xc582c]
V  [jvm.dll+0xc5dac]
V  [jvm.dll+0x3796a7]
V  [jvm.dll+0x1aee00]
V  [jvm.dll+0x21c142]
V  [jvm.dll+0x21b20a]
V  [jvm.dll+0x199890]
V  [jvm.dll+0x22a534]
V  [jvm.dll+0x228b88]
V  [jvm.dll+0x74f660]
V  [jvm.dll+0x748648]
V  [jvm.dll+0x638566]
C  [ucrtbase.dll+0x21bb2]
C  [KERNEL32.DLL+0x17034]
C  [ntdll.dll+0x52651]


---------------  P R O C E S S  ---------------

Threads class SMR info:
_java_thread_list=0x00000246ed1b2c90, length=17, elements={
0x00000246c3fbd800, 0x00000246e98ca800, 0x00000246e98cc000, 0x00000246e98e7800,
0x00000246e98ea000, 0x00000246e98ec800, 0x00000246ea17a000, 0x00000246ea1a3800,
0x00000246ea2c2800, 0x00000246ea2cf800, 0x00000246ea384800, 0x00000246ea42d000,
0x00000246ea42e000, 0x00000246eab0c000, 0x00000246eeda6800, 0x00000246ee30a800,
0x00000246ed277800
}

Java Threads: ( => current thread )
  0x00000246c3fbd800 JavaThread "main" [_thread_in_vm, id=17196, stack(0x0000007eb5000000,0x0000007eb5100000)]
  0x00000246e98ca800 JavaThread "Reference Handler" daemon [_thread_blocked, id=28364, stack(0x0000007eb5700000,0x0000007eb5800000)]
  0x00000246e98cc000 JavaThread "Finalizer" daemon [_thread_blocked, id=27156, stack(0x0000007eb5800000,0x0000007eb5900000)]
  0x00000246e98e7800 JavaThread "Signal Dispatcher" daemon [_thread_blocked, id=18336, stack(0x0000007eb5900000,0x0000007eb5a00000)]
  0x00000246e98ea000 JavaThread "Attach Listener" daemon [_thread_blocked, id=25608, stack(0x0000007eb5a00000,0x0000007eb5b00000)]
=>0x00000246e98ec800 JavaThread "C2 CompilerThread0" daemon [_thread_in_native, id=25856, stack(0x0000007eb5b00000,0x0000007eb5c00000)]
  0x00000246ea17a000 JavaThread "C1 CompilerThread0" daemon [_thread_in_native, id=26688, stack(0x0000007eb5c00000,0x0000007eb5d00000)]
  0x00000246ea1a3800 JavaThread "Sweeper thread" daemon [_thread_blocked, id=7840, stack(0x0000007eb5d00000,0x0000007eb5e00000)]
  0x00000246ea2c2800 JavaThread "Common-Cleaner" daemon [_thread_blocked, id=14276, stack(0x0000007eb5e00000,0x0000007eb5f00000)]
  0x00000246ea2cf800 JavaThread "C2 CompilerThread1" daemon [_thread_in_native, id=3496, stack(0x0000007eb5f00000,0x0000007eb6000000)]
  0x00000246ea384800 JavaThread "JDWP Transport Listener: dt_socket" daemon [_thread_blocked, id=22012, stack(0x0000007eb6000000,0x0000007eb6100000)]
  0x00000246ea42d000 JavaThread "JDWP Event Helper Thread" daemon [_thread_blocked, id=27424, stack(0x0000007eb6100000,0x0000007eb6200000)]
  0x00000246ea42e000 JavaThread "JDWP Command Reader" daemon [_thread_in_native, id=25648, stack(0x0000007eb6200000,0x0000007eb6300000)]
  0x00000246eab0c000 JavaThread "Service Thread" daemon [_thread_blocked, id=688, stack(0x0000007eb6300000,0x0000007eb6400000)]
  0x00000246eeda6800 JavaThread "mysql-cj-abandoned-connection-cleanup" daemon [_thread_blocked, id=15056, stack(0x0000007eb6a00000,0x0000007eb6b00000)]
  0x00000246ee30a800 JavaThread "HikariPool-1 housekeeper" daemon [_thread_blocked, id=14988, stack(0x0000007eb6d00000,0x0000007eb6e00000)]
  0x00000246ed277800 JavaThread "C2 CompilerThread2" daemon [_thread_in_native, id=16688, stack(0x0000007eb6b00000,0x0000007eb6c00000)]

Other Threads:
  0x00000246e98c8800 VMThread "VM Thread" [stack: 0x0000007eb5600000,0x0000007eb5700000] [id=27284]
  0x00000246eab0d000 WatcherThread [stack: 0x0000007eb6400000,0x0000007eb6500000] [id=13612]
  0x00000246c4023800 GCTaskThread "GC Thread#0" [stack: 0x0000007eb5100000,0x0000007eb5200000] [id=7264]
  0x00000246eafb9000 GCTaskThread "GC Thread#1" [stack: 0x0000007eb6500000,0x0000007eb6600000] [id=9796]
  0x00000246eafb9800 GCTaskThread "GC Thread#2" [stack: 0x0000007eb6600000,0x0000007eb6700000] [id=17704]
  0x00000246eb1b8800 GCTaskThread "GC Thread#3" [stack: 0x0000007eb6700000,0x0000007eb6800000] [id=15820]
  0x00000246eb1b9800 GCTaskThread "GC Thread#4" [stack: 0x0000007eb6800000,0x0000007eb6900000] [id=5332]
  0x00000246eac3c000 GCTaskThread "GC Thread#5" [stack: 0x0000007eb6900000,0x0000007eb6a00000] [id=27128]
  0x00000246c403d000 ConcurrentGCThread "G1 Main Marker" [stack: 0x0000007eb5200000,0x0000007eb5300000] [id=26020]
  0x00000246c4041000 ConcurrentGCThread "G1 Conc#0" [stack: 0x0000007eb5300000,0x0000007eb5400000] [id=27280]
  0x00000246ed220800 ConcurrentGCThread "G1 Conc#1" [stack: 0x0000007eb6c00000,0x0000007eb6d00000] [id=2152]
  0x00000246e97c5800 ConcurrentGCThread "G1 Refine#0" [stack: 0x0000007eb5400000,0x0000007eb5500000] [id=27880]
  0x00000246e97c8000 ConcurrentGCThread "G1 Young RemSet Sampling" [stack: 0x0000007eb5500000,0x0000007eb5600000] [id=14588]

Threads with active compile tasks:
C2 CompilerThread0  6150   !   4       org.springframework.util.ClassUtils::getMostSpecificMethod (72 bytes)
C2 CompilerThread1  6145 %     4       org.springframework.util.ReflectionUtils::findMethod @ 51 (109 bytes)
C2 CompilerThread2  6148   !   4       org.springframework.util.ReflectionUtils::getDeclaredMethods (209 bytes)

VM state:not at safepoint (normal execution)

VM Mutex/Monitor currently owned by a thread: None

Heap address: 0x0000000701c00000, size: 4068 MB, Compressed Oops mode: Zero based, Oop shift amount: 3
Narrow klass base: 0x0000000800000000, Narrow klass shift: 3
Compressed class space size: 1073741824 Address: 0x00000008011a0000

Heap:
 garbage-first heap   total 132096K, used 73944K [0x0000000701c00000, 0x0000000800000000)
  region size 1024K, 41 young (41984K), 2 survivors (2048K)
 Metaspace       used 65110K, capacity 67245K, committed 67584K, reserved 1107968K
  class space    used 8590K, capacity 9383K, committed 9472K, reserved 1048576K
Heap Regions: E=young(eden), S=young(survivor), O=old, HS=humongous(starts), HC=humongous(continues), CS=collection set, F=free, A=archive, TAMS=top-at-mark-start (previous, next)
|   0|0x0000000701c00000, 0x0000000701d00000, 0x0000000701d00000|100%|HS|  |TAMS 0x0000000701d00000, 0x0000000701c00000| Complete 
|   1|0x0000000701d00000, 0x0000000701e00000, 0x0000000701e00000|100%| O|  |TAMS 0x0000000701e00000, 0x0000000701d00000| Untracked 
|   2|0x0000000701e00000, 0x0000000701f00000, 0x0000000701f00000|100%| O|  |TAMS 0x0000000701f00000, 0x0000000701e00000| Untracked 
|   3|0x0000000701f00000, 0x0000000702000000, 0x0000000702000000|100%| O|  |TAMS 0x0000000702000000, 0x0000000701f00000| Untracked 
|   4|0x0000000702000000, 0x000000070206e800, 0x0000000702100000| 43%| O|  |TAMS 0x000000070206e800, 0x0000000702000000| Untracked 
|   5|0x0000000702100000, 0x0000000702200000, 0x0000000702200000|100%| O|  |TAMS 0x0000000702200000, 0x0000000702100000| Untracked 
|   6|0x0000000702200000, 0x0000000702300000, 0x0000000702300000|100%| O|  |TAMS 0x0000000702300000, 0x0000000702200000| Untracked 
|   7|0x0000000702300000, 0x0000000702400000, 0x0000000702400000|100%| O|  |TAMS 0x0000000702400000, 0x0000000702300000| Untracked 
|   8|0x0000000702400000, 0x0000000702500000, 0x0000000702500000|100%| O|  |TAMS 0x0000000702500000, 0x0000000702400000| Untracked 
|   9|0x0000000702500000, 0x0000000702600000, 0x0000000702600000|100%| O|  |TAMS 0x0000000702600000, 0x0000000702500000| Untracked 
|  10|0x0000000702600000, 0x0000000702700000, 0x0000000702700000|100%| O|  |TAMS 0x0000000702700000, 0x0000000702600000| Untracked 
|  11|0x0000000702700000, 0x0000000702800000, 0x0000000702800000|100%| O|  |TAMS 0x0000000702800000, 0x0000000702700000| Untracked 
|  12|0x0000000702800000, 0x0000000702900000, 0x0000000702900000|100%| O|  |TAMS 0x0000000702900000, 0x0000000702800000| Untracked 
|  13|0x0000000702900000, 0x0000000702a00000, 0x0000000702a00000|100%| O|  |TAMS 0x0000000702a00000, 0x0000000702900000| Untracked 
|  14|0x0000000702a00000, 0x0000000702aaee00, 0x0000000702b00000| 68%| O|  |TAMS 0x0000000702aaee00, 0x0000000702a00000| Untracked 
|  15|0x0000000702b00000, 0x0000000702c00000, 0x0000000702c00000|100%| O|  |TAMS 0x0000000702c00000, 0x0000000702b00000| Untracked 
|  16|0x0000000702c00000, 0x0000000702d00000, 0x0000000702d00000|100%| O|  |TAMS 0x0000000702d00000, 0x0000000702c00000| Untracked 
|  17|0x0000000702d00000, 0x0000000702e00000, 0x0000000702e00000|100%| O|  |TAMS 0x0000000702e00000, 0x0000000702d00000| Untracked 
|  18|0x0000000702e00000, 0x0000000702f00000, 0x0000000702f00000|100%| O|  |TAMS 0x0000000702f00000, 0x0000000702e00000| Untracked 
|  19|0x0000000702f00000, 0x0000000703000000, 0x0000000703000000|100%| O|  |TAMS 0x0000000703000000, 0x0000000702f00000| Untracked 
|  20|0x0000000703000000, 0x0000000703100000, 0x0000000703100000|100%| O|  |TAMS 0x0000000703100000, 0x0000000703000000| Untracked 
|  21|0x0000000703100000, 0x0000000703200000, 0x0000000703200000|100%| O|  |TAMS 0x0000000703200000, 0x0000000703100000| Untracked 
|  22|0x0000000703200000, 0x0000000703300000, 0x0000000703300000|100%| O|  |TAMS 0x0000000703231a00, 0x0000000703200000| Untracked 
|  23|0x0000000703300000, 0x0000000703400000, 0x0000000703400000|100%| O|  |TAMS 0x0000000703300000, 0x0000000703300000| Untracked 
|  24|0x0000000703400000, 0x0000000703500000, 0x0000000703500000|100%| O|  |TAMS 0x0000000703400000, 0x0000000703400000| Untracked 
|  25|0x0000000703500000, 0x0000000703600000, 0x0000000703600000|100%| O|  |TAMS 0x0000000703500000, 0x0000000703500000| Untracked 
|  26|0x0000000703600000, 0x0000000703700000, 0x0000000703700000|100%| O|  |TAMS 0x0000000703600000, 0x0000000703600000| Untracked 
|  27|0x0000000703700000, 0x0000000703700000, 0x0000000703800000|  0%| F|  |TAMS 0x0000000703700000, 0x0000000703700000| Untracked 
|  28|0x0000000703800000, 0x0000000703900000, 0x0000000703900000|100%| O|  |TAMS 0x0000000703800000, 0x0000000703800000| Untracked 
|  29|0x0000000703900000, 0x0000000703a00000, 0x0000000703a00000|100%| O|  |TAMS 0x0000000703900000, 0x0000000703900000| Untracked 
|  30|0x0000000703a00000, 0x0000000703b00000, 0x0000000703b00000|100%| O|  |TAMS 0x0000000703a00000, 0x0000000703a00000| Untracked 
|  31|0x0000000703b00000, 0x0000000703c00000, 0x0000000703c00000|100%| O|  |TAMS 0x0000000703b00000, 0x0000000703b00000| Untracked 
|  32|0x0000000703c00000, 0x0000000703c00000, 0x0000000703d00000|  0%| F|  |TAMS 0x0000000703c00000, 0x0000000703c00000| Untracked 
|  33|0x0000000703d00000, 0x0000000703e00000, 0x0000000703e00000|100%| O|  |TAMS 0x0000000703d00000, 0x0000000703d00000| Untracked 
|  34|0x0000000703e00000, 0x0000000703f00000, 0x0000000703f00000|100%| O|  |TAMS 0x0000000703e00000, 0x0000000703e00000| Untracked 
|  35|0x0000000703f00000, 0x0000000703fe1000, 0x0000000704000000| 87%| O|  |TAMS 0x0000000703f00000, 0x0000000703f00000| Untracked 
|  36|0x0000000704000000, 0x0000000704000000, 0x0000000704100000|  0%| F|  |TAMS 0x0000000704000000, 0x0000000704000000| Untracked 
|  37|0x0000000704100000, 0x0000000704100000, 0x0000000704200000|  0%| F|  |TAMS 0x0000000704100000, 0x0000000704100000| Untracked 
|  38|0x0000000704200000, 0x0000000704200000, 0x0000000704300000|  0%| F|  |TAMS 0x0000000704200000, 0x0000000704200000| Untracked 
|  39|0x0000000704300000, 0x0000000704300000, 0x0000000704400000|  0%| F|  |TAMS 0x0000000704300000, 0x0000000704300000| Untracked 
|  40|0x0000000704400000, 0x0000000704400000, 0x0000000704500000|  0%| F|  |TAMS 0x0000000704400000, 0x0000000704400000| Untracked 
|  41|0x0000000704500000, 0x0000000704500000, 0x0000000704600000|  0%| F|  |TAMS 0x0000000704500000, 0x0000000704500000| Untracked 
|  42|0x0000000704600000, 0x0000000704600000, 0x0000000704700000|  0%| F|  |TAMS 0x0000000704600000, 0x0000000704600000| Untracked 
|  43|0x0000000704700000, 0x0000000704700000, 0x0000000704800000|  0%| F|  |TAMS 0x0000000704700000, 0x0000000704700000| Untracked 
|  44|0x0000000704800000, 0x0000000704800000, 0x0000000704900000|  0%| F|  |TAMS 0x0000000704800000, 0x0000000704800000| Untracked 
|  45|0x0000000704900000, 0x0000000704900000, 0x0000000704a00000|  0%| F|  |TAMS 0x0000000704900000, 0x0000000704900000| Untracked 
|  46|0x0000000704a00000, 0x0000000704a00000, 0x0000000704b00000|  0%| F|  |TAMS 0x0000000704a00000, 0x0000000704a00000| Untracked 
|  47|0x0000000704b00000, 0x0000000704b00000, 0x0000000704c00000|  0%| F|  |TAMS 0x0000000704b00000, 0x0000000704b00000| Untracked 
|  48|0x0000000704c00000, 0x0000000704c00000, 0x0000000704d00000|  0%| F|  |TAMS 0x0000000704c00000, 0x0000000704c00000| Untracked 
|  49|0x0000000704d00000, 0x0000000704d00000, 0x0000000704e00000|  0%| F|  |TAMS 0x0000000704d00000, 0x0000000704d00000| Untracked 
|  50|0x0000000704e00000, 0x0000000704e00000, 0x0000000704f00000|  0%| F|  |TAMS 0x0000000704e00000, 0x0000000704e00000| Untracked 
|  51|0x0000000704f00000, 0x0000000704f00000, 0x0000000705000000|  0%| F|  |TAMS 0x0000000704f00000, 0x0000000704f00000| Untracked 
|  52|0x0000000705000000, 0x0000000705000000, 0x0000000705100000|  0%| F|  |TAMS 0x0000000705000000, 0x0000000705000000| Untracked 
|  53|0x0000000705100000, 0x0000000705100000, 0x0000000705200000|  0%| F|  |TAMS 0x0000000705100000, 0x0000000705100000| Untracked 
|  54|0x0000000705200000, 0x0000000705200000, 0x0000000705300000|  0%| F|  |TAMS 0x0000000705200000, 0x0000000705200000| Untracked 
|  55|0x0000000705300000, 0x0000000705300000, 0x0000000705400000|  0%| F|  |TAMS 0x0000000705300000, 0x0000000705300000| Untracked 
|  56|0x0000000705400000, 0x0000000705400000, 0x0000000705500000|  0%| F|  |TAMS 0x0000000705400000, 0x0000000705400000| Untracked 
|  57|0x0000000705500000, 0x0000000705500000, 0x0000000705600000|  0%| F|  |TAMS 0x0000000705500000, 0x0000000705500000| Untracked 
|  58|0x0000000705600000, 0x0000000705600000, 0x0000000705700000|  0%| F|  |TAMS 0x0000000705600000, 0x0000000705600000| Untracked 
|  59|0x0000000705700000, 0x0000000705700000, 0x0000000705800000|  0%| F|  |TAMS 0x0000000705700000, 0x0000000705700000| Untracked 
|  60|0x0000000705800000, 0x0000000705800000, 0x0000000705900000|  0%| F|  |TAMS 0x0000000705800000, 0x0000000705800000| Untracked 
|  61|0x0000000705900000, 0x0000000705900000, 0x0000000705a00000|  0%| F|  |TAMS 0x0000000705900000, 0x0000000705900000| Untracked 
|  62|0x0000000705a00000, 0x0000000705a00000, 0x0000000705b00000|  0%| F|  |TAMS 0x0000000705a00000, 0x0000000705a00000| Untracked 
|  63|0x0000000705b00000, 0x0000000705b00000, 0x0000000705c00000|  0%| F|  |TAMS 0x0000000705b00000, 0x0000000705b00000| Untracked 
|  64|0x0000000705c00000, 0x0000000705c00000, 0x0000000705d00000|  0%| F|  |TAMS 0x0000000705c00000, 0x0000000705c00000| Untracked 
|  65|0x0000000705d00000, 0x0000000705d00000, 0x0000000705e00000|  0%| F|  |TAMS 0x0000000705d00000, 0x0000000705d00000| Untracked 
|  66|0x0000000705e00000, 0x0000000705e00000, 0x0000000705f00000|  0%| F|  |TAMS 0x0000000705e00000, 0x0000000705e00000| Untracked 
|  67|0x0000000705f00000, 0x0000000705f00000, 0x0000000706000000|  0%| F|  |TAMS 0x0000000705f00000, 0x0000000705f00000| Untracked 
|  68|0x0000000706000000, 0x0000000706000000, 0x0000000706100000|  0%| F|  |TAMS 0x0000000706000000, 0x0000000706000000| Untracked 
|  69|0x0000000706100000, 0x0000000706100000, 0x0000000706200000|  0%| F|  |TAMS 0x0000000706100000, 0x0000000706100000| Untracked 
|  70|0x0000000706200000, 0x0000000706200000, 0x0000000706300000|  0%| F|  |TAMS 0x0000000706200000, 0x0000000706200000| Untracked 
|  71|0x0000000706300000, 0x0000000706300000, 0x0000000706400000|  0%| F|  |TAMS 0x0000000706300000, 0x0000000706300000| Untracked 
|  72|0x0000000706400000, 0x0000000706400000, 0x0000000706500000|  0%| F|  |TAMS 0x0000000706400000, 0x0000000706400000| Untracked 
|  73|0x0000000706500000, 0x0000000706500000, 0x0000000706600000|  0%| F|  |TAMS 0x0000000706500000, 0x0000000706500000| Untracked 
|  74|0x0000000706600000, 0x0000000706637b58, 0x0000000706700000| 21%| S|CS|TAMS 0x0000000706600000, 0x0000000706600000| Complete 
|  75|0x0000000706700000, 0x0000000706800000, 0x0000000706800000|100%| S|CS|TAMS 0x0000000706700000, 0x0000000706700000| Complete 
|  76|0x0000000706800000, 0x0000000706800000, 0x0000000706900000|  0%| F|  |TAMS 0x0000000706800000, 0x0000000706800000| Untracked 
|  77|0x0000000706900000, 0x0000000706900000, 0x0000000706a00000|  0%| F|  |TAMS 0x0000000706900000, 0x0000000706900000| Untracked 
|  78|0x0000000706a00000, 0x0000000706a00000, 0x0000000706b00000|  0%| F|  |TAMS 0x0000000706a00000, 0x0000000706a00000| Untracked 
|  79|0x0000000706b00000, 0x0000000706b00000, 0x0000000706c00000|  0%| F|  |TAMS 0x0000000706b00000, 0x0000000706b00000| Untracked 
|  80|0x0000000706c00000, 0x0000000706c00000, 0x0000000706d00000|  0%| F|  |TAMS 0x0000000706c00000, 0x0000000706c00000| Untracked 
|  81|0x0000000706d00000, 0x0000000706d00000, 0x0000000706e00000|  0%| F|  |TAMS 0x0000000706d00000, 0x0000000706d00000| Untracked 
|  82|0x0000000706e00000, 0x0000000706e00000, 0x0000000706f00000|  0%| F|  |TAMS 0x0000000706e00000, 0x0000000706e00000| Untracked 
|  83|0x0000000706f00000, 0x0000000706f00000, 0x0000000707000000|  0%| F|  |TAMS 0x0000000706f00000, 0x0000000706f00000| Untracked 
|  84|0x0000000707000000, 0x0000000707000000, 0x0000000707100000|  0%| F|  |TAMS 0x0000000707000000, 0x0000000707000000| Untracked 
|  85|0x0000000707100000, 0x0000000707100000, 0x0000000707200000|  0%| F|  |TAMS 0x0000000707100000, 0x0000000707100000| Untracked 
|  86|0x0000000707200000, 0x0000000707200000, 0x0000000707300000|  0%| F|  |TAMS 0x0000000707200000, 0x0000000707200000| Untracked 
|  87|0x0000000707300000, 0x0000000707300000, 0x0000000707400000|  0%| F|  |TAMS 0x0000000707300000, 0x0000000707300000| Untracked 
|  88|0x0000000707400000, 0x0000000707400000, 0x0000000707500000|  0%| F|  |TAMS 0x0000000707400000, 0x0000000707400000| Untracked 
|  89|0x0000000707500000, 0x000000070756f5d8, 0x0000000707600000| 43%| E|  |TAMS 0x0000000707500000, 0x0000000707500000| Complete 
|  90|0x0000000707600000, 0x0000000707700000, 0x0000000707700000|100%| E|CS|TAMS 0x0000000707600000, 0x0000000707600000| Complete 
|  91|0x0000000707700000, 0x0000000707800000, 0x0000000707800000|100%| E|CS|TAMS 0x0000000707700000, 0x0000000707700000| Complete 
|  92|0x0000000707800000, 0x0000000707900000, 0x0000000707900000|100%| E|CS|TAMS 0x0000000707800000, 0x0000000707800000| Complete 
|  93|0x0000000707900000, 0x0000000707a00000, 0x0000000707a00000|100%| E|CS|TAMS 0x0000000707900000, 0x0000000707900000| Complete 
|  94|0x0000000707a00000, 0x0000000707b00000, 0x0000000707b00000|100%| E|CS|TAMS 0x0000000707a00000, 0x0000000707a00000| Complete 
|  95|0x0000000707b00000, 0x0000000707c00000, 0x0000000707c00000|100%| E|CS|TAMS 0x0000000707b00000, 0x0000000707b00000| Complete 
|  96|0x0000000707c00000, 0x0000000707d00000, 0x0000000707d00000|100%| E|CS|TAMS 0x0000000707c00000, 0x0000000707c00000| Complete 
|  97|0x0000000707d00000, 0x0000000707e00000, 0x0000000707e00000|100%| E|CS|TAMS 0x0000000707d00000, 0x0000000707d00000| Complete 
|  98|0x0000000707e00000, 0x0000000707f00000, 0x0000000707f00000|100%| E|CS|TAMS 0x0000000707e00000, 0x0000000707e00000| Complete 
|  99|0x0000000707f00000, 0x0000000708000000, 0x0000000708000000|100%| E|CS|TAMS 0x0000000707f00000, 0x0000000707f00000| Complete 
| 100|0x0000000708000000, 0x0000000708100000, 0x0000000708100000|100%| E|CS|TAMS 0x0000000708000000, 0x0000000708000000| Complete 
| 101|0x0000000708100000, 0x0000000708200000, 0x0000000708200000|100%| E|CS|TAMS 0x0000000708100000, 0x0000000708100000| Complete 
| 102|0x0000000708200000, 0x0000000708300000, 0x0000000708300000|100%| E|CS|TAMS 0x0000000708200000, 0x0000000708200000| Complete 
| 103|0x0000000708300000, 0x0000000708400000, 0x0000000708400000|100%| E|CS|TAMS 0x0000000708300000, 0x0000000708300000| Complete 
| 104|0x0000000708400000, 0x0000000708500000, 0x0000000708500000|100%| E|CS|TAMS 0x0000000708400000, 0x0000000708400000| Complete 
| 105|0x0000000708500000, 0x0000000708600000, 0x0000000708600000|100%| E|CS|TAMS 0x0000000708500000, 0x0000000708500000| Complete 
| 106|0x0000000708600000, 0x0000000708700000, 0x0000000708700000|100%| E|CS|TAMS 0x0000000708600000, 0x0000000708600000| Complete 
| 107|0x0000000708700000, 0x0000000708800000, 0x0000000708800000|100%| E|CS|TAMS 0x0000000708700000, 0x0000000708700000| Complete 
| 108|0x0000000708800000, 0x0000000708900000, 0x0000000708900000|100%| E|CS|TAMS 0x0000000708800000, 0x0000000708800000| Complete 
| 109|0x0000000708900000, 0x0000000708a00000, 0x0000000708a00000|100%| E|CS|TAMS 0x0000000708900000, 0x0000000708900000| Complete 
| 110|0x0000000708a00000, 0x0000000708b00000, 0x0000000708b00000|100%| E|CS|TAMS 0x0000000708a00000, 0x0000000708a00000| Complete 
| 111|0x0000000708b00000, 0x0000000708c00000, 0x0000000708c00000|100%| E|CS|TAMS 0x0000000708b00000, 0x0000000708b00000| Complete 
| 112|0x0000000708c00000, 0x0000000708d00000, 0x0000000708d00000|100%| E|CS|TAMS 0x0000000708c00000, 0x0000000708c00000| Complete 
| 113|0x0000000708d00000, 0x0000000708e00000, 0x0000000708e00000|100%| E|CS|TAMS 0x0000000708d00000, 0x0000000708d00000| Complete 
| 114|0x0000000708e00000, 0x0000000708f00000, 0x0000000708f00000|100%| E|CS|TAMS 0x0000000708e00000, 0x0000000708e00000| Complete 
| 115|0x0000000708f00000, 0x0000000709000000, 0x0000000709000000|100%| E|CS|TAMS 0x0000000708f00000, 0x0000000708f00000| Complete 
| 116|0x0000000709000000, 0x0000000709100000, 0x0000000709100000|100%| E|CS|TAMS 0x0000000709000000, 0x0000000709000000| Complete 
| 117|0x0000000709100000, 0x0000000709200000, 0x0000000709200000|100%| E|CS|TAMS 0x0000000709100000, 0x0000000709100000| Complete 
| 118|0x0000000709200000, 0x0000000709300000, 0x0000000709300000|100%| E|CS|TAMS 0x0000000709200000, 0x0000000709200000| Complete 
| 119|0x0000000709300000, 0x0000000709400000, 0x0000000709400000|100%| E|CS|TAMS 0x0000000709300000, 0x0000000709300000| Complete 
| 120|0x0000000709400000, 0x0000000709500000, 0x0000000709500000|100%| E|CS|TAMS 0x0000000709400000, 0x0000000709400000| Complete 
| 121|0x0000000709500000, 0x0000000709600000, 0x0000000709600000|100%| E|CS|TAMS 0x0000000709500000, 0x0000000709500000| Complete 
| 122|0x0000000709600000, 0x0000000709700000, 0x0000000709700000|100%| E|CS|TAMS 0x0000000709600000, 0x0000000709600000| Complete 
| 123|0x0000000709700000, 0x0000000709800000, 0x0000000709800000|100%| E|CS|TAMS 0x0000000709700000, 0x0000000709700000| Complete 
| 124|0x0000000709800000, 0x0000000709900000, 0x0000000709900000|100%| E|CS|TAMS 0x0000000709800000, 0x0000000709800000| Complete 
| 125|0x0000000709900000, 0x0000000709a00000, 0x0000000709a00000|100%| E|CS|TAMS 0x0000000709900000, 0x0000000709900000| Complete 
| 126|0x0000000709a00000, 0x0000000709b00000, 0x0000000709b00000|100%| E|CS|TAMS 0x0000000709a00000, 0x0000000709a00000| Complete 
| 127|0x0000000709b00000, 0x0000000709c00000, 0x0000000709c00000|100%| E|CS|TAMS 0x0000000709b00000, 0x0000000709b00000| Complete 
| 255|0x0000000711b00000, 0x0000000711c00000, 0x0000000711c00000|100%| E|CS|TAMS 0x0000000711b00000, 0x0000000711b00000| Complete 

Card table byte_map: [0x00000246dde40000,0x00000246de640000] _byte_map_base: 0x00000246da632000

Marking Bits (Prev, Next): (CMBitMap*) 0x00000246c4024868, (CMBitMap*) 0x00000246c4024828
 Prev Bits: [0x00000246e2dd0000, 0x00000246e6d60000)
 Next Bits: [0x00000246dee40000, 0x00000246e2dd0000)

Polling page: 0x00000246c4090000

Metaspace:

Usage:
  Non-class:     56.51 MB capacity,    55.22 MB ( 98%) used,     1.04 MB (  2%) free+waste,   256.75 KB ( <1%) overhead. 
      Class:      9.16 MB capacity,     8.39 MB ( 92%) used,   670.16 KB (  7%) free+waste,   119.94 KB (  1%) overhead. 
       Both:     65.67 MB capacity,    63.61 MB ( 97%) used,     1.69 MB (  3%) free+waste,   376.69 KB ( <1%) overhead. 

Virtual space:
  Non-class space:       58.00 MB reserved,      56.75 MB ( 98%) committed 
      Class space:        1.00 GB reserved,       9.25 MB ( <1%) committed 
             Both:        1.06 GB reserved,      66.00 MB (  6%) committed 

Chunk freelists:
   Non-Class:  7.13 KB
       Class:  0 bytes
        Both:  7.13 KB

CodeHeap 'non-profiled nmethods': size=120000Kb used=3783Kb max_used=4493Kb free=116216Kb
 bounds [0x00000246d56a0000, 0x00000246d5b10000, 0x00000246dcbd0000]
CodeHeap 'profiled nmethods': size=120000Kb used=13084Kb max_used=13084Kb free=106915Kb
 bounds [0x00000246ce170000, 0x00000246ceeb0000, 0x00000246d56a0000]
CodeHeap 'non-nmethods': size=5760Kb used=1340Kb max_used=1478Kb free=4419Kb
 bounds [0x00000246cdbd0000, 0x00000246cde40000, 0x00000246ce170000]
 total_blobs=8139 nmethods=5269 adapters=537
 compilation: enabled
              stopped_count=0, restarted_count=0
 full_count=0

Compilation events (10 events):
Event: 11.515 Thread 0x00000246ea17a000 6266   !   2       org.springframework.beans.factory.support.AbstractBeanFactory::markBeanAsCreated (60 bytes)
Event: 11.516 Thread 0x00000246ea17a000 nmethod 6266 0x00000246ce6cd390 code [0x00000246ce6cd580, 0x00000246ce6cda00]
Event: 11.526 Thread 0x00000246ea17a000 6267       1       java.security.Provider$Service::getType (5 bytes)
Event: 11.526 Thread 0x00000246ea17a000 nmethod 6267 0x00000246d5785d90 code [0x00000246d5785f40, 0x00000246d5786078]
Event: 11.539 Thread 0x00000246ea17a000 6268       2       org.springframework.context.support.PostProcessorRegistrationDelegate$BeanPostProcessorChecker::postProcessBeforeInitialization (2 bytes)
Event: 11.539 Thread 0x00000246ea17a000 nmethod 6268 0x00000246ce497790 code [0x00000246ce497940, 0x00000246ce497ab8]
Event: 11.540 Thread 0x00000246ea17a000 6269       2       org.springframework.aop.framework.autoproxy.AbstractAutoProxyCreator::postProcessAfterInitialization (38 bytes)
Event: 11.540 Thread 0x00000246ea17a000 nmethod 6269 0x00000246ce6e1e10 code [0x00000246ce6e1fe0, 0x00000246ce6e2250]
Event: 11.540 Thread 0x00000246ea17a000 6270       2       org.springframework.aop.framework.autoproxy.AbstractAutoProxyCreator::wrapIfNecessary (172 bytes)
Event: 11.541 Thread 0x00000246ea17a000 nmethod 6270 0x00000246ce787190 code [0x00000246ce787420, 0x00000246ce787c70]

GC Heap History (10 events):
Event: 9.987 GC heap before
{Heap before GC invocations=20 (full 0):
 garbage-first heap   total 109568K, used 77542K [0x0000000701c00000, 0x0000000800000000)
  region size 1024K, 52 young (53248K), 5 survivors (5120K)
 Metaspace       used 61566K, capacity 63535K, committed 63744K, reserved 1103872K
  class space    used 8201K, capacity 8945K, committed 8960K, reserved 1048576K
}
Event: 9.999 GC heap after
{Heap after GC invocations=21 (full 0):
 garbage-first heap   total 109568K, used 32126K [0x0000000701c00000, 0x0000000800000000)
  region size 1024K, 6 young (6144K), 6 survivors (6144K)
 Metaspace       used 61566K, capacity 63535K, committed 63744K, reserved 1103872K
  class space    used 8201K, capacity 8945K, committed 8960K, reserved 1048576K
}
Event: 10.428 GC heap before
{Heap before GC invocations=21 (full 0):
 garbage-first heap   total 109568K, used 80254K [0x0000000701c00000, 0x0000000800000000)
  region size 1024K, 53 young (54272K), 6 survivors (6144K)
 Metaspace       used 63098K, capacity 65118K, committed 65280K, reserved 1105920K
  class space    used 8355K, capacity 9127K, committed 9216K, reserved 1048576K
}
Event: 10.446 GC heap after
{Heap after GC invocations=22 (full 0):
 garbage-first heap   total 109568K, used 38664K [0x0000000701c00000, 0x0000000800000000)
  region size 1024K, 7 young (7168K), 7 survivors (7168K)
 Metaspace       used 63098K, capacity 65118K, committed 65280K, reserved 1105920K
  class space    used 8355K, capacity 9127K, committed 9216K, reserved 1048576K
}
Event: 10.696 GC heap before
{Heap before GC invocations=22 (full 0):
 garbage-first heap   total 109568K, used 82696K [0x0000000701c00000, 0x0000000800000000)
  region size 1024K, 50 young (51200K), 7 survivors (7168K)
 Metaspace       used 63330K, capacity 65386K, committed 65536K, reserved 1105920K
  class space    used 8369K, capacity 9131K, committed 9216K, reserved 1048576K
}
Event: 10.707 GC heap after
{Heap after GC invocations=23 (full 0):
 garbage-first heap   total 109568K, used 37847K [0x0000000701c00000, 0x0000000800000000)
  region size 1024K, 5 young (5120K), 5 survivors (5120K)
 Metaspace       used 63330K, capacity 65386K, committed 65536K, reserved 1105920K
  class space    used 8369K, capacity 9131K, committed 9216K, reserved 1048576K
}
Event: 10.909 GC heap before
{Heap before GC invocations=23 (full 0):
 garbage-first heap   total 109568K, used 81879K [0x0000000701c00000, 0x0000000800000000)
  region size 1024K, 48 young (49152K), 5 survivors (5120K)
 Metaspace       used 63393K, capacity 65389K, committed 65536K, reserved 1105920K
  class space    used 8369K, capacity 9131K, committed 9216K, reserved 1048576K
}
Event: 10.915 GC heap after
{Heap after GC invocations=24 (full 0):
 garbage-first heap   total 132096K, used 36857K [0x0000000701c00000, 0x0000000800000000)
  region size 1024K, 3 young (3072K), 3 survivors (3072K)
 Metaspace       used 63393K, capacity 65389K, committed 65536K, reserved 1105920K
  class space    used 8369K, capacity 9131K, committed 9216K, reserved 1048576K
}
Event: 11.244 GC heap before
{Heap before GC invocations=24 (full 0):
 garbage-first heap   total 132096K, used 90105K [0x0000000701c00000, 0x0000000800000000)
  region size 1024K, 56 young (57344K), 3 survivors (3072K)
 Metaspace       used 63794K, capacity 65822K, committed 66048K, reserved 1105920K
  class space    used 8408K, capacity 9167K, committed 9216K, reserved 1048576K
}
Event: 11.247 GC heap after
{Heap after GC invocations=25 (full 0):
 garbage-first heap   total 132096K, used 35032K [0x0000000701c00000, 0x0000000800000000)
  region size 1024K, 2 young (2048K), 2 survivors (2048K)
 Metaspace       used 63794K, capacity 65822K, committed 66048K, reserved 1105920K
  class space    used 8408K, capacity 9167K, committed 9216K, reserved 1048576K
}

Deoptimization events (10 events):
Event: 11.551 Thread 0x00000246c3fbd800 Uncommon trap: reason=unhandled action=none pc=0x00000246d59941b0 method=jdk.internal.loader.BuiltinClassLoader.loadClass(Ljava/lang/String;Z)Ljava/lang/Class; @ 19 c2
Event: 11.551 Thread 0x00000246c3fbd800 Uncommon trap: reason=unhandled action=none pc=0x00000246d59941b0 method=jdk.internal.loader.BuiltinClassLoader.loadClass(Ljava/lang/String;Z)Ljava/lang/Class; @ 19 c2
Event: 11.552 Thread 0x00000246c3fbd800 Uncommon trap: reason=unhandled action=none pc=0x00000246d59941b0 method=jdk.internal.loader.BuiltinClassLoader.loadClass(Ljava/lang/String;Z)Ljava/lang/Class; @ 19 c2
Event: 11.553 Thread 0x00000246c3fbd800 Uncommon trap: reason=unhandled action=none pc=0x00000246d59941b0 method=jdk.internal.loader.BuiltinClassLoader.loadClass(Ljava/lang/String;Z)Ljava/lang/Class; @ 19 c2
Event: 11.553 Thread 0x00000246c3fbd800 Uncommon trap: reason=unhandled action=none pc=0x00000246d59941b0 method=jdk.internal.loader.BuiltinClassLoader.loadClass(Ljava/lang/String;Z)Ljava/lang/Class; @ 19 c2
Event: 11.554 Thread 0x00000246c3fbd800 Uncommon trap: reason=unhandled action=none pc=0x00000246d59941b0 method=jdk.internal.loader.BuiltinClassLoader.loadClass(Ljava/lang/String;Z)Ljava/lang/Class; @ 19 c2
Event: 11.554 Thread 0x00000246c3fbd800 Uncommon trap: reason=unhandled action=none pc=0x00000246d59941b0 method=jdk.internal.loader.BuiltinClassLoader.loadClass(Ljava/lang/String;Z)Ljava/lang/Class; @ 19 c2
Event: 11.554 Thread 0x00000246c3fbd800 Uncommon trap: reason=unhandled action=none pc=0x00000246d59941b0 method=jdk.internal.loader.BuiltinClassLoader.loadClass(Ljava/lang/String;Z)Ljava/lang/Class; @ 19 c2
Event: 11.555 Thread 0x00000246c3fbd800 Uncommon trap: reason=unhandled action=none pc=0x00000246d59941b0 method=jdk.internal.loader.BuiltinClassLoader.loadClass(Ljava/lang/String;Z)Ljava/lang/Class; @ 19 c2
Event: 11.555 Thread 0x00000246c3fbd800 Uncommon trap: reason=unhandled action=none pc=0x00000246d59941b0 method=jdk.internal.loader.BuiltinClassLoader.loadClass(Ljava/lang/String;Z)Ljava/lang/Class; @ 19 c2

Classes redefined (0 events):
No events

Internal exceptions (10 events):
Event: 11.545 Thread 0x00000246c3fbd800 Exception <a 'java/lang/ClassNotFoundException'{0x000000070830f360}: org/springframework/beans/factory/InitializingBeanCustomizer> (0x000000070830f360) thrown at [t:/workspace/open/src/hotspot/share/classfile/systemDictionary.cpp, line 235]
Event: 11.546 Thread 0x00000246c3fbd800 Exception <a 'java/lang/ClassNotFoundException'{0x000000070832aa58}: org/springframework/context/MessageSourceAwareCustomizer> (0x000000070832aa58) thrown at [t:/workspace/open/src/hotspot/share/classfile/systemDictionary.cpp, line 235]
Event: 11.547 Thread 0x00000246c3fbd800 Exception <a 'java/lang/ClassNotFoundException'{0x0000000708344ad0}: org/springframework/beans/factory/AwareCustomizer> (0x0000000708344ad0) thrown at [t:/workspace/open/src/hotspot/share/classfile/systemDictionary.cpp, line 235]
Event: 11.549 Thread 0x00000246c3fbd800 Implicit null exception at 0x00000246d580e5f2 to 0x00000246d580e6ac
Event: 11.550 Thread 0x00000246c3fbd800 Exception <a 'java/lang/ClassNotFoundException'{0x0000000708371250}: java/lang/ObjectCustomizer> (0x0000000708371250) thrown at [t:/workspace/open/src/hotspot/share/classfile/systemDictionary.cpp, line 235]
Event: 11.552 Thread 0x00000246c3fbd800 Exception <a 'java/lang/ClassNotFoundException'{0x0000000708392548}: org/springframework/security/authentication/ProviderManagerCustomizer> (0x0000000708392548) thrown at [t:/workspace/open/src/hotspot/share/classfile/systemDictionary.cpp, line 235]
Event: 11.553 Thread 0x00000246c3fbd800 Exception <a 'java/lang/ClassNotFoundException'{0x00000007083bac38}: org/springframework/security/authentication/AuthenticationManagerCustomizer> (0x00000007083bac38) thrown at [t:/workspace/open/src/hotspot/share/classfile/systemDictionary.cpp, line 235]
Event: 11.554 Thread 0x00000246c3fbd800 Exception <a 'java/lang/ClassNotFoundException'{0x00000007083d68a0}: org/springframework/context/MessageSourceAwareCustomizer> (0x00000007083d68a0) thrown at [t:/workspace/open/src/hotspot/share/classfile/systemDictionary.cpp, line 235]
Event: 11.555 Thread 0x00000246c3fbd800 Exception <a 'java/lang/ClassNotFoundException'{0x00000007083f0b80}: org/springframework/beans/factory/AwareCustomizer> (0x00000007083f0b80) thrown at [t:/workspace/open/src/hotspot/share/classfile/systemDictionary.cpp, line 235]
Event: 11.555 Thread 0x00000246c3fbd800 Exception <a 'java/lang/ClassNotFoundException'{0x000000070820ce10}: org/springframework/beans/factory/InitializingBeanCustomizer> (0x000000070820ce10) thrown at [t:/workspace/open/src/hotspot/share/classfile/systemDictionary.cpp, line 235]

Events (10 events):
Event: 11.648 loading class org/springframework/security/config/annotation/web/configurers/AbstractConfigAttributeRequestMatcherRegistry$UrlMapping
Event: 11.648 loading class org/springframework/security/config/annotation/web/configurers/AbstractConfigAttributeRequestMatcherRegistry$UrlMapping done
Event: 11.649 loading class org/springframework/security/web/util/matcher/RequestHeaderRequestMatcher
Event: 11.649 loading class org/springframework/security/web/util/matcher/RequestHeaderRequestMatcher done
Event: 11.650 loading class org/springframework/security/web/authentication/www/BasicAuthenticationEntryPoint
Event: 11.650 loading class org/springframework/security/web/authentication/www/BasicAuthenticationEntryPoint done
Event: 11.651 loading class org/springframework/security/web/authentication/HttpStatusEntryPoint
Event: 11.651 loading class org/springframework/security/web/authentication/HttpStatusEntryPoint done
Event: 11.651 loading class org/springframework/security/web/authentication/DelegatingAuthenticationEntryPoint
Event: 11.651 loading class org/springframework/security/web/authentication/DelegatingAuthenticationEntryPoint done


Dynamic libraries:
0x00007ff7710b0000 - 0x00007ff7710bf000 	C:\Program Files\Java\jdk-12\bin\java.exe
0x00007ffefc150000 - 0x00007ffefc347000 	C:\WINDOWS\SYSTEM32\ntdll.dll
0x00007ffefad00000 - 0x00007ffefadbd000 	C:\WINDOWS\System32\KERNEL32.DLL
0x00007ffef9e90000 - 0x00007ffefa15d000 	C:\WINDOWS\System32\KERNELBASE.dll
0x00007ffef9d90000 - 0x00007ffef9e90000 	C:\WINDOWS\System32\ucrtbase.dll
0x00007ffef76b0000 - 0x00007ffef76c6000 	C:\Program Files\Java\jdk-12\bin\VCRUNTIME140.dll
0x00007ffef5040000 - 0x00007ffef5058000 	C:\Program Files\Java\jdk-12\bin\jli.dll
0x00007ffefb240000 - 0x00007ffefb2ee000 	C:\WINDOWS\System32\ADVAPI32.dll
0x00007ffefbee0000 - 0x00007ffefbf7e000 	C:\WINDOWS\System32\msvcrt.dll
0x00007ffefa460000 - 0x00007ffefa4fc000 	C:\WINDOWS\System32\sechost.dll
0x00007ffefa1b0000 - 0x00007ffefa2d5000 	C:\WINDOWS\System32\RPCRT4.dll
0x00007ffefae30000 - 0x00007ffefafd0000 	C:\WINDOWS\System32\USER32.dll
0x00007ffef9ae0000 - 0x00007ffef9b02000 	C:\WINDOWS\System32\win32u.dll
0x00007ffefa970000 - 0x00007ffefa99a000 	C:\WINDOWS\System32\GDI32.dll
0x00007ffee7eb0000 - 0x00007ffee814a000 	C:\WINDOWS\WinSxS\amd64_microsoft.windows.common-controls_6595b64144ccf1df_6.0.19041.1110_none_60b5254171f9507e\COMCTL32.dll
0x00007ffef9c50000 - 0x00007ffef9d5b000 	C:\WINDOWS\System32\gdi32full.dll
0x00007ffef9a40000 - 0x00007ffef9add000 	C:\WINDOWS\System32\msvcp_win.dll
0x00007ffef7640000 - 0x00007ffef764a000 	C:\WINDOWS\SYSTEM32\VERSION.dll
0x00007ffefb4a0000 - 0x00007ffefb4d0000 	C:\WINDOWS\System32\IMM32.DLL
0x00007ffef4f10000 - 0x00007ffef4fba000 	C:\Program Files\Java\jdk-12\bin\msvcp140.dll
0x00007ffec2d00000 - 0x00007ffec3874000 	C:\Program Files\Java\jdk-12\bin\server\jvm.dll
0x00007ffefb230000 - 0x00007ffefb238000 	C:\WINDOWS\System32\PSAPI.DLL
0x00007ffee1730000 - 0x00007ffee1739000 	C:\WINDOWS\SYSTEM32\WSOCK32.dll
0x00007ffeee940000 - 0x00007ffeee967000 	C:\WINDOWS\SYSTEM32\WINMM.dll
0x00007ffefafd0000 - 0x00007ffefb03b000 	C:\WINDOWS\System32\WS2_32.dll
0x00007ffef8100000 - 0x00007ffef8112000 	C:\WINDOWS\SYSTEM32\kernel.appcore.dll
0x00007ffef4ef0000 - 0x00007ffef4f01000 	C:\Program Files\Java\jdk-12\bin\verify.dll
0x00007ffee3570000 - 0x00007ffee3754000 	C:\WINDOWS\SYSTEM32\DBGHELP.DLL
0x00007ffee3260000 - 0x00007ffee328c000 	C:\WINDOWS\SYSTEM32\dbgcore.DLL
0x00007ffef9b10000 - 0x00007ffef9b92000 	C:\WINDOWS\System32\bcryptPrimitives.dll
0x00007ffef4ec0000 - 0x00007ffef4ee6000 	C:\Program Files\Java\jdk-12\bin\java.dll
0x00007ffef1220000 - 0x00007ffef1258000 	C:\Program Files\Java\jdk-12\bin\jdwp.dll
0x00007ffef52b0000 - 0x00007ffef52be000 	C:\Program Files\Java\jdk-12\bin\instrument.dll
0x00007ffef4ea0000 - 0x00007ffef4eb7000 	C:\Program Files\Java\jdk-12\bin\zip.dll
0x00007ffef7670000 - 0x00007ffef767a000 	C:\Program Files\Java\jdk-12\bin\jimage.dll
0x00007ffefb5b0000 - 0x00007ffefbcf4000 	C:\WINDOWS\System32\SHELL32.dll
0x00007ffef7950000 - 0x00007ffef80e4000 	C:\WINDOWS\SYSTEM32\windows.storage.dll
0x00007ffefa9a0000 - 0x00007ffefacf4000 	C:\WINDOWS\System32\combase.dll
0x00007ffef92d0000 - 0x00007ffef92fc000 	C:\WINDOWS\SYSTEM32\Wldp.dll
0x00007ffefbfe0000 - 0x00007ffefc08d000 	C:\WINDOWS\System32\SHCORE.dll
0x00007ffefa400000 - 0x00007ffefa455000 	C:\WINDOWS\System32\shlwapi.dll
0x00007ffef97b0000 - 0x00007ffef97cf000 	C:\WINDOWS\SYSTEM32\profapi.dll
0x00007ffef5030000 - 0x00007ffef503a000 	C:\Program Files\Java\jdk-12\bin\dt_socket.dll
0x00007ffef9030000 - 0x00007ffef909a000 	C:\WINDOWS\system32\mswsock.dll
0x00007ffef3a40000 - 0x00007ffef3a59000 	C:\Program Files\Java\jdk-12\bin\net.dll
0x00007ffee8690000 - 0x00007ffee879a000 	C:\WINDOWS\SYSTEM32\WINHTTP.dll
0x00007ffee84a0000 - 0x00007ffee868c000 	C:\WINDOWS\SYSTEM32\urlmon.dll
0x00007ffee8bd0000 - 0x00007ffee8e81000 	C:\WINDOWS\SYSTEM32\iertutil.dll
0x00007ffef8de0000 - 0x00007ffef8dec000 	C:\WINDOWS\SYSTEM32\netutils.dll
0x00007ffeec570000 - 0x00007ffeec598000 	C:\WINDOWS\SYSTEM32\srvcli.dll
0x00007ffef3a20000 - 0x00007ffef3a33000 	C:\Program Files\Java\jdk-12\bin\nio.dll
0x00007ffef3a10000 - 0x00007ffef3a19000 	C:\Program Files\Java\jdk-12\bin\management.dll
0x00007ffef1210000 - 0x00007ffef121c000 	C:\Program Files\Java\jdk-12\bin\management_ext.dll
0x00007ffee0d50000 - 0x00007ffee0d67000 	C:\WINDOWS\system32\napinsp.dll
0x00007ffee0c30000 - 0x00007ffee0c4b000 	C:\WINDOWS\system32\pnrpnsp.dll
0x00007ffef3e20000 - 0x00007ffef3e35000 	C:\WINDOWS\system32\wshbth.dll
0x00007ffef4b50000 - 0x00007ffef4b6d000 	C:\WINDOWS\system32\NLAapi.dll
0x00007ffef8cd0000 - 0x00007ffef8d0b000 	C:\WINDOWS\SYSTEM32\IPHLPAPI.DLL
0x00007ffef8d10000 - 0x00007ffef8ddb000 	C:\WINDOWS\SYSTEM32\DNSAPI.dll
0x00007ffefadc0000 - 0x00007ffefadc8000 	C:\WINDOWS\System32\NSI.dll
0x00007ffee1510000 - 0x00007ffee1522000 	C:\WINDOWS\System32\winrnr.dll
0x00007ffef0ba0000 - 0x00007ffef0baa000 	C:\Windows\System32\rasadhlp.dll
0x00007ffee6a40000 - 0x00007ffee6ac0000 	C:\WINDOWS\System32\fwpuclnt.dll
0x00007ffef9d60000 - 0x00007ffef9d87000 	C:\WINDOWS\System32\bcrypt.dll
0x00007ffef9230000 - 0x00007ffef9248000 	C:\WINDOWS\SYSTEM32\CRYPTSP.dll
0x00007ffef8940000 - 0x00007ffef8974000 	C:\WINDOWS\system32\rsaenh.dll
0x00007ffef9770000 - 0x00007ffef979e000 	C:\WINDOWS\SYSTEM32\USERENV.dll
0x00007ffef9220000 - 0x00007ffef922c000 	C:\WINDOWS\SYSTEM32\CRYPTBASE.dll
0x00007ffef1710000 - 0x00007ffef1727000 	C:\WINDOWS\SYSTEM32\dhcpcsvc6.DLL
0x00007ffef1660000 - 0x00007ffef167d000 	C:\WINDOWS\SYSTEM32\dhcpcsvc.DLL

dbghelp: loaded successfully - version: 4.0.5 - missing functions: none
symbol engine: initialized successfully - sym options: 0x614 - pdb path: .;C:\Program Files\Java\jdk-12\bin;C:\WINDOWS\SYSTEM32;C:\WINDOWS\WinSxS\amd64_microsoft.windows.common-controls_6595b64144ccf1df_6.0.19041.1110_none_60b5254171f9507e;C:\Program Files\Java\jdk-12\bin\server

VM Arguments:
jvm_args: -agentlib:jdwp=transport=dt_socket,address=127.0.0.1:30515,suspend=y,server=n -ea -Didea.test.cyclic.buffer.size=1048576 -javaagent:C:\Users\steve\AppData\Local\JetBrains\IntelliJIdea2020.2\captureAgent\debugger-agent.jar -Dfile.encoding=UTF-8 
java_command: com.intellij.rt.junit.JUnitStarter -ideVersion5 -junit5 com.akane.j2eetd.charactergames.CharactergameServiceTest,testIncrementCharacter
java_class_path (initial): C:\Program Files\JetBrains\IntelliJ IDEA 2020.2.3\lib\idea_rt.jar;C:\Users\steve\.m2\repository\org\junit\platform\junit-platform-launcher\1.8.2\junit-platform-launcher-1.8.2.jar;C:\Users\steve\.m2\repository\org\junit\vintage\junit-vintage-engine\5.8.2\junit-vintage-engine-5.8.2.jar;C:\Users\steve\.m2\repository\org\hamcrest\hamcrest-core\1.3\hamcrest-core-1.3.jar;C:\Program Files\JetBrains\IntelliJ IDEA 2020.2.3\plugins\junit\lib\junit5-rt.jar;C:\Program Files\JetBrains\IntelliJ IDEA 2020.2.3\plugins\junit\lib\junit-rt.jar;C:\Users\steve\Desktop\Cours\M1\WebService\tespring\j2eetd\back\target\test-classes;C:\Users\steve\Desktop\Cours\M1\WebService\tespring\j2eetd\back\target\classes;C:\Users\steve\.m2\repository\org\springframework\boot\spring-boot-starter-data-jpa\2.6.7\spring-boot-starter-data-jpa-2.6.7.jar;C:\Users\steve\.m2\repository\org\springframework\boot\spring-boot-starter-aop\2.6.7\spring-boot-starter-aop-2.6.7.jar;C:\Users\steve\.m2\repository\org\aspectj\aspectjweaver\1.9.7\aspectjweaver-1.9.7.jar;C:\Users\steve\.m2\repository\org\springframework\boot\spring-boot-starter-jdbc\2.6.7\spring-boot-starter-jdbc-2.6.7.jar;C:\Users\steve\.m2\repository\com\zaxxer\HikariCP\4.0.3\HikariCP-4.0.3.jar;C:\Users\steve\.m2\repository\org\springframework\spring-jdbc\5.3.19\spring-jdbc-5.3.19.jar;C:\Users\steve\.m2\repository\jakarta\transaction\jakarta.transaction-api\1.3.3\jakarta.transaction-api-1.3.3.jar;C:\Users\steve\.m2\repository\jakarta\persistence\jakarta.persistence-api\2.2.3\jakarta.persistence-api-2.2.3.jar;C:\Users\steve\.m2\repository\org\hibernate\hibernate-core\5.6.8.Final\hibernate-core-5.6.8.Final.jar;C:\Users\steve\.m2\repository\org\jboss\logging\jboss-logging\3.4.3.Final\jboss-logging-3.4.3.Final.jar;C:\Users\steve\.m2\repository\net\bytebuddy\byte-buddy\1.11.22\byte-buddy-1.11.22.jar;C:\Users\steve\.m2\repository\antlr\antlr\2.7.7\antlr-2.7.7.jar;C:\Users\steve\.m2\repository\org\jboss\jandex\2.4.2.Final\jandex-2.4.2
Launcher Type: SUN_STANDARD

[Global flags]
     intx CICompilerCount                          = 4                                         {product} {ergonomic}
     uint ConcGCThreads                            = 2                                         {product} {ergonomic}
     uint G1ConcRefinementThreads                  = 8                                         {product} {ergonomic}
   size_t G1HeapRegionSize                         = 1048576                                   {product} {ergonomic}
    uintx GCDrainStackTargetSize                   = 64                                        {product} {ergonomic}
   size_t InitialHeapSize                          = 268435456                                 {product} {ergonomic}
   size_t MarkStackSize                            = 4194304                                   {product} {ergonomic}
   size_t MaxHeapSize                              = 4265607168                                {product} {ergonomic}
   size_t MaxNewSize                               = 2558525440                                {product} {ergonomic}
   size_t MinHeapDeltaBytes                        = 1048576                                   {product} {ergonomic}
    uintx NonNMethodCodeHeapSize                   = 5836300                                {pd product} {ergonomic}
    uintx NonProfiledCodeHeapSize                  = 122910970                              {pd product} {ergonomic}
    uintx ProfiledCodeHeapSize                     = 122910970                              {pd product} {ergonomic}
    uintx ReservedCodeCacheSize                    = 251658240                              {pd product} {ergonomic}
     bool SegmentedCodeCache                       = true                                      {product} {ergonomic}
     bool UseCompressedClassPointers               = true                                 {lp64_product} {ergonomic}
     bool UseCompressedOops                        = true                                 {lp64_product} {ergonomic}
     bool UseG1GC                                  = true                                      {product} {ergonomic}
     bool UseLargePagesIndividualAllocation        = false                                  {pd product} {ergonomic}

Logging:
Log output configuration:
 #0: stdout all=warning uptime,level,tags
 #1: stderr all=off uptime,level,tags

Environment Variables:
JAVA_HOME=C:\Program Files\Java\jdk-10.0.1
PATH=C:\Program Files\Microsoft MPI\Bin\;E:\SQLappli\app\oracle\product\11.2.0\server\bin;C:\Program Files (x86)\Common Files\Oracle\Java\javapath;C:\Program Files (x86)\Intel\iCLS Client\;C:\Program Files\Intel\iCLS Client\;C:\Windows\system32;C:\Windows;C:\Windows\System32\Wbem;C:\Windows\System32\WindowsPowerShell\v1.0\;C:\Program Files (x86)\Intel\Intel(R) Management Engine Components\DAL;C:\Program Files\Intel\Intel(R) Management Engine Components\DAL;C:\Program Files (x86)\Intel\Intel(R) Management Engine Components\IPT;C:\Program Files\Intel\Intel(R) Management Engine Components\IPT;C:\Program Files (x86)\NVIDIA Corporation\PhysX\Common;C:\WINDOWS\system32;C:\WINDOWS;C:\WINDOWS\System32\Wbem;C:\WINDOWS\System32\WindowsPowerShell\v1.0\;C:\WINDOWS\System32\OpenSSH\;C:\Program Files\Git LFS;C:\Program Files\PuTTY\;C:\wamp64\bin\php\php7.4.1;C:\wamp64\bin\php\php7.3.1;C:\ProgramData\ComposerSetup\bin;C:\Program Files\apache-maven-3.6.2\bin;C:\Program Files\nodejs\;C:\Program Files\Git\cmd;C:\Program Files\Microsoft SQL Server\Client SDK\ODBC\130\Tools\Binn\;C:\Program Files (x86)\Microsoft SQL Server\140\Tools\Binn\;C:\Program Files\Microsoft SQL Server\140\Tools\Binn\;C:\Program Files\Microsoft SQL Server\140\DTS\Binn\;C:\Program Files (x86)\Microsoft SQL Server\150\DTS\Binn\;C:\Program Files (x86)\Microsoft SQL Server\140\DTS\Binn\;C:\Program Files\Symfony;C:\Program Files (x86)\Yarn\bin\;C:\Program Files\Microsoft SQL Server\Client SDK\ODBC\170\Tools\Binn\;C:\opscode\inspec\bin\;C:\Program Files\Microsoft SQL Server\130\Tools\Binn\;C:\Program Files\Microsoft SQL Server\150\Tools\Binn\;C:\WINDOWS\system32\config\systemprofile\.dnx\bin;C:\Program Files\Microsoft DNX\Dnvm\;C:\MinGW\bin;C:\Program Files\dotnet\;C:\Program Files\MySQL\MySQL Shell 8.0\bin\;C:\Users\steve\AppData\Local\Programs\Microsoft VS Code\bin;C:\Users\steve\AppData\Roaming\npm;C:\Users\steve\AppData\Local\Yarn\bin;C:\Users\steve\AppData\Local\Microsoft\WindowsApps;C:\Users\steve\.dotnet\tools;C:\
USERNAME=Moi
OS=Windows_NT
PROCESSOR_IDENTIFIER=Intel64 Family 6 Model 158 Stepping 9, GenuineIntel



---------------  S Y S T E M  ---------------

OS: Windows 10 , 64 bit Build 19041 (10.0.19041.1741)

CPU:total 8 (initial active 8) (4 cores per cpu, 2 threads per core) family 6 model 158 stepping 9, cmov, cx8, fxsr, mmx, sse, sse2, sse3, ssse3, sse4.1, sse4.2, popcnt, avx, avx2, aes, clmul, erms, 3dnowpref, lzcnt, ht, tsc, tscinvbit, bmi1, bmi2, adx, fma

Memory: 4k page, system-wide physical 16271M (2210M free)
TotalPageFile size 22271M (AvailPageFile size 6M)
current process WorkingSet (physical memory assigned to process): 451M, peak: 451M
current process commit charge ("private bytes"): 501M, peak: 503M

vm_info: Java HotSpot(TM) 64-Bit Server VM (12+33) for windows-amd64 JRE (12+33), built on Feb 21 2019 02:31:50 by "mach5one" with MS VC++ 15.5 (VS2017)

END.
