#
# There is insufficient memory for the Java Runtime Environment to continue.
# Native memory allocation (malloc) failed to allocate 1475856 bytes for Chunk::new
# Possible reasons:
#   The system is out of physical RAM or swap space
#   The process is running with CompressedOops enabled, and the Java Heap may be blocking the growth of the native heap
# Possible solutions:
#   Reduce memory load on the system
#   Increase physical memory or swap space
#   Check if swap backing store is full
#   Decrease Java heap size (-Xmx/-Xms)
#   Decrease number of Java threads
#   Decrease Java thread stack sizes (-Xss)
#   Set larger code cache with -XX:ReservedCodeCacheSize=
#   JVM is running with Unscaled Compressed Oops mode in which the Java heap is
#     placed in the first 4GB address space. The Java Heap base address is the
#     maximum limit for the native heap growth. Please use -XX:HeapBaseMinAddress
#     to set the Java Heap base and to place the Java Heap above 4GB virtual address.
# This output file may be truncated or incomplete.
#
#  Out of Memory Error (./src/hotspot/share/memory/arena.cpp:197), pid=3536, tid=10232
#
# JRE version: OpenJDK Runtime Environment (11.0.11+9) (build 11.0.11+9-b60-7590822)
# Java VM: OpenJDK 64-Bit Server VM (11.0.11+9-b60-7590822, mixed mode, tiered, compressed oops, g1 gc, windows-amd64)
# No core dump will be written. Minidumps are not enabled by default on client versions of Windows
#

---------------  S U M M A R Y ------------

Command Line: --add-opens=java.base/java.util=ALL-UNNAMED --add-opens=java.base/java.lang=ALL-UNNAMED --add-opens=java.base/java.lang.invoke=ALL-UNNAMED --add-opens=java.prefs/java.util.prefs=ALL-UNNAMED -Xmx1536m -Dfile.encoding=windows-1252 -Duser.country=FR -Duser.language=fr -Duser.variant org.gradle.launcher.daemon.bootstrap.GradleDaemon 6.5

Host: Intel(R) Core(TM) i7-7700HQ CPU @ 2.80GHz, 8 cores, 15G,  Windows 10 , 64 bit Build 19041 (10.0.19041.1741)
Time: Thu Jun 30 21:32:23 2022 Paris, Madrid (heure d’été) elapsed time: 11.748043 seconds (0d 0h 0m 11s)

---------------  T H R E A D  ---------------

Current thread (0x000002779008d800):  JavaThread "C2 CompilerThread1" daemon [_thread_in_native, id=10232, stack(0x000000b3fb600000,0x000000b3fb700000)]


Current CompileTask:
C2:  11748 9594   !   4       org.gradle.internal.instantiation.generator.AsmBackedClassGenerator$InvokeConstructorStrategy::newInstance (66 bytes)

Stack: [0x000000b3fb600000,0x000000b3fb700000]
Native frames: (J=compiled Java code, j=interpreted, Vv=VM code, C=native code)
V  [jvm.dll+0x5f214a]
V  [jvm.dll+0x726fb5]
V  [jvm.dll+0x7285cd]
V  [jvm.dll+0x728c83]
V  [jvm.dll+0x243278]
V  [jvm.dll+0xbc53c]
V  [jvm.dll+0xbca3c]
V  [jvm.dll+0x353e7d]
V  [jvm.dll+0x19895c]
V  [jvm.dll+0x1fc2ee]
V  [jvm.dll+0x1fb3d4]
V  [jvm.dll+0x183d6c]
V  [jvm.dll+0x209a57]
V  [jvm.dll+0x2082a1]
V  [jvm.dll+0x6ef58f]
V  [jvm.dll+0x6e80b5]
V  [jvm.dll+0x5f1036]
C  [ucrtbase.dll+0x21bb2]
C  [KERNEL32.DLL+0x17034]
C  [ntdll.dll+0x52651]


---------------  P R O C E S S  ---------------

Threads class SMR info:
_java_thread_list=0x0000027793ca02b0, length=168, elements={
0x00000277f3fee800, 0x00000277fe19d000, 0x00000277fe19e800, 0x00000277fea2c000,
0x00000277fea2f000, 0x00000277fea30000, 0x00000277fea35000, 0x00000277fea40800,
0x00000277fea44800, 0x00000277febc4800, 0x000002779019c000, 0x00000277fef3c000,
0x000002778f4ca800, 0x000002779042c800, 0x000002778ffc5000, 0x000002779008d800,
0x000002778f9c9800, 0x000002779034b800, 0x0000027790691800, 0x000002779070e800,
0x0000027790343800, 0x000002779033f800, 0x0000027790343000, 0x0000027790342000,
0x0000027790344800, 0x0000027790346000, 0x0000027790345800, 0x0000027790937800,
0x0000027790340800, 0x0000027790341000, 0x0000027794ade800, 0x0000027794ada000,
0x0000027794add000, 0x0000027794adb800, 0x0000027794adf800, 0x0000027794ae0800,
0x0000027794ada800, 0x0000027794ae6000, 0x0000027794ae7000, 0x0000027794ae1000,
0x0000027794ae7800, 0x0000027794ae2000, 0x0000027794ae5000, 0x0000027794ae4800,
0x0000027794ae2800, 0x0000027794ae3800, 0x00000277feed2000, 0x00000277feed0800,
0x00000277feed7000, 0x00000277feed5000, 0x00000277feed6000, 0x00000277feed1000,
0x00000277feed2800, 0x00000277feed7800, 0x00000277feed4800, 0x00000277feed3800,
0x00000277feedd800, 0x00000277feedb000, 0x00000277feed8800, 0x00000277feedc800,
0x00000277feeda000, 0x00000277feede000, 0x00000277feedf000, 0x00000277feedb800,
0x00000277feed9800, 0x00000277934ee000, 0x00000277934ec800, 0x00000277934ef800,
0x00000277934ed000, 0x00000277934ef000, 0x00000277934eb800, 0x00000277934eb000,
0x00000277934f3800, 0x00000277934f6000, 0x00000277934f4800, 0x00000277934f3000,
0x00000277934f0800, 0x00000277934f5800, 0x00000277934f7000, 0x00000277934f1800,
0x00000277934f8000, 0x00000277934f2000, 0x00000277934f8800, 0x00000277934f9800,
0x00000277933b3000, 0x00000277933b4800, 0x00000277933b3800, 0x00000277933b5800,
0x00000277933b8000, 0x00000277933bb000, 0x00000277933ba800, 0x00000277933bc000,
0x00000277933b6000, 0x00000277933bc800, 0x00000277933b7000, 0x00000277933b9800,
0x00000277933bd800, 0x00000277933be800, 0x00000277933b8800, 0x00000277933c1000,
0x00000277933bf000, 0x00000277933c0000, 0x00000277933c1800, 0x00000277933c7000,
0x00000277933c4800, 0x00000277933c8000, 0x00000277933c5800, 0x00000277933c6000,
0x00000277933c3800, 0x00000277933c8800, 0x00000277933c3000, 0x00000277933cf000,
0x00000277933cb000, 0x00000277933ce800, 0x00000277933c9800, 0x00000277933d0000,
0x00000277933cc000, 0x00000277933cc800, 0x00000277933ca800, 0x00000277933d1000,
0x00000277933d1800, 0x00000277933cd800, 0x0000027792ce2000, 0x0000027792cdd800,
0x0000027792ce3000, 0x0000027792ce0000, 0x0000027792ce1800, 0x0000027792ce4000,
0x0000027792cde000, 0x0000027792ce4800, 0x0000027792cdf000, 0x0000027792ce6800,
0x0000027792ce0800, 0x0000027792ce7000, 0x0000027792ce8000, 0x0000027792ce8800,
0x0000027792ce9800, 0x0000027792cea800, 0x0000027792ceb000, 0x0000027792ce5800,
0x0000027792cec000, 0x0000027793c00800, 0x0000027793c02800, 0x0000027793c05000,
0x0000027793c02000, 0x0000027793c04800, 0x0000027793c03800, 0x0000027793c06000,
0x0000027793c07000, 0x0000027793c01000, 0x0000027793c0c800, 0x0000027793c0d800,
0x0000027793c0b800, 0x0000027793c07800, 0x0000027793c0a000, 0x0000027793c0e000,
0x0000027793c0b000, 0x0000027793c09800, 0x0000027793c08800, 0x0000027793c0f000,
0x000002779802f000, 0x000002779802b800, 0x000002779802a800, 0x000002779802f800,
0x000002779802c800, 0x000002779802a000, 0x0000027798032000, 0x000002779802d000
}

Java Threads: ( => current thread )
  0x00000277f3fee800 JavaThread "main" [_thread_blocked, id=13924, stack(0x000000b3f9900000,0x000000b3f9a00000)]
  0x00000277fe19d000 JavaThread "Reference Handler" daemon [_thread_blocked, id=24584, stack(0x000000b3fa000000,0x000000b3fa100000)]
  0x00000277fe19e800 JavaThread "Finalizer" daemon [_thread_blocked, id=7948, stack(0x000000b3fa100000,0x000000b3fa200000)]
  0x00000277fea2c000 JavaThread "Signal Dispatcher" daemon [_thread_blocked, id=15116, stack(0x000000b3fa200000,0x000000b3fa300000)]
  0x00000277fea2f000 JavaThread "Attach Listener" daemon [_thread_blocked, id=21324, stack(0x000000b3fa300000,0x000000b3fa400000)]
  0x00000277fea30000 JavaThread "Service Thread" daemon [_thread_blocked, id=7992, stack(0x000000b3fa400000,0x000000b3fa500000)]
  0x00000277fea35000 JavaThread "C2 CompilerThread0" daemon [_thread_in_native, id=7592, stack(0x000000b3fa500000,0x000000b3fa600000)]
  0x00000277fea40800 JavaThread "C1 CompilerThread0" daemon [_thread_blocked, id=23084, stack(0x000000b3fa600000,0x000000b3fa700000)]
  0x00000277fea44800 JavaThread "Sweeper thread" daemon [_thread_blocked, id=19140, stack(0x000000b3fa700000,0x000000b3fa800000)]
  0x00000277febc4800 JavaThread "Common-Cleaner" daemon [_thread_blocked, id=14532, stack(0x000000b3fa800000,0x000000b3fa900000)]
  0x000002779019c000 JavaThread "Daemon health stats" [_thread_blocked, id=28220, stack(0x000000b3fb100000,0x000000b3fb200000)]
  0x00000277fef3c000 JavaThread "Incoming local TCP Connector on port 1265" [_thread_in_native, id=26964, stack(0x000000b3fb200000,0x000000b3fb300000)]
  0x000002778f4ca800 JavaThread "Daemon periodic checks" [_thread_blocked, id=25740, stack(0x000000b3fb300000,0x000000b3fb400000)]
  0x000002779042c800 JavaThread "Daemon" [_thread_blocked, id=18808, stack(0x000000b3fb400000,0x000000b3fb500000)]
  0x000002778ffc5000 JavaThread "Handler for socket connection from /127.0.0.1:1265 to /127.0.0.1:1266" [_thread_in_native, id=24016, stack(0x000000b3fb500000,0x000000b3fb600000)]
=>0x000002779008d800 JavaThread "C2 CompilerThread1" daemon [_thread_in_native, id=10232, stack(0x000000b3fb600000,0x000000b3fb700000)]
  0x000002778f9c9800 JavaThread "Cancel handler" [_thread_blocked, id=24872, stack(0x000000b3fb700000,0x000000b3fb800000)]
  0x000002779034b800 JavaThread "Daemon worker" [_thread_blocked, id=19592, stack(0x000000b3fb800000,0x000000b3fb900000)]
  0x0000027790691800 JavaThread "Asynchronous log dispatcher for DefaultDaemonConnection: socket connection from /127.0.0.1:1265 to /127.0.0.1:1266" [_thread_blocked, id=20996, stack(0x000000b3fb900000,0x000000b3fba00000)]
  0x000002779070e800 JavaThread "Stdin handler" [_thread_blocked, id=15040, stack(0x000000b3fba00000,0x000000b3fbb00000)]
  0x0000027790343800 JavaThread "Thread-8" [_thread_blocked, id=4532, stack(0x000000b3fbb00000,0x000000b3fbc00000)]
  0x000002779033f800 JavaThread "Cache worker for journal cache (C:\Users\steve\.gradle\caches\journal-1)" [_thread_blocked, id=6652, stack(0x000000b3fbc00000,0x000000b3fbd00000)]
  0x0000027790343000 JavaThread "File lock request listener" [_thread_in_native, id=9692, stack(0x000000b3fbd00000,0x000000b3fbe00000)]
  0x0000027790342000 JavaThread "Cache worker for file hash cache (C:\Users\steve\.gradle\caches\6.5\fileHashes)" [_thread_blocked, id=13264, stack(0x000000b3fbe00000,0x000000b3fbf00000)]
  0x0000027790344800 JavaThread "Cache worker for file hash cache (C:\Users\steve\Desktop\Cours\M1\WebService\tespring\j2eetd\front\.gradle\6.5\fileHashes)" [_thread_blocked, id=28388, stack(0x000000b3fc200000,0x000000b3fc300000)]
  0x0000027790346000 JavaThread "Cache worker for checksums cache (C:\Users\steve\Desktop\Cours\M1\WebService\tespring\j2eetd\front\.gradle\checksums)" [_thread_blocked, id=16184, stack(0x000000b3fc300000,0x000000b3fc400000)]
  0x0000027790345800 JavaThread "Cache worker for cache directory md-supplier (C:\Users\steve\.gradle\caches\6.5\md-supplier)" [_thread_blocked, id=13764, stack(0x000000b3fc400000,0x000000b3fc500000)]
  0x0000027790937800 JavaThread "C2 CompilerThread2" daemon [_thread_in_native, id=15704, stack(0x000000b3fc500000,0x000000b3fc600000)]
  0x0000027790340800 JavaThread "Cache worker for cache directory md-rule (C:\Users\steve\.gradle\caches\6.5\md-rule)" [_thread_blocked, id=27784, stack(0x000000b3fc600000,0x000000b3fc700000)]
  0x0000027790341000 JavaThread "Cache worker for execution history cache (C:\Users\steve\.gradle\caches\6.5\executionHistory)" [_thread_blocked, id=20464, stack(0x000000b3fc700000,0x000000b3fc800000)]
  0x0000027794ade800 JavaThread "jar transforms" [_thread_blocked, id=27820, stack(0x000000b3fc800000,0x000000b3fc900000)]
  0x0000027794ada000 JavaThread "Cache worker for file content cache (C:\Users\steve\.gradle\caches\6.5\fileContent)" [_thread_blocked, id=20784, stack(0x000000b3fc900000,0x000000b3fca00000)]
  0x0000027794add000 JavaThread "Build operations" [_thread_blocked, id=9852, stack(0x000000b3fca00000,0x000000b3fcb00000)]
  0x0000027794adb800 JavaThread "Build operations Thread 2" [_thread_blocked, id=21068, stack(0x000000b3fcb00000,0x000000b3fcc00000)]
  0x0000027794adf800 JavaThread "Build operations Thread 3" [_thread_blocked, id=19060, stack(0x000000b3fcc00000,0x000000b3fcd00000)]
  0x0000027794ae0800 JavaThread "Build operations Thread 4" [_thread_blocked, id=26408, stack(0x000000b3fcd00000,0x000000b3fce00000)]
  0x0000027794ada800 JavaThread "Build operations Thread 5" [_thread_blocked, id=28508, stack(0x000000b3fce00000,0x000000b3fcf00000)]
  0x0000027794ae6000 JavaThread "Build operations Thread 6" [_thread_blocked, id=19196, stack(0x000000b3fcf00000,0x000000b3fd000000)]
  0x0000027794ae7000 JavaThread "Build operations Thread 7" [_thread_blocked, id=27052, stack(0x000000b3fd000000,0x000000b3fd100000)]
  0x0000027794ae1000 JavaThread "Build operations Thread 8" [_thread_blocked, id=24120, stack(0x000000b3fd100000,0x000000b3fd200000)]
  0x0000027794ae7800 JavaThread "jar transforms Thread 2" [_thread_blocked, id=25224, stack(0x000000b3fd200000,0x000000b3fd300000)]
  0x0000027794ae2000 JavaThread "jar transforms Thread 3" [_thread_blocked, id=26932, stack(0x000000b3fd300000,0x000000b3fd400000)]
  0x0000027794ae5000 JavaThread "jar transforms Thread 4" [_thread_blocked, id=21628, stack(0x000000b3fd400000,0x000000b3fd500000)]
  0x0000027794ae4800 JavaThread "jar transforms Thread 5" [_thread_blocked, id=26180, stack(0x000000b3fd500000,0x000000b3fd600000)]
  0x0000027794ae2800 JavaThread "jar transforms Thread 6" [_thread_blocked, id=17860, stack(0x000000b3fd600000,0x000000b3fd700000)]
  0x0000027794ae3800 JavaThread "jar transforms Thread 7" [_thread_blocked, id=21780, stack(0x000000b3fd700000,0x000000b3fd800000)]
  0x00000277feed2000 JavaThread "jar transforms Thread 8" [_thread_blocked, id=20148, stack(0x000000b3fd800000,0x000000b3fd900000)]
  0x00000277feed0800 JavaThread "jar transforms Thread 9" [_thread_blocked, id=9972, stack(0x000000b3fd900000,0x000000b3fda00000)]
  0x00000277feed7000 JavaThread "jar transforms Thread 10" [_thread_blocked, id=23700, stack(0x000000b3fda00000,0x000000b3fdb00000)]
  0x00000277feed5000 JavaThread "jar transforms Thread 11" [_thread_blocked, id=692, stack(0x000000b3fdb00000,0x000000b3fdc00000)]
  0x00000277feed6000 JavaThread "jar transforms Thread 12" [_thread_blocked, id=18592, stack(0x000000b3fdc00000,0x000000b3fdd00000)]
  0x00000277feed1000 JavaThread "jar transforms Thread 13" [_thread_blocked, id=20420, stack(0x000000b3fdd00000,0x000000b3fde00000)]
  0x00000277feed2800 JavaThread "jar transforms Thread 14" [_thread_blocked, id=26844, stack(0x000000b3fde00000,0x000000b3fdf00000)]
  0x00000277feed7800 JavaThread "jar transforms Thread 15" [_thread_blocked, id=21184, stack(0x000000b3fdf00000,0x000000b3fe000000)]
  0x00000277feed4800 JavaThread "jar transforms Thread 16" [_thread_blocked, id=11428, stack(0x000000b3fe000000,0x000000b3fe100000)]
  0x00000277feed3800 JavaThread "jar transforms Thread 17" [_thread_blocked, id=9996, stack(0x000000b3fe100000,0x000000b3fe200000)]
  0x00000277feedd800 JavaThread "jar transforms Thread 18" [_thread_blocked, id=13320, stack(0x000000b3fe200000,0x000000b3fe300000)]
  0x00000277feedb000 JavaThread "jar transforms Thread 19" [_thread_blocked, id=10260, stack(0x000000b3fe300000,0x000000b3fe400000)]
  0x00000277feed8800 JavaThread "jar transforms Thread 20" [_thread_blocked, id=1308, stack(0x000000b3fe400000,0x000000b3fe500000)]
  0x00000277feedc800 JavaThread "jar transforms Thread 21" [_thread_blocked, id=10292, stack(0x000000b3fe500000,0x000000b3fe600000)]
  0x00000277feeda000 JavaThread "jar transforms Thread 22" [_thread_blocked, id=18176, stack(0x000000b3fe600000,0x000000b3fe700000)]
  0x00000277feede000 JavaThread "jar transforms Thread 23" [_thread_blocked, id=19548, stack(0x000000b3fe700000,0x000000b3fe800000)]
  0x00000277feedf000 JavaThread "jar transforms Thread 24" [_thread_blocked, id=4736, stack(0x000000b3fe800000,0x000000b3fe900000)]
  0x00000277feedb800 JavaThread "jar transforms Thread 25" [_thread_blocked, id=14492, stack(0x000000b3fe900000,0x000000b3fea00000)]
  0x00000277feed9800 JavaThread "jar transforms Thread 26" [_thread_blocked, id=27456, stack(0x000000b3fea00000,0x000000b3feb00000)]
  0x00000277934ee000 JavaThread "jar transforms Thread 27" [_thread_blocked, id=22692, stack(0x000000b3feb00000,0x000000b3fec00000)]
  0x00000277934ec800 JavaThread "jar transforms Thread 28" [_thread_blocked, id=11532, stack(0x000000b3fec00000,0x000000b3fed00000)]
  0x00000277934ef800 JavaThread "jar transforms Thread 29" [_thread_blocked, id=28520, stack(0x000000b3fed00000,0x000000b3fee00000)]
  0x00000277934ed000 JavaThread "jar transforms Thread 30" [_thread_blocked, id=18656, stack(0x000000b3fee00000,0x000000b3fef00000)]
  0x00000277934ef000 JavaThread "jar transforms Thread 31" [_thread_blocked, id=13656, stack(0x000000b3fef00000,0x000000b3ff000000)]
  0x00000277934eb800 JavaThread "jar transforms Thread 32" [_thread_blocked, id=21016, stack(0x000000b3ff000000,0x000000b3ff100000)]
  0x00000277934eb000 JavaThread "jar transforms Thread 33" [_thread_blocked, id=10716, stack(0x000000b3ff100000,0x000000b3ff200000)]
  0x00000277934f3800 JavaThread "jar transforms Thread 34" [_thread_blocked, id=20664, stack(0x000000b3ff200000,0x000000b3ff300000)]
  0x00000277934f6000 JavaThread "jar transforms Thread 35" [_thread_blocked, id=20972, stack(0x000000b3ff300000,0x000000b3ff400000)]
  0x00000277934f4800 JavaThread "jar transforms Thread 36" [_thread_blocked, id=24308, stack(0x000000b3ff400000,0x000000b3ff500000)]
  0x00000277934f3000 JavaThread "jar transforms Thread 37" [_thread_blocked, id=24156, stack(0x000000b3ff500000,0x000000b3ff600000)]
  0x00000277934f0800 JavaThread "jar transforms Thread 38" [_thread_blocked, id=26612, stack(0x000000b3ff600000,0x000000b3ff700000)]
  0x00000277934f5800 JavaThread "jar transforms Thread 39" [_thread_blocked, id=4884, stack(0x000000b3ff700000,0x000000b3ff800000)]
  0x00000277934f7000 JavaThread "jar transforms Thread 40" [_thread_blocked, id=4676, stack(0x000000b3ff800000,0x000000b3ff900000)]
  0x00000277934f1800 JavaThread "jar transforms Thread 41" [_thread_blocked, id=10856, stack(0x000000b3ff900000,0x000000b3ffa00000)]
  0x00000277934f8000 JavaThread "jar transforms Thread 42" [_thread_blocked, id=26772, stack(0x000000b3ffa00000,0x000000b3ffb00000)]
  0x00000277934f2000 JavaThread "jar transforms Thread 43" [_thread_blocked, id=24684, stack(0x000000b3ffb00000,0x000000b3ffc00000)]
  0x00000277934f8800 JavaThread "jar transforms Thread 44" [_thread_blocked, id=16308, stack(0x000000b3ffc00000,0x000000b3ffd00000)]
  0x00000277934f9800 JavaThread "jar transforms Thread 45" [_thread_blocked, id=7740, stack(0x000000b3ffd00000,0x000000b3ffe00000)]
  0x00000277933b3000 JavaThread "jar transforms Thread 46" [_thread_blocked, id=10096, stack(0x000000b3ffe00000,0x000000b3fff00000)]
  0x00000277933b4800 JavaThread "jar transforms Thread 47" [_thread_blocked, id=9884, stack(0x000000b3fff00000,0x000000b400000000)]
  0x00000277933b3800 JavaThread "jar transforms Thread 48" [_thread_blocked, id=8008, stack(0x000000b380000000,0x000000b380100000)]
  0x00000277933b5800 JavaThread "jar transforms Thread 49" [_thread_blocked, id=27364, stack(0x000000b380100000,0x000000b380200000)]
  0x00000277933b8000 JavaThread "jar transforms Thread 50" [_thread_blocked, id=27764, stack(0x000000b380200000,0x000000b380300000)]
  0x00000277933bb000 JavaThread "jar transforms Thread 51" [_thread_blocked, id=4832, stack(0x000000b380300000,0x000000b380400000)]
  0x00000277933ba800 JavaThread "jar transforms Thread 52" [_thread_blocked, id=19292, stack(0x000000b380400000,0x000000b380500000)]
  0x00000277933bc000 JavaThread "jar transforms Thread 53" [_thread_blocked, id=21560, stack(0x000000b380500000,0x000000b380600000)]
  0x00000277933b6000 JavaThread "jar transforms Thread 54" [_thread_blocked, id=21528, stack(0x000000b380600000,0x000000b380700000)]
  0x00000277933bc800 JavaThread "jar transforms Thread 55" [_thread_blocked, id=26040, stack(0x000000b380700000,0x000000b380800000)]
  0x00000277933b7000 JavaThread "jar transforms Thread 56" [_thread_blocked, id=27240, stack(0x000000b380800000,0x000000b380900000)]
  0x00000277933b9800 JavaThread "jar transforms Thread 57" [_thread_blocked, id=21576, stack(0x000000b380900000,0x000000b380a00000)]
  0x00000277933bd800 JavaThread "jar transforms Thread 58" [_thread_blocked, id=11104, stack(0x000000b380a00000,0x000000b380b00000)]
  0x00000277933be800 JavaThread "jar transforms Thread 59" [_thread_blocked, id=16508, stack(0x000000b380b00000,0x000000b380c00000)]
  0x00000277933b8800 JavaThread "jar transforms Thread 60" [_thread_blocked, id=21300, stack(0x000000b380c00000,0x000000b380d00000)]
  0x00000277933c1000 JavaThread "jar transforms Thread 61" [_thread_blocked, id=17584, stack(0x000000b380d00000,0x000000b380e00000)]
  0x00000277933bf000 JavaThread "jar transforms Thread 62" [_thread_blocked, id=3512, stack(0x000000b380e00000,0x000000b380f00000)]
  0x00000277933c0000 JavaThread "jar transforms Thread 63" [_thread_blocked, id=576, stack(0x000000b380f00000,0x000000b381000000)]
  0x00000277933c1800 JavaThread "jar transforms Thread 64" [_thread_blocked, id=22700, stack(0x000000b381000000,0x000000b381100000)]
  0x00000277933c7000 JavaThread "jar transforms Thread 65" [_thread_blocked, id=6692, stack(0x000000b381100000,0x000000b381200000)]
  0x00000277933c4800 JavaThread "jar transforms Thread 66" [_thread_blocked, id=27304, stack(0x000000b381200000,0x000000b381300000)]
  0x00000277933c8000 JavaThread "jar transforms Thread 67" [_thread_blocked, id=23848, stack(0x000000b381300000,0x000000b381400000)]
  0x00000277933c5800 JavaThread "jar transforms Thread 68" [_thread_blocked, id=7376, stack(0x000000b381400000,0x000000b381500000)]
  0x00000277933c6000 JavaThread "jar transforms Thread 69" [_thread_blocked, id=3608, stack(0x000000b381500000,0x000000b381600000)]
  0x00000277933c3800 JavaThread "jar transforms Thread 70" [_thread_blocked, id=26492, stack(0x000000b381600000,0x000000b381700000)]
  0x00000277933c8800 JavaThread "jar transforms Thread 71" [_thread_blocked, id=22164, stack(0x000000b381700000,0x000000b381800000)]
  0x00000277933c3000 JavaThread "jar transforms Thread 72" [_thread_blocked, id=20100, stack(0x000000b381800000,0x000000b381900000)]
  0x00000277933cf000 JavaThread "jar transforms Thread 73" [_thread_blocked, id=26048, stack(0x000000b381900000,0x000000b381a00000)]
  0x00000277933cb000 JavaThread "jar transforms Thread 74" [_thread_blocked, id=26516, stack(0x000000b381a00000,0x000000b381b00000)]
  0x00000277933ce800 JavaThread "jar transforms Thread 75" [_thread_blocked, id=23596, stack(0x000000b381b00000,0x000000b381c00000)]
  0x00000277933c9800 JavaThread "jar transforms Thread 76" [_thread_blocked, id=28336, stack(0x000000b381c00000,0x000000b381d00000)]
  0x00000277933d0000 JavaThread "jar transforms Thread 77" [_thread_blocked, id=19652, stack(0x000000b381d00000,0x000000b381e00000)]
  0x00000277933cc000 JavaThread "jar transforms Thread 78" [_thread_blocked, id=23528, stack(0x000000b381e00000,0x000000b381f00000)]
  0x00000277933cc800 JavaThread "jar transforms Thread 79" [_thread_blocked, id=12228, stack(0x000000b381f00000,0x000000b382000000)]
  0x00000277933ca800 JavaThread "jar transforms Thread 80" [_thread_blocked, id=24504, stack(0x000000b382000000,0x000000b382100000)]
  0x00000277933d1000 JavaThread "jar transforms Thread 81" [_thread_blocked, id=8780, stack(0x000000b382100000,0x000000b382200000)]
  0x00000277933d1800 JavaThread "jar transforms Thread 82" [_thread_blocked, id=988, stack(0x000000b382200000,0x000000b382300000)]
  0x00000277933cd800 JavaThread "jar transforms Thread 83" [_thread_blocked, id=21128, stack(0x000000b382300000,0x000000b382400000)]
  0x0000027792ce2000 JavaThread "jar transforms Thread 84" [_thread_blocked, id=25468, stack(0x000000b382400000,0x000000b382500000)]
  0x0000027792cdd800 JavaThread "jar transforms Thread 85" [_thread_blocked, id=9584, stack(0x000000b382500000,0x000000b382600000)]
  0x0000027792ce3000 JavaThread "jar transforms Thread 86" [_thread_blocked, id=27556, stack(0x000000b382600000,0x000000b382700000)]
  0x0000027792ce0000 JavaThread "jar transforms Thread 87" [_thread_blocked, id=26984, stack(0x000000b382700000,0x000000b382800000)]
  0x0000027792ce1800 JavaThread "jar transforms Thread 88" [_thread_blocked, id=25492, stack(0x000000b382800000,0x000000b382900000)]
  0x0000027792ce4000 JavaThread "jar transforms Thread 89" [_thread_blocked, id=12448, stack(0x000000b382900000,0x000000b382a00000)]
  0x0000027792cde000 JavaThread "jar transforms Thread 90" [_thread_blocked, id=23960, stack(0x000000b382a00000,0x000000b382b00000)]
  0x0000027792ce4800 JavaThread "jar transforms Thread 91" [_thread_blocked, id=20632, stack(0x000000b382b00000,0x000000b382c00000)]
  0x0000027792cdf000 JavaThread "jar transforms Thread 92" [_thread_blocked, id=9108, stack(0x000000b382c00000,0x000000b382d00000)]
  0x0000027792ce6800 JavaThread "jar transforms Thread 93" [_thread_blocked, id=23680, stack(0x000000b382d00000,0x000000b382e00000)]
  0x0000027792ce0800 JavaThread "jar transforms Thread 94" [_thread_blocked, id=3140, stack(0x000000b382e00000,0x000000b382f00000)]
  0x0000027792ce7000 JavaThread "jar transforms Thread 95" [_thread_blocked, id=25060, stack(0x000000b382f00000,0x000000b383000000)]
  0x0000027792ce8000 JavaThread "jar transforms Thread 96" [_thread_blocked, id=23328, stack(0x000000b383000000,0x000000b383100000)]
  0x0000027792ce8800 JavaThread "jar transforms Thread 97" [_thread_blocked, id=12432, stack(0x000000b383100000,0x000000b383200000)]
  0x0000027792ce9800 JavaThread "jar transforms Thread 98" [_thread_blocked, id=22460, stack(0x000000b383200000,0x000000b383300000)]
  0x0000027792cea800 JavaThread "jar transforms Thread 99" [_thread_blocked, id=19864, stack(0x000000b383300000,0x000000b383400000)]
  0x0000027792ceb000 JavaThread "jar transforms Thread 100" [_thread_blocked, id=6468, stack(0x000000b383400000,0x000000b383500000)]
  0x0000027792ce5800 JavaThread "jar transforms Thread 101" [_thread_blocked, id=19556, stack(0x000000b383500000,0x000000b383600000)]
  0x0000027792cec000 JavaThread "jar transforms Thread 102" [_thread_blocked, id=25236, stack(0x000000b383600000,0x000000b383700000)]
  0x0000027793c00800 JavaThread "jar transforms Thread 103" [_thread_blocked, id=28556, stack(0x000000b383700000,0x000000b383800000)]
  0x0000027793c02800 JavaThread "jar transforms Thread 104" [_thread_blocked, id=19776, stack(0x000000b383800000,0x000000b383900000)]
  0x0000027793c05000 JavaThread "jar transforms Thread 105" [_thread_blocked, id=18600, stack(0x000000b383900000,0x000000b383a00000)]
  0x0000027793c02000 JavaThread "jar transforms Thread 106" [_thread_blocked, id=21516, stack(0x000000b383a00000,0x000000b383b00000)]
  0x0000027793c04800 JavaThread "jar transforms Thread 107" [_thread_blocked, id=16144, stack(0x000000b383b00000,0x000000b383c00000)]
  0x0000027793c03800 JavaThread "jar transforms Thread 108" [_thread_blocked, id=23684, stack(0x000000b383c00000,0x000000b383d00000)]
  0x0000027793c06000 JavaThread "jar transforms Thread 109" [_thread_blocked, id=15380, stack(0x000000b383d00000,0x000000b383e00000)]
  0x0000027793c07000 JavaThread "jar transforms Thread 110" [_thread_blocked, id=17348, stack(0x000000b383e00000,0x000000b383f00000)]
  0x0000027793c01000 JavaThread "jar transforms Thread 111" [_thread_blocked, id=19328, stack(0x000000b383f00000,0x000000b384000000)]
  0x0000027793c0c800 JavaThread "jar transforms Thread 112" [_thread_blocked, id=22444, stack(0x000000b384000000,0x000000b384100000)]
  0x0000027793c0d800 JavaThread "jar transforms Thread 113" [_thread_blocked, id=23896, stack(0x000000b384100000,0x000000b384200000)]
  0x0000027793c0b800 JavaThread "jar transforms Thread 114" [_thread_blocked, id=24144, stack(0x000000b384200000,0x000000b384300000)]
  0x0000027793c07800 JavaThread "jar transforms Thread 115" [_thread_blocked, id=1168, stack(0x000000b384300000,0x000000b384400000)]
  0x0000027793c0a000 JavaThread "jar transforms Thread 116" [_thread_blocked, id=14824, stack(0x000000b384400000,0x000000b384500000)]
  0x0000027793c0e000 JavaThread "jar transforms Thread 117" [_thread_blocked, id=10264, stack(0x000000b384500000,0x000000b384600000)]
  0x0000027793c0b000 JavaThread "jar transforms Thread 118" [_thread_blocked, id=9568, stack(0x000000b384600000,0x000000b384700000)]
  0x0000027793c09800 JavaThread "Cache worker for Build Output Cleanup Cache (C:\Users\steve\Desktop\Cours\M1\WebService\tespring\j2eetd\front\.gradle\buildOutputCleanup)" [_thread_blocked, id=4588, stack(0x000000b384700000,0x000000b384800000)]
  0x0000027793c08800 JavaThread "Memory manager" [_thread_blocked, id=11164, stack(0x000000b384a00000,0x000000b384b00000)]
  0x0000027793c0f000 JavaThread "Cache worker for file content cache (C:\Users\steve\Desktop\Cours\M1\WebService\tespring\j2eetd\front\.gradle\6.5\fileContent)" [_thread_blocked, id=28292, stack(0x000000b384b00000,0x000000b384c00000)]
  0x000002779802f000 JavaThread "Execution worker for ':'" [_thread_blocked, id=20132, stack(0x000000b384c00000,0x000000b384d00000)]
  0x000002779802b800 JavaThread "Execution worker for ':' Thread 2" [_thread_blocked, id=27716, stack(0x000000b384d00000,0x000000b384e00000)]
  0x000002779802a800 JavaThread "Execution worker for ':' Thread 3" [_thread_in_vm, id=22708, stack(0x000000b384e00000,0x000000b384f00000)]
  0x000002779802f800 JavaThread "Execution worker for ':' Thread 4" [_thread_blocked, id=2976, stack(0x000000b384f00000,0x000000b385000000)]
  0x000002779802c800 JavaThread "Execution worker for ':' Thread 5" [_thread_blocked, id=13608, stack(0x000000b385000000,0x000000b385100000)]
  0x000002779802a000 JavaThread "Execution worker for ':' Thread 6" [_thread_blocked, id=4608, stack(0x000000b385100000,0x000000b385200000)]
  0x0000027798032000 JavaThread "Execution worker for ':' Thread 7" [_thread_blocked, id=28124, stack(0x000000b385200000,0x000000b385300000)]
  0x000002779802d000 JavaThread "Cache worker for execution history cache (C:\Users\steve\Desktop\Cours\M1\WebService\tespring\j2eetd\front\.gradle\6.5\executionHistory)" [_thread_blocked, id=25888, stack(0x000000b385300000,0x000000b385400000)]

Other Threads:
  0x00000277fe19b000 VMThread "VM Thread" [stack: 0x000000b3f9f00000,0x000000b3fa000000] [id=17676]
  0x00000277febca000 WatcherThread [stack: 0x000000b3fa900000,0x000000b3faa00000] [id=23480]
  0x00000277f4006000 GCTaskThread "GC Thread#0" [stack: 0x000000b3f9a00000,0x000000b3f9b00000] [id=22812]
  0x000002778f49e800 GCTaskThread "GC Thread#1" [stack: 0x000000b3fab00000,0x000000b3fac00000] [id=18164]
  0x00000277ff69e800 GCTaskThread "GC Thread#2" [stack: 0x000000b3fac00000,0x000000b3fad00000] [id=27140]
  0x00000277ff5b4800 GCTaskThread "GC Thread#3" [stack: 0x000000b3fad00000,0x000000b3fae00000] [id=11128]
  0x00000277ff5b5800 GCTaskThread "GC Thread#4" [stack: 0x000000b3fae00000,0x000000b3faf00000] [id=28340]
  0x000002778f093000 GCTaskThread "GC Thread#5" [stack: 0x000000b3faf00000,0x000000b3fb000000] [id=1496]
  0x0000027790518000 GCTaskThread "GC Thread#6" [stack: 0x000000b3fbf00000,0x000000b3fc000000] [id=16928]
  0x0000027790528800 GCTaskThread "GC Thread#7" [stack: 0x000000b3fc000000,0x000000b3fc100000] [id=24860]
  0x00000277f402f000 ConcurrentGCThread "G1 Main Marker" [stack: 0x000000b3f9b00000,0x000000b3f9c00000] [id=20264]
  0x00000277f4034000 ConcurrentGCThread "G1 Conc#0" [stack: 0x000000b3f9c00000,0x000000b3f9d00000] [id=11644]
  0x000002778f131800 ConcurrentGCThread "G1 Conc#1" [stack: 0x000000b3fc100000,0x000000b3fc200000] [id=2500]
  0x00000277fe012800 ConcurrentGCThread "G1 Refine#0" [stack: 0x000000b3f9d00000,0x000000b3f9e00000] [id=15840]
  0x0000027794c88000 ConcurrentGCThread "G1 Refine#1" [stack: 0x000000b384800000,0x000000b384900000] [id=12668]
  0x0000027794c89000 ConcurrentGCThread "G1 Refine#2" [stack: 0x000000b384900000,0x000000b384a00000] [id=23092]
  0x00000277f40cd800 ConcurrentGCThread "G1 Young RemSet Sampling" [stack: 0x000000b3f9e00000,0x000000b3f9f00000] [id=26112]

Threads with active compile tasks:
C2 CompilerThread0  11771 9666   !   4       java.io.BufferedReader::readLine (304 bytes)
C2 CompilerThread1  11771 9594   !   4       org.gradle.internal.instantiation.generator.AsmBackedClassGenerator$InvokeConstructorStrategy::newInstance (66 bytes)
C2 CompilerThread2  11771 9595   !   4       org.gradle.internal.instantiation.generator.DependencyInjectingInstantiator::doCreate (64 bytes)

VM state:not at safepoint (normal execution)

VM Mutex/Monitor currently owned by a thread: None

Heap address: 0x00000000a0000000, size: 1536 MB, Compressed Oops mode: 32-bit
Narrow klass base: 0x0000000000000000, Narrow klass shift: 3
Compressed class space size: 1073741824 Address: 0x0000000100000000

Heap:
 garbage-first heap   total 262144K, used 88530K [0x00000000a0000000, 0x0000000100000000)
  region size 1024K, 24 young (24576K), 14 survivors (14336K)
 Metaspace       used 79544K, capacity 81731K, committed 81992K, reserved 1120256K
  class space    used 10301K, capacity 11144K, committed 11212K, reserved 1048576K
Heap Regions: E=young(eden), S=young(survivor), O=old, HS=humongous(starts), HC=humongous(continues), CS=collection set, F=free, A=archive, TAMS=top-at-mark-start (previous, next)
|   0|0x00000000a0000000, 0x00000000a0100000, 0x00000000a0100000|100%| O|  |TAMS 0x00000000a0100000, 0x00000000a0000000| Untracked 
|   1|0x00000000a0100000, 0x00000000a0200000, 0x00000000a0200000|100%| O|  |TAMS 0x00000000a0200000, 0x00000000a0100000| Untracked 
|   2|0x00000000a0200000, 0x00000000a0300000, 0x00000000a0300000|100%| O|  |TAMS 0x00000000a0300000, 0x00000000a0200000| Untracked 
|   3|0x00000000a0300000, 0x00000000a0400000, 0x00000000a0400000|100%|HS|  |TAMS 0x00000000a0400000, 0x00000000a0300000| Complete 
|   4|0x00000000a0400000, 0x00000000a0500000, 0x00000000a0500000|100%|HC|  |TAMS 0x00000000a0500000, 0x00000000a0400000| Complete 
|   5|0x00000000a0500000, 0x00000000a0600000, 0x00000000a0600000|100%|HC|  |TAMS 0x00000000a0600000, 0x00000000a0500000| Complete 
|   6|0x00000000a0600000, 0x00000000a0700000, 0x00000000a0700000|100%| O|  |TAMS 0x00000000a0700000, 0x00000000a0600000| Untracked 
|   7|0x00000000a0700000, 0x00000000a0800000, 0x00000000a0800000|100%| O|  |TAMS 0x00000000a0800000, 0x00000000a0700000| Untracked 
|   8|0x00000000a0800000, 0x00000000a0900000, 0x00000000a0900000|100%| O|  |TAMS 0x00000000a0900000, 0x00000000a0800000| Untracked 
|   9|0x00000000a0900000, 0x00000000a0a00000, 0x00000000a0a00000|100%| O|  |TAMS 0x00000000a0a00000, 0x00000000a0900000| Untracked 
|  10|0x00000000a0a00000, 0x00000000a0b00000, 0x00000000a0b00000|100%| O|  |TAMS 0x00000000a0b00000, 0x00000000a0a00000| Untracked 
|  11|0x00000000a0b00000, 0x00000000a0c00000, 0x00000000a0c00000|100%| O|  |TAMS 0x00000000a0c00000, 0x00000000a0b00000| Untracked 
|  12|0x00000000a0c00000, 0x00000000a0d00000, 0x00000000a0d00000|100%| O|  |TAMS 0x00000000a0d00000, 0x00000000a0c00000| Untracked 
|  13|0x00000000a0d00000, 0x00000000a0e00000, 0x00000000a0e00000|100%| O|  |TAMS 0x00000000a0e00000, 0x00000000a0d00000| Untracked 
|  14|0x00000000a0e00000, 0x00000000a0f00000, 0x00000000a0f00000|100%| O|  |TAMS 0x00000000a0f00000, 0x00000000a0e00000| Untracked 
|  15|0x00000000a0f00000, 0x00000000a1000000, 0x00000000a1000000|100%| O|  |TAMS 0x00000000a1000000, 0x00000000a0f00000| Untracked 
|  16|0x00000000a1000000, 0x00000000a1100000, 0x00000000a1100000|100%|HS|  |TAMS 0x00000000a1100000, 0x00000000a1000000| Complete 
|  17|0x00000000a1100000, 0x00000000a1200000, 0x00000000a1200000|100%|HS|  |TAMS 0x00000000a1200000, 0x00000000a1100000| Complete 
|  18|0x00000000a1200000, 0x00000000a1300000, 0x00000000a1300000|100%|HC|  |TAMS 0x00000000a1300000, 0x00000000a1200000| Complete 
|  19|0x00000000a1300000, 0x00000000a1400000, 0x00000000a1400000|100%|HC|  |TAMS 0x00000000a1400000, 0x00000000a1300000| Complete 
|  20|0x00000000a1400000, 0x00000000a1500000, 0x00000000a1500000|100%|HS|  |TAMS 0x00000000a1500000, 0x00000000a1400000| Complete 
|  21|0x00000000a1500000, 0x00000000a1600000, 0x00000000a1600000|100%|HC|  |TAMS 0x00000000a1600000, 0x00000000a1500000| Complete 
|  22|0x00000000a1600000, 0x00000000a1700000, 0x00000000a1700000|100%| O|  |TAMS 0x00000000a1700000, 0x00000000a1600000| Untracked 
|  23|0x00000000a1700000, 0x00000000a1800000, 0x00000000a1800000|100%| O|  |TAMS 0x00000000a1800000, 0x00000000a1700000| Untracked 
|  24|0x00000000a1800000, 0x00000000a1900000, 0x00000000a1900000|100%| O|  |TAMS 0x00000000a1900000, 0x00000000a1800000| Untracked 
|  25|0x00000000a1900000, 0x00000000a1a00000, 0x00000000a1a00000|100%| O|  |TAMS 0x00000000a1a00000, 0x00000000a1900000| Untracked 
|  26|0x00000000a1a00000, 0x00000000a1b00000, 0x00000000a1b00000|100%| O|  |TAMS 0x00000000a1b00000, 0x00000000a1a00000| Untracked 
|  27|0x00000000a1b00000, 0x00000000a1c00000, 0x00000000a1c00000|100%| O|  |TAMS 0x00000000a1c00000, 0x00000000a1b00000| Untracked 
|  28|0x00000000a1c00000, 0x00000000a1d00000, 0x00000000a1d00000|100%| O|  |TAMS 0x00000000a1d00000, 0x00000000a1c00000| Untracked 
|  29|0x00000000a1d00000, 0x00000000a1e00000, 0x00000000a1e00000|100%| O|  |TAMS 0x00000000a1e00000, 0x00000000a1d00000| Untracked 
|  30|0x00000000a1e00000, 0x00000000a1f00000, 0x00000000a1f00000|100%| O|  |TAMS 0x00000000a1f00000, 0x00000000a1e00000| Untracked 
|  31|0x00000000a1f00000, 0x00000000a2000000, 0x00000000a2000000|100%| O|  |TAMS 0x00000000a2000000, 0x00000000a1f00000| Untracked 
|  32|0x00000000a2000000, 0x00000000a2100000, 0x00000000a2100000|100%| O|  |TAMS 0x00000000a2100000, 0x00000000a2000000| Untracked 
|  33|0x00000000a2100000, 0x00000000a2200000, 0x00000000a2200000|100%| O|  |TAMS 0x00000000a2200000, 0x00000000a2100000| Untracked 
|  34|0x00000000a2200000, 0x00000000a2300000, 0x00000000a2300000|100%| O|  |TAMS 0x00000000a2300000, 0x00000000a2200000| Untracked 
|  35|0x00000000a2300000, 0x00000000a2400000, 0x00000000a2400000|100%| O|  |TAMS 0x00000000a2400000, 0x00000000a2300000| Untracked 
|  36|0x00000000a2400000, 0x00000000a2500000, 0x00000000a2500000|100%| O|  |TAMS 0x00000000a2500000, 0x00000000a2400000| Untracked 
|  37|0x00000000a2500000, 0x00000000a2600000, 0x00000000a2600000|100%| O|  |TAMS 0x00000000a2600000, 0x00000000a2500000| Untracked 
|  38|0x00000000a2600000, 0x00000000a2700000, 0x00000000a2700000|100%| O|  |TAMS 0x00000000a2700000, 0x00000000a2600000| Untracked 
|  39|0x00000000a2700000, 0x00000000a2800000, 0x00000000a2800000|100%| O|  |TAMS 0x00000000a2800000, 0x00000000a2700000| Untracked 
|  40|0x00000000a2800000, 0x00000000a2900000, 0x00000000a2900000|100%| O|  |TAMS 0x00000000a2900000, 0x00000000a2800000| Untracked 
|  41|0x00000000a2900000, 0x00000000a2a00000, 0x00000000a2a00000|100%| O|  |TAMS 0x00000000a2a00000, 0x00000000a2900000| Untracked 
|  42|0x00000000a2a00000, 0x00000000a2b00000, 0x00000000a2b00000|100%| O|  |TAMS 0x00000000a2b00000, 0x00000000a2a00000| Untracked 
|  43|0x00000000a2b00000, 0x00000000a2c00000, 0x00000000a2c00000|100%| O|  |TAMS 0x00000000a2c00000, 0x00000000a2b00000| Untracked 
|  44|0x00000000a2c00000, 0x00000000a2d00000, 0x00000000a2d00000|100%| O|  |TAMS 0x00000000a2cbb200, 0x00000000a2c00000| Untracked 
|  45|0x00000000a2d00000, 0x00000000a2e00000, 0x00000000a2e00000|100%| O|  |TAMS 0x00000000a2d00000, 0x00000000a2d00000| Untracked 
|  46|0x00000000a2e00000, 0x00000000a2f00000, 0x00000000a2f00000|100%| O|  |TAMS 0x00000000a2e00000, 0x00000000a2e00000| Untracked 
|  47|0x00000000a2f00000, 0x00000000a3000000, 0x00000000a3000000|100%| O|  |TAMS 0x00000000a2f00000, 0x00000000a2f00000| Untracked 
|  48|0x00000000a3000000, 0x00000000a3100000, 0x00000000a3100000|100%| O|  |TAMS 0x00000000a3000000, 0x00000000a3000000| Untracked 
|  49|0x00000000a3100000, 0x00000000a3200000, 0x00000000a3200000|100%| O|  |TAMS 0x00000000a3100000, 0x00000000a3100000| Untracked 
|  50|0x00000000a3200000, 0x00000000a3300000, 0x00000000a3300000|100%| O|  |TAMS 0x00000000a3200000, 0x00000000a3200000| Untracked 
|  51|0x00000000a3300000, 0x00000000a3400000, 0x00000000a3400000|100%| O|  |TAMS 0x00000000a3300000, 0x00000000a3300000| Untracked 
|  52|0x00000000a3400000, 0x00000000a3500000, 0x00000000a3500000|100%| O|  |TAMS 0x00000000a3400000, 0x00000000a3400000| Untracked 
|  53|0x00000000a3500000, 0x00000000a3600000, 0x00000000a3600000|100%| O|  |TAMS 0x00000000a3500000, 0x00000000a3500000| Untracked 
|  54|0x00000000a3600000, 0x00000000a3600000, 0x00000000a3700000|  0%| F|  |TAMS 0x00000000a3600000, 0x00000000a3600000| Untracked 
|  55|0x00000000a3700000, 0x00000000a3800000, 0x00000000a3800000|100%| O|  |TAMS 0x00000000a3700000, 0x00000000a3700000| Untracked 
|  56|0x00000000a3800000, 0x00000000a3900000, 0x00000000a3900000|100%| O|  |TAMS 0x00000000a3800000, 0x00000000a3800000| Untracked 
|  57|0x00000000a3900000, 0x00000000a3a00000, 0x00000000a3a00000|100%| O|  |TAMS 0x00000000a3900000, 0x00000000a3900000| Untracked 
|  58|0x00000000a3a00000, 0x00000000a3b00000, 0x00000000a3b00000|100%| O|  |TAMS 0x00000000a3a00000, 0x00000000a3a00000| Untracked 
|  59|0x00000000a3b00000, 0x00000000a3c00000, 0x00000000a3c00000|100%| O|  |TAMS 0x00000000a3b00000, 0x00000000a3b00000| Untracked 
|  60|0x00000000a3c00000, 0x00000000a3d00000, 0x00000000a3d00000|100%| O|  |TAMS 0x00000000a3c00000, 0x00000000a3c00000| Untracked 
|  61|0x00000000a3d00000, 0x00000000a3e00000, 0x00000000a3e00000|100%| O|  |TAMS 0x00000000a3d00000, 0x00000000a3d00000| Untracked 
|  62|0x00000000a3e00000, 0x00000000a3f00000, 0x00000000a3f00000|100%| O|  |TAMS 0x00000000a3e00000, 0x00000000a3e00000| Untracked 
|  63|0x00000000a3f00000, 0x00000000a4000000, 0x00000000a4000000|100%| O|  |TAMS 0x00000000a3f00000, 0x00000000a3f00000| Untracked 
|  64|0x00000000a4000000, 0x00000000a408da00, 0x00000000a4100000| 55%| O|  |TAMS 0x00000000a4000000, 0x00000000a4000000| Untracked 
|  65|0x00000000a4100000, 0x00000000a4100000, 0x00000000a4200000|  0%| F|  |TAMS 0x00000000a4100000, 0x00000000a4100000| Untracked 
|  66|0x00000000a4200000, 0x00000000a4200000, 0x00000000a4300000|  0%| F|  |TAMS 0x00000000a4200000, 0x00000000a4200000| Untracked 
|  67|0x00000000a4300000, 0x00000000a4300000, 0x00000000a4400000|  0%| F|  |TAMS 0x00000000a4300000, 0x00000000a4300000| Untracked 
|  68|0x00000000a4400000, 0x00000000a4400000, 0x00000000a4500000|  0%| F|  |TAMS 0x00000000a4400000, 0x00000000a4400000| Untracked 
|  69|0x00000000a4500000, 0x00000000a4500000, 0x00000000a4600000|  0%| F|  |TAMS 0x00000000a4500000, 0x00000000a4500000| Untracked 
|  70|0x00000000a4600000, 0x00000000a4600000, 0x00000000a4700000|  0%| F|  |TAMS 0x00000000a4600000, 0x00000000a4600000| Untracked 
|  71|0x00000000a4700000, 0x00000000a4700000, 0x00000000a4800000|  0%| F|  |TAMS 0x00000000a4700000, 0x00000000a4700000| Untracked 
|  72|0x00000000a4800000, 0x00000000a4800000, 0x00000000a4900000|  0%| F|  |TAMS 0x00000000a4800000, 0x00000000a4800000| Untracked 
|  73|0x00000000a4900000, 0x00000000a4900000, 0x00000000a4a00000|  0%| F|  |TAMS 0x00000000a4900000, 0x00000000a4900000| Untracked 
|  74|0x00000000a4a00000, 0x00000000a4a00000, 0x00000000a4b00000|  0%| F|  |TAMS 0x00000000a4a00000, 0x00000000a4a00000| Untracked 
|  75|0x00000000a4b00000, 0x00000000a4b00000, 0x00000000a4c00000|  0%| F|  |TAMS 0x00000000a4b00000, 0x00000000a4b00000| Untracked 
|  76|0x00000000a4c00000, 0x00000000a4c00000, 0x00000000a4d00000|  0%| F|  |TAMS 0x00000000a4c00000, 0x00000000a4c00000| Untracked 
|  77|0x00000000a4d00000, 0x00000000a4d00000, 0x00000000a4e00000|  0%| F|  |TAMS 0x00000000a4d00000, 0x00000000a4d00000| Untracked 
|  78|0x00000000a4e00000, 0x00000000a4e00000, 0x00000000a4f00000|  0%| F|  |TAMS 0x00000000a4e00000, 0x00000000a4e00000| Untracked 
|  79|0x00000000a4f00000, 0x00000000a4f00000, 0x00000000a5000000|  0%| F|  |TAMS 0x00000000a4f00000, 0x00000000a4f00000| Untracked 
|  80|0x00000000a5000000, 0x00000000a5000000, 0x00000000a5100000|  0%| F|  |TAMS 0x00000000a5000000, 0x00000000a5000000| Untracked 
|  81|0x00000000a5100000, 0x00000000a5100000, 0x00000000a5200000|  0%| F|  |TAMS 0x00000000a5100000, 0x00000000a5100000| Untracked 
|  82|0x00000000a5200000, 0x00000000a5200000, 0x00000000a5300000|  0%| F|  |TAMS 0x00000000a5200000, 0x00000000a5200000| Untracked 
|  83|0x00000000a5300000, 0x00000000a5300000, 0x00000000a5400000|  0%| F|  |TAMS 0x00000000a5300000, 0x00000000a5300000| Untracked 
|  84|0x00000000a5400000, 0x00000000a5400000, 0x00000000a5500000|  0%| F|  |TAMS 0x00000000a5400000, 0x00000000a5400000| Untracked 
|  85|0x00000000a5500000, 0x00000000a5500000, 0x00000000a5600000|  0%| F|  |TAMS 0x00000000a5500000, 0x00000000a5500000| Untracked 
|  86|0x00000000a5600000, 0x00000000a5600000, 0x00000000a5700000|  0%| F|  |TAMS 0x00000000a5600000, 0x00000000a5600000| Untracked 
|  87|0x00000000a5700000, 0x00000000a5700000, 0x00000000a5800000|  0%| F|  |TAMS 0x00000000a5700000, 0x00000000a5700000| Untracked 
|  88|0x00000000a5800000, 0x00000000a5800000, 0x00000000a5900000|  0%| F|  |TAMS 0x00000000a5800000, 0x00000000a5800000| Untracked 
|  89|0x00000000a5900000, 0x00000000a5900000, 0x00000000a5a00000|  0%| F|  |TAMS 0x00000000a5900000, 0x00000000a5900000| Untracked 
|  90|0x00000000a5a00000, 0x00000000a5a00000, 0x00000000a5b00000|  0%| F|  |TAMS 0x00000000a5a00000, 0x00000000a5a00000| Untracked 
|  91|0x00000000a5b00000, 0x00000000a5b00000, 0x00000000a5c00000|  0%| F|  |TAMS 0x00000000a5b00000, 0x00000000a5b00000| Untracked 
|  92|0x00000000a5c00000, 0x00000000a5c00000, 0x00000000a5d00000|  0%| F|  |TAMS 0x00000000a5c00000, 0x00000000a5c00000| Untracked 
|  93|0x00000000a5d00000, 0x00000000a5d00000, 0x00000000a5e00000|  0%| F|  |TAMS 0x00000000a5d00000, 0x00000000a5d00000| Untracked 
|  94|0x00000000a5e00000, 0x00000000a5e00000, 0x00000000a5f00000|  0%| F|  |TAMS 0x00000000a5e00000, 0x00000000a5e00000| Untracked 
|  95|0x00000000a5f00000, 0x00000000a5f00000, 0x00000000a6000000|  0%| F|  |TAMS 0x00000000a5f00000, 0x00000000a5f00000| Untracked 
|  96|0x00000000a6000000, 0x00000000a6000000, 0x00000000a6100000|  0%| F|  |TAMS 0x00000000a6000000, 0x00000000a6000000| Untracked 
|  97|0x00000000a6100000, 0x00000000a6100000, 0x00000000a6200000|  0%| F|  |TAMS 0x00000000a6100000, 0x00000000a6100000| Untracked 
|  98|0x00000000a6200000, 0x00000000a6200000, 0x00000000a6300000|  0%| F|  |TAMS 0x00000000a6200000, 0x00000000a6200000| Untracked 
|  99|0x00000000a6300000, 0x00000000a6300000, 0x00000000a6400000|  0%| F|  |TAMS 0x00000000a6300000, 0x00000000a6300000| Untracked 
| 100|0x00000000a6400000, 0x00000000a6400000, 0x00000000a6500000|  0%| F|  |TAMS 0x00000000a6400000, 0x00000000a6400000| Untracked 
| 101|0x00000000a6500000, 0x00000000a6500000, 0x00000000a6600000|  0%| F|  |TAMS 0x00000000a6500000, 0x00000000a6500000| Untracked 
| 102|0x00000000a6600000, 0x00000000a6600000, 0x00000000a6700000|  0%| F|  |TAMS 0x00000000a6600000, 0x00000000a6600000| Untracked 
| 103|0x00000000a6700000, 0x00000000a6700000, 0x00000000a6800000|  0%| F|  |TAMS 0x00000000a6700000, 0x00000000a6700000| Untracked 
| 104|0x00000000a6800000, 0x00000000a6800000, 0x00000000a6900000|  0%| F|  |TAMS 0x00000000a6800000, 0x00000000a6800000| Untracked 
| 105|0x00000000a6900000, 0x00000000a6900000, 0x00000000a6a00000|  0%| F|  |TAMS 0x00000000a6900000, 0x00000000a6900000| Untracked 
| 106|0x00000000a6a00000, 0x00000000a6a00000, 0x00000000a6b00000|  0%| F|  |TAMS 0x00000000a6a00000, 0x00000000a6a00000| Untracked 
| 107|0x00000000a6b00000, 0x00000000a6b00000, 0x00000000a6c00000|  0%| F|  |TAMS 0x00000000a6b00000, 0x00000000a6b00000| Untracked 
| 108|0x00000000a6c00000, 0x00000000a6c00000, 0x00000000a6d00000|  0%| F|  |TAMS 0x00000000a6c00000, 0x00000000a6c00000| Untracked 
| 109|0x00000000a6d00000, 0x00000000a6d00000, 0x00000000a6e00000|  0%| F|  |TAMS 0x00000000a6d00000, 0x00000000a6d00000| Untracked 
| 110|0x00000000a6e00000, 0x00000000a6e00000, 0x00000000a6f00000|  0%| F|  |TAMS 0x00000000a6e00000, 0x00000000a6e00000| Untracked 
| 111|0x00000000a6f00000, 0x00000000a6f00000, 0x00000000a7000000|  0%| F|  |TAMS 0x00000000a6f00000, 0x00000000a6f00000| Untracked 
| 112|0x00000000a7000000, 0x00000000a7000000, 0x00000000a7100000|  0%| F|  |TAMS 0x00000000a7000000, 0x00000000a7000000| Untracked 
| 113|0x00000000a7100000, 0x00000000a7100000, 0x00000000a7200000|  0%| F|  |TAMS 0x00000000a7100000, 0x00000000a7100000| Untracked 
| 114|0x00000000a7200000, 0x00000000a7200000, 0x00000000a7300000|  0%| F|  |TAMS 0x00000000a7200000, 0x00000000a7200000| Untracked 
| 115|0x00000000a7300000, 0x00000000a7300000, 0x00000000a7400000|  0%| F|  |TAMS 0x00000000a7300000, 0x00000000a7300000| Untracked 
| 116|0x00000000a7400000, 0x00000000a7400000, 0x00000000a7500000|  0%| F|  |TAMS 0x00000000a7400000, 0x00000000a7400000| Untracked 
| 117|0x00000000a7500000, 0x00000000a7500000, 0x00000000a7600000|  0%| F|  |TAMS 0x00000000a7500000, 0x00000000a7500000| Untracked 
| 118|0x00000000a7600000, 0x00000000a7600000, 0x00000000a7700000|  0%| F|  |TAMS 0x00000000a7600000, 0x00000000a7600000| Untracked 
| 119|0x00000000a7700000, 0x00000000a7700000, 0x00000000a7800000|  0%| F|  |TAMS 0x00000000a7700000, 0x00000000a7700000| Untracked 
| 120|0x00000000a7800000, 0x00000000a7800000, 0x00000000a7900000|  0%| F|  |TAMS 0x00000000a7800000, 0x00000000a7800000| Untracked 
| 121|0x00000000a7900000, 0x00000000a79e7130, 0x00000000a7a00000| 90%| S|CS|TAMS 0x00000000a7900000, 0x00000000a7900000| Complete 
| 122|0x00000000a7a00000, 0x00000000a7b00000, 0x00000000a7b00000|100%| S|CS|TAMS 0x00000000a7a00000, 0x00000000a7a00000| Complete 
| 123|0x00000000a7b00000, 0x00000000a7c00000, 0x00000000a7c00000|100%| S|CS|TAMS 0x00000000a7b00000, 0x00000000a7b00000| Complete 
| 124|0x00000000a7c00000, 0x00000000a7d00000, 0x00000000a7d00000|100%| S|CS|TAMS 0x00000000a7c00000, 0x00000000a7c00000| Complete 
| 125|0x00000000a7d00000, 0x00000000a7e00000, 0x00000000a7e00000|100%| S|CS|TAMS 0x00000000a7d00000, 0x00000000a7d00000| Complete 
| 126|0x00000000a7e00000, 0x00000000a7f00000, 0x00000000a7f00000|100%| S|CS|TAMS 0x00000000a7e00000, 0x00000000a7e00000| Complete 
| 127|0x00000000a7f00000, 0x00000000a8000000, 0x00000000a8000000|100%| S|CS|TAMS 0x00000000a7f00000, 0x00000000a7f00000| Complete 
| 128|0x00000000a8000000, 0x00000000a8100000, 0x00000000a8100000|100%| S|CS|TAMS 0x00000000a8000000, 0x00000000a8000000| Complete 
| 129|0x00000000a8100000, 0x00000000a8200000, 0x00000000a8200000|100%| S|CS|TAMS 0x00000000a8100000, 0x00000000a8100000| Complete 
| 130|0x00000000a8200000, 0x00000000a8300000, 0x00000000a8300000|100%| S|CS|TAMS 0x00000000a8200000, 0x00000000a8200000| Complete 
| 131|0x00000000a8300000, 0x00000000a8400000, 0x00000000a8400000|100%| S|CS|TAMS 0x00000000a8300000, 0x00000000a8300000| Complete 
| 132|0x00000000a8400000, 0x00000000a8500000, 0x00000000a8500000|100%| S|CS|TAMS 0x00000000a8400000, 0x00000000a8400000| Complete 
| 133|0x00000000a8500000, 0x00000000a8600000, 0x00000000a8600000|100%| S|CS|TAMS 0x00000000a8500000, 0x00000000a8500000| Complete 
| 134|0x00000000a8600000, 0x00000000a8700000, 0x00000000a8700000|100%| S|CS|TAMS 0x00000000a8600000, 0x00000000a8600000| Complete 
| 135|0x00000000a8700000, 0x00000000a8700000, 0x00000000a8800000|  0%| F|  |TAMS 0x00000000a8700000, 0x00000000a8700000| Untracked 
| 136|0x00000000a8800000, 0x00000000a8800000, 0x00000000a8900000|  0%| F|  |TAMS 0x00000000a8800000, 0x00000000a8800000| Untracked 
| 137|0x00000000a8900000, 0x00000000a8900000, 0x00000000a8a00000|  0%| F|  |TAMS 0x00000000a8900000, 0x00000000a8900000| Untracked 
| 138|0x00000000a8a00000, 0x00000000a8a00000, 0x00000000a8b00000|  0%| F|  |TAMS 0x00000000a8a00000, 0x00000000a8a00000| Untracked 
| 139|0x00000000a8b00000, 0x00000000a8b00000, 0x00000000a8c00000|  0%| F|  |TAMS 0x00000000a8b00000, 0x00000000a8b00000| Untracked 
| 140|0x00000000a8c00000, 0x00000000a8c00000, 0x00000000a8d00000|  0%| F|  |TAMS 0x00000000a8c00000, 0x00000000a8c00000| Untracked 
| 141|0x00000000a8d00000, 0x00000000a8d00000, 0x00000000a8e00000|  0%| F|  |TAMS 0x00000000a8d00000, 0x00000000a8d00000| Untracked 
| 142|0x00000000a8e00000, 0x00000000a8e00000, 0x00000000a8f00000|  0%| F|  |TAMS 0x00000000a8e00000, 0x00000000a8e00000| Untracked 
| 143|0x00000000a8f00000, 0x00000000a8f00000, 0x00000000a9000000|  0%| F|  |TAMS 0x00000000a8f00000, 0x00000000a8f00000| Untracked 
| 144|0x00000000a9000000, 0x00000000a9000000, 0x00000000a9100000|  0%| F|  |TAMS 0x00000000a9000000, 0x00000000a9000000| Untracked 
| 145|0x00000000a9100000, 0x00000000a9100000, 0x00000000a9200000|  0%| F|  |TAMS 0x00000000a9100000, 0x00000000a9100000| Untracked 
| 146|0x00000000a9200000, 0x00000000a9200000, 0x00000000a9300000|  0%| F|  |TAMS 0x00000000a9200000, 0x00000000a9200000| Untracked 
| 147|0x00000000a9300000, 0x00000000a9300000, 0x00000000a9400000|  0%| F|  |TAMS 0x00000000a9300000, 0x00000000a9300000| Untracked 
| 148|0x00000000a9400000, 0x00000000a9400000, 0x00000000a9500000|  0%| F|  |TAMS 0x00000000a9400000, 0x00000000a9400000| Untracked 
| 149|0x00000000a9500000, 0x00000000a9500000, 0x00000000a9600000|  0%| F|  |TAMS 0x00000000a9500000, 0x00000000a9500000| Untracked 
| 150|0x00000000a9600000, 0x00000000a9600000, 0x00000000a9700000|  0%| F|  |TAMS 0x00000000a9600000, 0x00000000a9600000| Untracked 
| 151|0x00000000a9700000, 0x00000000a9700000, 0x00000000a9800000|  0%| F|  |TAMS 0x00000000a9700000, 0x00000000a9700000| Untracked 
| 152|0x00000000a9800000, 0x00000000a9800000, 0x00000000a9900000|  0%| F|  |TAMS 0x00000000a9800000, 0x00000000a9800000| Untracked 
| 153|0x00000000a9900000, 0x00000000a9900000, 0x00000000a9a00000|  0%| F|  |TAMS 0x00000000a9900000, 0x00000000a9900000| Untracked 
| 154|0x00000000a9a00000, 0x00000000a9a00000, 0x00000000a9b00000|  0%| F|  |TAMS 0x00000000a9a00000, 0x00000000a9a00000| Untracked 
| 155|0x00000000a9b00000, 0x00000000a9b00000, 0x00000000a9c00000|  0%| F|  |TAMS 0x00000000a9b00000, 0x00000000a9b00000| Untracked 
| 156|0x00000000a9c00000, 0x00000000a9c00000, 0x00000000a9d00000|  0%| F|  |TAMS 0x00000000a9c00000, 0x00000000a9c00000| Untracked 
| 157|0x00000000a9d00000, 0x00000000a9d00000, 0x00000000a9e00000|  0%| F|  |TAMS 0x00000000a9d00000, 0x00000000a9d00000| Untracked 
| 158|0x00000000a9e00000, 0x00000000a9e00000, 0x00000000a9f00000|  0%| F|  |TAMS 0x00000000a9e00000, 0x00000000a9e00000| Untracked 
| 159|0x00000000a9f00000, 0x00000000a9f00000, 0x00000000aa000000|  0%| F|  |TAMS 0x00000000a9f00000, 0x00000000a9f00000| Untracked 
| 160|0x00000000aa000000, 0x00000000aa000000, 0x00000000aa100000|  0%| F|  |TAMS 0x00000000aa000000, 0x00000000aa000000| Untracked 
| 161|0x00000000aa100000, 0x00000000aa100000, 0x00000000aa200000|  0%| F|  |TAMS 0x00000000aa100000, 0x00000000aa100000| Untracked 
| 162|0x00000000aa200000, 0x00000000aa200000, 0x00000000aa300000|  0%| F|  |TAMS 0x00000000aa200000, 0x00000000aa200000| Untracked 
| 163|0x00000000aa300000, 0x00000000aa300000, 0x00000000aa400000|  0%| F|  |TAMS 0x00000000aa300000, 0x00000000aa300000| Untracked 
| 164|0x00000000aa400000, 0x00000000aa400000, 0x00000000aa500000|  0%| F|  |TAMS 0x00000000aa400000, 0x00000000aa400000| Untracked 
| 165|0x00000000aa500000, 0x00000000aa500000, 0x00000000aa600000|  0%| F|  |TAMS 0x00000000aa500000, 0x00000000aa500000| Untracked 
| 166|0x00000000aa600000, 0x00000000aa600000, 0x00000000aa700000|  0%| F|  |TAMS 0x00000000aa600000, 0x00000000aa600000| Untracked 
| 167|0x00000000aa700000, 0x00000000aa700000, 0x00000000aa800000|  0%| F|  |TAMS 0x00000000aa700000, 0x00000000aa700000| Untracked 
| 168|0x00000000aa800000, 0x00000000aa800000, 0x00000000aa900000|  0%| F|  |TAMS 0x00000000aa800000, 0x00000000aa800000| Untracked 
| 169|0x00000000aa900000, 0x00000000aa900000, 0x00000000aaa00000|  0%| F|  |TAMS 0x00000000aa900000, 0x00000000aa900000| Untracked 
| 170|0x00000000aaa00000, 0x00000000aaa00000, 0x00000000aab00000|  0%| F|  |TAMS 0x00000000aaa00000, 0x00000000aaa00000| Untracked 
| 171|0x00000000aab00000, 0x00000000aab00000, 0x00000000aac00000|  0%| F|  |TAMS 0x00000000aab00000, 0x00000000aab00000| Untracked 
| 172|0x00000000aac00000, 0x00000000aac00000, 0x00000000aad00000|  0%| F|  |TAMS 0x00000000aac00000, 0x00000000aac00000| Untracked 
| 173|0x00000000aad00000, 0x00000000aad00000, 0x00000000aae00000|  0%| F|  |TAMS 0x00000000aad00000, 0x00000000aad00000| Untracked 
| 174|0x00000000aae00000, 0x00000000aae00000, 0x00000000aaf00000|  0%| F|  |TAMS 0x00000000aae00000, 0x00000000aae00000| Untracked 
| 175|0x00000000aaf00000, 0x00000000aaf00000, 0x00000000ab000000|  0%| F|  |TAMS 0x00000000aaf00000, 0x00000000aaf00000| Untracked 
| 176|0x00000000ab000000, 0x00000000ab000000, 0x00000000ab100000|  0%| F|  |TAMS 0x00000000ab000000, 0x00000000ab000000| Untracked 
| 177|0x00000000ab100000, 0x00000000ab100000, 0x00000000ab200000|  0%| F|  |TAMS 0x00000000ab100000, 0x00000000ab100000| Untracked 
| 178|0x00000000ab200000, 0x00000000ab200000, 0x00000000ab300000|  0%| F|  |TAMS 0x00000000ab200000, 0x00000000ab200000| Untracked 
| 179|0x00000000ab300000, 0x00000000ab300000, 0x00000000ab400000|  0%| F|  |TAMS 0x00000000ab300000, 0x00000000ab300000| Untracked 
| 180|0x00000000ab400000, 0x00000000ab400000, 0x00000000ab500000|  0%| F|  |TAMS 0x00000000ab400000, 0x00000000ab400000| Untracked 
| 181|0x00000000ab500000, 0x00000000ab500000, 0x00000000ab600000|  0%| F|  |TAMS 0x00000000ab500000, 0x00000000ab500000| Untracked 
| 182|0x00000000ab600000, 0x00000000ab600000, 0x00000000ab700000|  0%| F|  |TAMS 0x00000000ab600000, 0x00000000ab600000| Untracked 
| 183|0x00000000ab700000, 0x00000000ab700000, 0x00000000ab800000|  0%| F|  |TAMS 0x00000000ab700000, 0x00000000ab700000| Untracked 
| 184|0x00000000ab800000, 0x00000000ab800000, 0x00000000ab900000|  0%| F|  |TAMS 0x00000000ab800000, 0x00000000ab800000| Untracked 
| 185|0x00000000ab900000, 0x00000000ab900000, 0x00000000aba00000|  0%| F|  |TAMS 0x00000000ab900000, 0x00000000ab900000| Untracked 
| 186|0x00000000aba00000, 0x00000000aba00000, 0x00000000abb00000|  0%| F|  |TAMS 0x00000000aba00000, 0x00000000aba00000| Untracked 
| 187|0x00000000abb00000, 0x00000000abb00000, 0x00000000abc00000|  0%| F|  |TAMS 0x00000000abb00000, 0x00000000abb00000| Untracked 
| 188|0x00000000abc00000, 0x00000000abc00000, 0x00000000abd00000|  0%| F|  |TAMS 0x00000000abc00000, 0x00000000abc00000| Untracked 
| 189|0x00000000abd00000, 0x00000000abd00000, 0x00000000abe00000|  0%| F|  |TAMS 0x00000000abd00000, 0x00000000abd00000| Untracked 
| 190|0x00000000abe00000, 0x00000000abe00000, 0x00000000abf00000|  0%| F|  |TAMS 0x00000000abe00000, 0x00000000abe00000| Untracked 
| 191|0x00000000abf00000, 0x00000000abf00000, 0x00000000ac000000|  0%| F|  |TAMS 0x00000000abf00000, 0x00000000abf00000| Untracked 
| 192|0x00000000ac000000, 0x00000000ac000000, 0x00000000ac100000|  0%| F|  |TAMS 0x00000000ac000000, 0x00000000ac000000| Untracked 
| 193|0x00000000ac100000, 0x00000000ac100000, 0x00000000ac200000|  0%| F|  |TAMS 0x00000000ac100000, 0x00000000ac100000| Untracked 
| 194|0x00000000ac200000, 0x00000000ac200000, 0x00000000ac300000|  0%| F|  |TAMS 0x00000000ac200000, 0x00000000ac200000| Untracked 
| 195|0x00000000ac300000, 0x00000000ac300000, 0x00000000ac400000|  0%| F|  |TAMS 0x00000000ac300000, 0x00000000ac300000| Untracked 
| 196|0x00000000ac400000, 0x00000000ac400000, 0x00000000ac500000|  0%| F|  |TAMS 0x00000000ac400000, 0x00000000ac400000| Untracked 
| 197|0x00000000ac500000, 0x00000000ac500000, 0x00000000ac600000|  0%| F|  |TAMS 0x00000000ac500000, 0x00000000ac500000| Untracked 
| 198|0x00000000ac600000, 0x00000000ac600000, 0x00000000ac700000|  0%| F|  |TAMS 0x00000000ac600000, 0x00000000ac600000| Untracked 
| 199|0x00000000ac700000, 0x00000000ac700000, 0x00000000ac800000|  0%| F|  |TAMS 0x00000000ac700000, 0x00000000ac700000| Untracked 
| 200|0x00000000ac800000, 0x00000000ac800000, 0x00000000ac900000|  0%| F|  |TAMS 0x00000000ac800000, 0x00000000ac800000| Untracked 
| 201|0x00000000ac900000, 0x00000000ac900000, 0x00000000aca00000|  0%| F|  |TAMS 0x00000000ac900000, 0x00000000ac900000| Untracked 
| 202|0x00000000aca00000, 0x00000000aca00000, 0x00000000acb00000|  0%| F|  |TAMS 0x00000000aca00000, 0x00000000aca00000| Untracked 
| 203|0x00000000acb00000, 0x00000000acb00000, 0x00000000acc00000|  0%| F|  |TAMS 0x00000000acb00000, 0x00000000acb00000| Untracked 
| 204|0x00000000acc00000, 0x00000000acc00000, 0x00000000acd00000|  0%| F|  |TAMS 0x00000000acc00000, 0x00000000acc00000| Untracked 
| 205|0x00000000acd00000, 0x00000000acd00000, 0x00000000ace00000|  0%| F|  |TAMS 0x00000000acd00000, 0x00000000acd00000| Untracked 
| 206|0x00000000ace00000, 0x00000000ace00000, 0x00000000acf00000|  0%| F|  |TAMS 0x00000000ace00000, 0x00000000ace00000| Untracked 
| 207|0x00000000acf00000, 0x00000000acf00000, 0x00000000ad000000|  0%| F|  |TAMS 0x00000000acf00000, 0x00000000acf00000| Untracked 
| 208|0x00000000ad000000, 0x00000000ad000000, 0x00000000ad100000|  0%| F|  |TAMS 0x00000000ad000000, 0x00000000ad000000| Untracked 
| 209|0x00000000ad100000, 0x00000000ad100000, 0x00000000ad200000|  0%| F|  |TAMS 0x00000000ad100000, 0x00000000ad100000| Untracked 
| 210|0x00000000ad200000, 0x00000000ad200000, 0x00000000ad300000|  0%| F|  |TAMS 0x00000000ad200000, 0x00000000ad200000| Untracked 
| 211|0x00000000ad300000, 0x00000000ad300000, 0x00000000ad400000|  0%| F|  |TAMS 0x00000000ad300000, 0x00000000ad300000| Untracked 
| 212|0x00000000ad400000, 0x00000000ad400000, 0x00000000ad500000|  0%| F|  |TAMS 0x00000000ad400000, 0x00000000ad400000| Untracked 
| 213|0x00000000ad500000, 0x00000000ad500000, 0x00000000ad600000|  0%| F|  |TAMS 0x00000000ad500000, 0x00000000ad500000| Untracked 
| 214|0x00000000ad600000, 0x00000000ad600000, 0x00000000ad700000|  0%| F|  |TAMS 0x00000000ad600000, 0x00000000ad600000| Untracked 
| 215|0x00000000ad700000, 0x00000000ad700000, 0x00000000ad800000|  0%| F|  |TAMS 0x00000000ad700000, 0x00000000ad700000| Untracked 
| 216|0x00000000ad800000, 0x00000000ad800000, 0x00000000ad900000|  0%| F|  |TAMS 0x00000000ad800000, 0x00000000ad800000| Untracked 
| 217|0x00000000ad900000, 0x00000000ad900000, 0x00000000ada00000|  0%| F|  |TAMS 0x00000000ad900000, 0x00000000ad900000| Untracked 
| 218|0x00000000ada00000, 0x00000000ada00000, 0x00000000adb00000|  0%| F|  |TAMS 0x00000000ada00000, 0x00000000ada00000| Untracked 
| 219|0x00000000adb00000, 0x00000000adb00000, 0x00000000adc00000|  0%| F|  |TAMS 0x00000000adb00000, 0x00000000adb00000| Untracked 
| 220|0x00000000adc00000, 0x00000000adc00000, 0x00000000add00000|  0%| F|  |TAMS 0x00000000adc00000, 0x00000000adc00000| Untracked 
| 221|0x00000000add00000, 0x00000000add00000, 0x00000000ade00000|  0%| F|  |TAMS 0x00000000add00000, 0x00000000add00000| Untracked 
| 222|0x00000000ade00000, 0x00000000ade00000, 0x00000000adf00000|  0%| F|  |TAMS 0x00000000ade00000, 0x00000000ade00000| Untracked 
| 223|0x00000000adf00000, 0x00000000adf00000, 0x00000000ae000000|  0%| F|  |TAMS 0x00000000adf00000, 0x00000000adf00000| Untracked 
| 224|0x00000000ae000000, 0x00000000ae000000, 0x00000000ae100000|  0%| F|  |TAMS 0x00000000ae000000, 0x00000000ae000000| Untracked 
| 225|0x00000000ae100000, 0x00000000ae100000, 0x00000000ae200000|  0%| F|  |TAMS 0x00000000ae100000, 0x00000000ae100000| Untracked 
| 226|0x00000000ae200000, 0x00000000ae200000, 0x00000000ae300000|  0%| F|  |TAMS 0x00000000ae200000, 0x00000000ae200000| Untracked 
| 227|0x00000000ae300000, 0x00000000ae300000, 0x00000000ae400000|  0%| F|  |TAMS 0x00000000ae300000, 0x00000000ae300000| Untracked 
| 228|0x00000000ae400000, 0x00000000ae400000, 0x00000000ae500000|  0%| F|  |TAMS 0x00000000ae400000, 0x00000000ae400000| Untracked 
| 229|0x00000000ae500000, 0x00000000ae500000, 0x00000000ae600000|  0%| F|  |TAMS 0x00000000ae500000, 0x00000000ae500000| Untracked 
| 230|0x00000000ae600000, 0x00000000ae600000, 0x00000000ae700000|  0%| F|  |TAMS 0x00000000ae600000, 0x00000000ae600000| Untracked 
| 231|0x00000000ae700000, 0x00000000ae700000, 0x00000000ae800000|  0%| F|  |TAMS 0x00000000ae700000, 0x00000000ae700000| Untracked 
| 232|0x00000000ae800000, 0x00000000ae800000, 0x00000000ae900000|  0%| F|  |TAMS 0x00000000ae800000, 0x00000000ae800000| Untracked 
| 233|0x00000000ae900000, 0x00000000ae900000, 0x00000000aea00000|  0%| F|  |TAMS 0x00000000ae900000, 0x00000000ae900000| Untracked 
| 234|0x00000000aea00000, 0x00000000aea00000, 0x00000000aeb00000|  0%| F|  |TAMS 0x00000000aea00000, 0x00000000aea00000| Untracked 
| 235|0x00000000aeb00000, 0x00000000aeb00000, 0x00000000aec00000|  0%| F|  |TAMS 0x00000000aeb00000, 0x00000000aeb00000| Untracked 
| 236|0x00000000aec00000, 0x00000000aec00000, 0x00000000aed00000|  0%| F|  |TAMS 0x00000000aec00000, 0x00000000aec00000| Untracked 
| 237|0x00000000aed00000, 0x00000000aed00000, 0x00000000aee00000|  0%| F|  |TAMS 0x00000000aed00000, 0x00000000aed00000| Untracked 
| 238|0x00000000aee00000, 0x00000000aee00000, 0x00000000aef00000|  0%| F|  |TAMS 0x00000000aee00000, 0x00000000aee00000| Untracked 
| 239|0x00000000aef00000, 0x00000000aef00000, 0x00000000af000000|  0%| F|  |TAMS 0x00000000aef00000, 0x00000000aef00000| Untracked 
| 240|0x00000000af000000, 0x00000000af000000, 0x00000000af100000|  0%| F|  |TAMS 0x00000000af000000, 0x00000000af000000| Untracked 
| 241|0x00000000af100000, 0x00000000af100000, 0x00000000af200000|  0%| F|  |TAMS 0x00000000af100000, 0x00000000af100000| Untracked 
| 242|0x00000000af200000, 0x00000000af200000, 0x00000000af300000|  0%| F|  |TAMS 0x00000000af200000, 0x00000000af200000| Untracked 
| 243|0x00000000af300000, 0x00000000af300000, 0x00000000af400000|  0%| F|  |TAMS 0x00000000af300000, 0x00000000af300000| Untracked 
| 244|0x00000000af400000, 0x00000000af400000, 0x00000000af500000|  0%| F|  |TAMS 0x00000000af400000, 0x00000000af400000| Untracked 
| 245|0x00000000af500000, 0x00000000af5e2b80, 0x00000000af600000| 88%| E|  |TAMS 0x00000000af500000, 0x00000000af500000| Complete 
| 246|0x00000000af600000, 0x00000000af700000, 0x00000000af700000|100%| E|CS|TAMS 0x00000000af600000, 0x00000000af600000| Complete 
| 247|0x00000000af700000, 0x00000000af800000, 0x00000000af800000|100%| E|CS|TAMS 0x00000000af700000, 0x00000000af700000| Complete 
| 248|0x00000000af800000, 0x00000000af900000, 0x00000000af900000|100%| E|CS|TAMS 0x00000000af800000, 0x00000000af800000| Complete 
| 249|0x00000000af900000, 0x00000000afa00000, 0x00000000afa00000|100%| E|CS|TAMS 0x00000000af900000, 0x00000000af900000| Complete 
| 250|0x00000000afa00000, 0x00000000afb00000, 0x00000000afb00000|100%| E|CS|TAMS 0x00000000afa00000, 0x00000000afa00000| Complete 
| 251|0x00000000afb00000, 0x00000000afc00000, 0x00000000afc00000|100%| E|CS|TAMS 0x00000000afb00000, 0x00000000afb00000| Complete 
| 252|0x00000000afc00000, 0x00000000afd00000, 0x00000000afd00000|100%| E|CS|TAMS 0x00000000afc00000, 0x00000000afc00000| Complete 
| 253|0x00000000afd00000, 0x00000000afe00000, 0x00000000afe00000|100%| E|CS|TAMS 0x00000000afd00000, 0x00000000afd00000| Complete 
| 254|0x00000000afe00000, 0x00000000aff00000, 0x00000000aff00000|100%| E|CS|TAMS 0x00000000afe00000, 0x00000000afe00000| Complete 
| 255|0x00000000aff00000, 0x00000000b0000000, 0x00000000b0000000|100%| E|CS|TAMS 0x00000000aff00000, 0x00000000aff00000| Complete 

Card table byte_map: [0x00000277f8120000,0x00000277f8420000] _byte_map_base: 0x00000277f7c20000

Marking Bits (Prev, Next): (CMBitMap*) 0x00000277f4027ef8, (CMBitMap*) 0x00000277f4027f30
 Prev Bits: [0x00000277f8720000, 0x00000277f9f20000)
 Next Bits: [0x00000277f9f20000, 0x00000277fb720000)

Polling page: 0x00000277f1f90000

Metaspace:

Usage:
  Non-class:     69.00 MB capacity,    67.69 MB ( 98%) used,     1.10 MB (  2%) free+waste,   209.69 KB ( <1%) overhead. 
      Class:     10.88 MB capacity,    10.07 MB ( 93%) used,   732.86 KB (  7%) free+waste,    96.69 KB ( <1%) overhead. 
       Both:     79.88 MB capacity,    77.77 MB ( 97%) used,     1.81 MB (  2%) free+waste,   306.38 KB ( <1%) overhead. 

Virtual space:
  Non-class space:       70.00 MB reserved,      69.12 MB ( 99%) committed 
      Class space:        1.00 GB reserved,      10.95 MB (  1%) committed 
             Both:        1.07 GB reserved,      80.07 MB (  7%) committed 

Chunk freelists:
   Non-Class:  1.00 KB
       Class:  24.00 KB
        Both:  25.00 KB

MaxMetaspaceSize: 17179869184.00 GB
CompressedClassSpaceSize: 1.00 GB

CodeHeap 'non-profiled nmethods': size=120000Kb used=5695Kb max_used=5695Kb free=114304Kb
 bounds [0x0000027787ad0000, 0x0000027788060000, 0x000002778f000000]
CodeHeap 'profiled nmethods': size=120000Kb used=21548Kb max_used=21548Kb free=98451Kb
 bounds [0x00000277805a0000, 0x0000027781ab0000, 0x0000027787ad0000]
CodeHeap 'non-nmethods': size=5760Kb used=2256Kb max_used=2322Kb free=3503Kb
 bounds [0x0000027780000000, 0x0000027780270000, 0x00000277805a0000]
 total_blobs=10523 nmethods=9680 adapters=754
 compilation: enabled
              stopped_count=0, restarted_count=0
 full_count=0

Compilation events (20 events):
Event: 11.643 Thread 0x00000277fea40800 9711       3       org.gradle.internal.work.DefaultWorkerLeaseService$DefaultWorkerLease::doIsLockedByCurrentThread (23 bytes)
Event: 11.643 Thread 0x00000277fea40800 nmethod 9711 0x0000027781aa7290 code [0x0000027781aa7440, 0x0000027781aa75f8]
Event: 11.643 Thread 0x00000277fea40800 9712       1       org.gradle.internal.work.DefaultWorkerLeaseService::access$700 (5 bytes)
Event: 11.643 Thread 0x00000277fea40800 nmethod 9712 0x000002778805fa90 code [0x000002778805fc40, 0x000002778805fcd8]
Event: 11.658 Thread 0x00000277fea40800 9714       3       java.io.ObjectOutputStream$BlockDataOutputStream::writeBytes (144 bytes)
Event: 11.659 Thread 0x00000277fea40800 nmethod 9714 0x0000027781aa7690 code [0x0000027781aa78a0, 0x0000027781aa7f38]
Event: 11.659 Thread 0x00000277fea40800 9716       3       org.gradle.api.internal.file.collections.DefaultFileCollectionResolveContext::add (19 bytes)
Event: 11.659 Thread 0x00000277fea40800 nmethod 9716 0x0000027781aa8290 code [0x0000027781aa84a0, 0x0000027781aa8a18]
Event: 11.659 Thread 0x00000277fea40800 9715       3       org.gradle.api.internal.file.CompositeFileCollection::getSourceCollections (22 bytes)
Event: 11.659 Thread 0x00000277fea40800 nmethod 9715 0x0000027781aa8c10 code [0x0000027781aa8e60, 0x0000027781aa9898]
Event: 11.670 Thread 0x00000277fea40800 9719       2       org.jetbrains.kotlin.incremental.IncrementalJvmCompilerRunnerKt$classpathAsList$2::invoke (9 bytes)
Event: 11.670 Thread 0x00000277fea40800 nmethod 9719 0x0000027781aa9c10 code [0x0000027781aa9de0, 0x0000027781aa9f78]
Event: 11.670 Thread 0x00000277fea40800 9720       2       org.jetbrains.kotlin.incremental.IncrementalJvmCompilerRunnerKt$classpathAsList$2::invoke (20 bytes)
Event: 11.671 Thread 0x00000277fea40800 nmethod 9720 0x0000027781aaa090 code [0x0000027781aaa260, 0x0000027781aaa3b8]
Event: 11.699 Thread 0x00000277fea40800 9721       2       java.util.Arrays::copyOf (19 bytes)
Event: 11.700 Thread 0x00000277fea40800 nmethod 9721 0x0000027781aaa510 code [0x0000027781aaa6c0, 0x0000027781aaa8c8]
Event: 11.712 Thread 0x00000277fea40800 9722       2       kotlin.jvm.internal.CallableReference::<init> (10 bytes)
Event: 11.712 Thread 0x00000277fea40800 nmethod 9722 0x0000027781aaa990 code [0x0000027781aaab40, 0x0000027781aaac78]
Event: 11.722 Thread 0x00000277fea40800 9723       2       jdk.internal.loader.AbstractClassLoaderValue::map (20 bytes)
Event: 11.722 Thread 0x00000277fea40800 nmethod 9723 0x0000027781aaad10 code [0x0000027781aaaec0, 0x0000027781aaafe8]

GC Heap History (20 events):
Event: 3.707 GC heap before
{Heap before GC invocations=1 (full 0):
 garbage-first heap   total 262144K, used 87609K [0x00000000a0000000, 0x0000000100000000)
  region size 1024K, 81 young (82944K), 3 survivors (3072K)
 Metaspace       used 20629K, capacity 21130K, committed 21296K, reserved 1069056K
  class space    used 2424K, capacity 2569K, committed 2688K, reserved 1048576K
}
Event: 3.714 GC heap after
{Heap after GC invocations=2 (full 0):
 garbage-first heap   total 262144K, used 15972K [0x00000000a0000000, 0x0000000100000000)
  region size 1024K, 11 young (11264K), 11 survivors (11264K)
 Metaspace       used 20629K, capacity 21130K, committed 21296K, reserved 1069056K
  class space    used 2424K, capacity 2569K, committed 2688K, reserved 1048576K
}
Event: 4.263 GC heap before
{Heap before GC invocations=3 (full 0):
 garbage-first heap   total 262144K, used 71268K [0x00000000a0000000, 0x0000000100000000)
  region size 1024K, 65 young (66560K), 11 survivors (11264K)
 Metaspace       used 27158K, capacity 27853K, committed 28080K, reserved 1073152K
  class space    used 3476K, capacity 3713K, committed 3840K, reserved 1048576K
}
Event: 4.269 GC heap after
{Heap after GC invocations=4 (full 0):
 garbage-first heap   total 262144K, used 18475K [0x00000000a0000000, 0x0000000100000000)
  region size 1024K, 3 young (3072K), 3 survivors (3072K)
 Metaspace       used 27158K, capacity 27853K, committed 28080K, reserved 1073152K
  class space    used 3476K, capacity 3713K, committed 3840K, reserved 1048576K
}
Event: 4.768 GC heap before
{Heap before GC invocations=4 (full 0):
 garbage-first heap   total 262144K, used 54315K [0x00000000a0000000, 0x0000000100000000)
  region size 1024K, 40 young (40960K), 3 survivors (3072K)
 Metaspace       used 34898K, capacity 35689K, committed 35888K, reserved 1081344K
  class space    used 4438K, capacity 4708K, committed 4736K, reserved 1048576K
}
Event: 4.774 GC heap after
{Heap after GC invocations=5 (full 0):
 garbage-first heap   total 262144K, used 21220K [0x00000000a0000000, 0x0000000100000000)
  region size 1024K, 6 young (6144K), 6 survivors (6144K)
 Metaspace       used 34898K, capacity 35689K, committed 35888K, reserved 1081344K
  class space    used 4438K, capacity 4708K, committed 4736K, reserved 1048576K
}
Event: 5.831 GC heap before
{Heap before GC invocations=6 (full 0):
 garbage-first heap   total 262144K, used 126692K [0x00000000a0000000, 0x0000000100000000)
  region size 1024K, 107 young (109568K), 6 survivors (6144K)
 Metaspace       used 43383K, capacity 44434K, committed 44592K, reserved 1087488K
  class space    used 5550K, capacity 5952K, committed 6016K, reserved 1048576K
}
Event: 5.842 GC heap after
{Heap after GC invocations=7 (full 0):
 garbage-first heap   total 262144K, used 27449K [0x00000000a0000000, 0x0000000100000000)
  region size 1024K, 12 young (12288K), 12 survivors (12288K)
 Metaspace       used 43383K, capacity 44434K, committed 44592K, reserved 1087488K
  class space    used 5550K, capacity 5952K, committed 6016K, reserved 1048576K
}
Event: 7.145 GC heap before
{Heap before GC invocations=7 (full 0):
 garbage-first heap   total 262144K, used 177977K [0x00000000a0000000, 0x0000000100000000)
  region size 1024K, 153 young (156672K), 12 survivors (12288K)
 Metaspace       used 57027K, capacity 58390K, committed 58672K, reserved 1099776K
  class space    used 7195K, capacity 7698K, committed 7808K, reserved 1048576K
}
Event: 7.161 GC heap after
{Heap after GC invocations=8 (full 0):
 garbage-first heap   total 262144K, used 47064K [0x00000000a0000000, 0x0000000100000000)
  region size 1024K, 20 young (20480K), 20 survivors (20480K)
 Metaspace       used 57027K, capacity 58390K, committed 58672K, reserved 1099776K
  class space    used 7195K, capacity 7698K, committed 7808K, reserved 1048576K
}
Event: 7.254 GC heap before
{Heap before GC invocations=8 (full 0):
 garbage-first heap   total 262144K, used 52184K [0x00000000a0000000, 0x0000000100000000)
  region size 1024K, 26 young (26624K), 20 survivors (20480K)
 Metaspace       used 58578K, capacity 59959K, committed 60028K, reserved 1101824K
  class space    used 7374K, capacity 7907K, committed 7936K, reserved 1048576K
}
Event: 7.273 GC heap after
{Heap after GC invocations=9 (full 0):
 garbage-first heap   total 262144K, used 48582K [0x00000000a0000000, 0x0000000100000000)
  region size 1024K, 3 young (3072K), 3 survivors (3072K)
 Metaspace       used 58578K, capacity 59959K, committed 60028K, reserved 1101824K
  class space    used 7374K, capacity 7907K, committed 7936K, reserved 1048576K
}
Event: 8.468 GC heap before
{Heap before GC invocations=10 (full 0):
 garbage-first heap   total 262144K, used 159174K [0x00000000a0000000, 0x0000000100000000)
  region size 1024K, 111 young (113664K), 3 survivors (3072K)
 Metaspace       used 67033K, capacity 68727K, committed 68808K, reserved 1110016K
  class space    used 8622K, capacity 9234K, committed 9292K, reserved 1048576K
}
Event: 8.480 GC heap after
{Heap after GC invocations=11 (full 0):
 garbage-first heap   total 262144K, used 55513K [0x00000000a0000000, 0x0000000100000000)
  region size 1024K, 10 young (10240K), 10 survivors (10240K)
 Metaspace       used 67033K, capacity 68727K, committed 68808K, reserved 1110016K
  class space    used 8622K, capacity 9234K, committed 9292K, reserved 1048576K
}
Event: 9.913 GC heap before
{Heap before GC invocations=12 (full 0):
 garbage-first heap   total 262144K, used 170201K [0x00000000a0000000, 0x0000000100000000)
  region size 1024K, 123 young (125952K), 10 survivors (10240K)
 Metaspace       used 75855K, capacity 77843K, committed 77896K, reserved 1116160K
  class space    used 9929K, capacity 10659K, committed 10700K, reserved 1048576K
}
Event: 9.931 GC heap after
{Heap after GC invocations=13 (full 0):
 garbage-first heap   total 262144K, used 65461K [0x00000000a0000000, 0x0000000100000000)
  region size 1024K, 10 young (10240K), 10 survivors (10240K)
 Metaspace       used 75855K, capacity 77843K, committed 77896K, reserved 1116160K
  class space    used 9929K, capacity 10659K, committed 10700K, reserved 1048576K
}
Event: 11.057 GC heap before
{Heap before GC invocations=13 (full 0):
 garbage-first heap   total 262144K, used 181173K [0x00000000a0000000, 0x0000000100000000)
  region size 1024K, 123 young (125952K), 10 survivors (10240K)
 Metaspace       used 77699K, capacity 79842K, committed 79944K, reserved 1118208K
  class space    used 10085K, capacity 10903K, committed 10956K, reserved 1048576K
}
Event: 11.068 GC heap after
{Heap after GC invocations=14 (full 0):
 garbage-first heap   total 262144K, used 73270K [0x00000000a0000000, 0x0000000100000000)
  region size 1024K, 8 young (8192K), 8 survivors (8192K)
 Metaspace       used 77699K, capacity 79842K, committed 79944K, reserved 1118208K
  class space    used 10085K, capacity 10903K, committed 10956K, reserved 1048576K
}
Event: 11.673 GC heap before
{Heap before GC invocations=14 (full 0):
 garbage-first heap   total 262144K, used 187958K [0x00000000a0000000, 0x0000000100000000)
  region size 1024K, 121 young (123904K), 8 survivors (8192K)
 Metaspace       used 78553K, capacity 80739K, committed 80840K, reserved 1120256K
  class space    used 10154K, capacity 10984K, committed 11084K, reserved 1048576K
}
Event: 11.685 GC heap after
{Heap after GC invocations=15 (full 0):
 garbage-first heap   total 262144K, used 79314K [0x00000000a0000000, 0x0000000100000000)
  region size 1024K, 14 young (14336K), 14 survivors (14336K)
 Metaspace       used 78553K, capacity 80739K, committed 80840K, reserved 1120256K
  class space    used 10154K, capacity 10984K, committed 11084K, reserved 1048576K
}

Deoptimization events (20 events):
Event: 11.551 Thread 0x0000027794ada800 DEOPT PACKING pc=0x000002778805ad80 sp=0x000000b3fcefd3e0
Event: 11.551 Thread 0x0000027794ae0800 DEOPT PACKING pc=0x000002778805ad80 sp=0x000000b3fcdfd400
Event: 11.551 Thread 0x0000027794ada800 DEOPT UNPACKING pc=0x000002778002662f sp=0x000000b3fcefd378 mode 2
Event: 11.551 Thread 0x0000027794ae0800 DEOPT UNPACKING pc=0x000002778002662f sp=0x000000b3fcdfd398 mode 2
Event: 11.551 Thread 0x0000027794adf800 Uncommon trap: trap_request=0xfffffff4 fr.pc=0x000002778805ad80 relative=0x00000000000004c0
Event: 11.551 Thread 0x0000027794adf800 Uncommon trap: reason=null_check action=make_not_entrant pc=0x000002778805ad80 method=org.gradle.tooling.internal.provider.runner.SubtreeFilteringBuildOperationListener.finished(Lorg/gradle/internal/operations/BuildOperationDescriptor;Lorg/gradle/internal
Event: 11.551 Thread 0x0000027794adf800 DEOPT PACKING pc=0x000002778805ad80 sp=0x000000b3fccfd940
Event: 11.551 Thread 0x0000027794adf800 DEOPT UNPACKING pc=0x000002778002662f sp=0x000000b3fccfd8d8 mode 2
Event: 11.578 Thread 0x0000027794ae7000 Uncommon trap: trap_request=0xffffff4d fr.pc=0x0000027787f72a94 relative=0x0000000000000354
Event: 11.578 Thread 0x0000027794ae7000 Uncommon trap: reason=unstable_if action=reinterpret pc=0x0000027787f72a94 method=java.util.concurrent.ConcurrentLinkedQueue.offer(Ljava/lang/Object;)Z @ 42 c2
Event: 11.578 Thread 0x0000027794ae7000 DEOPT PACKING pc=0x0000027787f72a94 sp=0x000000b3fd0fd890
Event: 11.578 Thread 0x0000027794ae7000 DEOPT UNPACKING pc=0x000002778002662f sp=0x000000b3fd0fd850 mode 2
Event: 11.646 Thread 0x0000027794ae0800 Uncommon trap: trap_request=0xffffff4d fr.pc=0x0000027787fc1714 relative=0x0000000000000a14
Event: 11.646 Thread 0x0000027794ae0800 Uncommon trap: reason=unstable_if action=reinterpret pc=0x0000027787fc1714 method=java.util.concurrent.ConcurrentLinkedQueue.poll()Ljava/lang/Object; @ 24 c2
Event: 11.646 Thread 0x0000027794ae0800 DEOPT PACKING pc=0x0000027787fc1714 sp=0x000000b3fcdfd8c0
Event: 11.646 Thread 0x0000027794ae0800 DEOPT UNPACKING pc=0x000002778002662f sp=0x000000b3fcdfd808 mode 2
Event: 11.658 Thread 0x000002779802a800 Uncommon trap: trap_request=0xffffff4d fr.pc=0x000002778804b72c relative=0x000000000000046c
Event: 11.658 Thread 0x000002779802a800 Uncommon trap: reason=unstable_if action=reinterpret pc=0x000002778804b72c method=java.io.ObjectOutputStream$BlockDataOutputStream.writeBytes(Ljava/lang/String;)V @ 22 c2
Event: 11.658 Thread 0x000002779802a800 DEOPT PACKING pc=0x000002778804b72c sp=0x000000b384efc050
Event: 11.658 Thread 0x000002779802a800 DEOPT UNPACKING pc=0x000002778002662f sp=0x000000b384efbfd8 mode 2

Classes redefined (0 events):
No events

Internal exceptions (20 events):
Event: 10.205 Thread 0x0000027794ae0800 Exception <a 'java/lang/NoSuchMethodError'{0x00000000af27da78}: 'java.lang.Object java.lang.invoke.DirectMethodHandle$Holder.invokeSpecialIFC(java.lang.Object, java.lang.Object, java.lang.Object)'> (0x00000000af27da78) thrown at [./src/hotspot/share/interpreter/linkResolver.cpp, line 773]
Event: 10.205 Thread 0x0000027794adb800 Exception <a 'java/lang/NoSuchMethodError'{0x00000000af2b7950}: 'java.lang.Object java.lang.invoke.DirectMethodHandle$Holder.invokeSpecialIFC(java.lang.Object, java.lang.Object, java.lang.Object)'> (0x00000000af2b7950) thrown at [./src/hotspot/share/interpreter/linkResolver.cpp, line 773]
Event: 10.663 Thread 0x0000027794adf800 Implicit null exception at 0x0000027787fa874e to 0x0000027787fa8f1c
Event: 10.903 Thread 0x000002779802a800 Exception <a 'java/lang/ClassNotFoundException'{0x00000000aa77aaa0}: org/gradle/api/internal/provider/DefaultValueSourceProviderFactory$ConfigurationTimeProviderBeanInfo> (0x00000000aa77aaa0) thrown at [./src/hotspot/share/classfile/systemDictionary.cpp, line 231]
Event: 10.904 Thread 0x000002779802a800 Exception <a 'java/lang/ClassNotFoundException'{0x00000000aa78af30}: org/gradle/api/internal/provider/DefaultValueSourceProviderFactory$ConfigurationTimeProviderCustomizer> (0x00000000aa78af30) thrown at [./src/hotspot/share/classfile/systemDictionary.cpp, line 231]
Event: 10.921 Thread 0x000002779802a800 Exception <a 'java/lang/ClassNotFoundException'{0x00000000aa61b688}: com/google/firebase/crashlytics/buildtools/android/project/XmlBuildIdReaderBeanInfo> (0x00000000aa61b688) thrown at [./src/hotspot/share/classfile/systemDictionary.cpp, line 231]
Event: 10.921 Thread 0x000002779802a800 Exception <a 'java/lang/ClassNotFoundException'{0x00000000aa62c9c8}: com/google/firebase/crashlytics/buildtools/android/project/XmlBuildIdReaderCustomizer> (0x00000000aa62c9c8) thrown at [./src/hotspot/share/classfile/systemDictionary.cpp, line 231]
Event: 10.924 Thread 0x000002779802a800 Exception <a 'java/lang/ClassNotFoundException'{0x00000000aa666238}: com/google/firebase/crashlytics/buildtools/android/project/XmlBuildIdReader$StringXmlBuildIdReaderBeanInfo> (0x00000000aa666238) thrown at [./src/hotspot/share/classfile/systemDictionary.cpp, line 231]
Event: 10.924 Thread 0x000002779802a800 Exception <a 'java/lang/ClassNotFoundException'{0x00000000aa67a030}: com/google/firebase/crashlytics/buildtools/android/project/XmlBuildIdReader$StringXmlBuildIdReaderCustomizer> (0x00000000aa67a030) thrown at [./src/hotspot/share/classfile/systemDictionary.cpp, line 231]
Event: 10.926 Thread 0x000002779802a800 Exception <a 'java/lang/ClassNotFoundException'{0x00000000aa6b2148}: java/lang/BooleanBeanInfo> (0x00000000aa6b2148) thrown at [./src/hotspot/share/classfile/systemDictionary.cpp, line 231]
Event: 10.927 Thread 0x000002779802a800 Exception <a 'java/lang/ClassNotFoundException'{0x00000000aa6b65e8}: java/lang/BooleanCustomizer> (0x00000000aa6b65e8) thrown at [./src/hotspot/share/classfile/systemDictionary.cpp, line 231]
Event: 11.082 Thread 0x000002779802a800 Exception <a 'java/lang/NoSuchMethodError'{0x00000000afd1cac8}: <clinit>> (0x00000000afd1cac8) thrown at [./src/hotspot/share/prims/jni.cpp, line 1362]
Event: 11.210 Thread 0x000002779802a800 Exception <a 'java/lang/NoSuchMethodError'{0x00000000aea2a2c0}: <clinit>> (0x00000000aea2a2c0) thrown at [./src/hotspot/share/prims/jni.cpp, line 1362]
Event: 11.210 Thread 0x000002779802a800 Exception <a 'java/lang/NoSuchMethodError'{0x00000000aea2b9b8}: <clinit>> (0x00000000aea2b9b8) thrown at [./src/hotspot/share/prims/jni.cpp, line 1362]
Event: 11.210 Thread 0x000002779802a800 Exception <a 'java/lang/NoSuchMethodError'{0x00000000aea2e600}: <clinit>> (0x00000000aea2e600) thrown at [./src/hotspot/share/prims/jni.cpp, line 1362]
Event: 11.211 Thread 0x000002779802a800 Exception <a 'java/lang/NoSuchMethodError'{0x00000000aea44428}: <clinit>> (0x00000000aea44428) thrown at [./src/hotspot/share/prims/jni.cpp, line 1362]
Event: 11.211 Thread 0x000002779802a800 Exception <a 'java/lang/NoSuchMethodError'{0x00000000aea45660}: <clinit>> (0x00000000aea45660) thrown at [./src/hotspot/share/prims/jni.cpp, line 1362]
Event: 11.551 Thread 0x0000027794ae0800 Implicit null exception at 0x000002778805a952 to 0x000002778805ad58
Event: 11.551 Thread 0x0000027794ada800 Implicit null exception at 0x000002778805a952 to 0x000002778805ad58
Event: 11.551 Thread 0x0000027794adf800 Implicit null exception at 0x000002778805a952 to 0x000002778805ad58

Events (20 events):
Event: 11.743 loading class kotlin/reflect/jvm/internal/impl/builtins/jvm/JvmBuiltIns$settings$2$2
Event: 11.743 loading class kotlin/reflect/jvm/internal/impl/builtins/jvm/JvmBuiltIns$settings$2$2 done
Event: 11.744 loading class kotlin/reflect/jvm/internal/impl/builtins/jvm/JvmBuiltInsSettings$createMockJavaIoSerializableType$mockJavaIoPackageFragment$1
Event: 11.744 loading class kotlin/reflect/jvm/internal/impl/builtins/jvm/JvmBuiltInsSettings$createMockJavaIoSerializableType$mockJavaIoPackageFragment$1 done
Event: 11.744 loading class kotlin/reflect/jvm/internal/impl/descriptors/impl/PackageFragmentDescriptorImpl
Event: 11.744 loading class kotlin/reflect/jvm/internal/impl/descriptors/impl/PackageFragmentDescriptorImpl done
Event: 11.744 loading class kotlin/reflect/jvm/internal/impl/descriptors/PackageFragmentDescriptor
Event: 11.744 loading class kotlin/reflect/jvm/internal/impl/descriptors/PackageFragmentDescriptor done
Event: 11.744 loading class kotlin/reflect/jvm/internal/impl/descriptors/ClassOrPackageFragmentDescriptor
Event: 11.744 loading class kotlin/reflect/jvm/internal/impl/descriptors/ClassOrPackageFragmentDescriptor done
Event: 11.744 loading class kotlin/reflect/jvm/internal/impl/descriptors/impl/DeclarationDescriptorNonRootImpl
Event: 11.744 loading class kotlin/reflect/jvm/internal/impl/descriptors/impl/DeclarationDescriptorNonRootImpl done
Event: 11.745 loading class kotlin/reflect/jvm/internal/impl/descriptors/SourceElement
Event: 11.745 loading class kotlin/reflect/jvm/internal/impl/descriptors/SourceElement done
Event: 11.745 loading class kotlin/reflect/jvm/internal/impl/descriptors/SourceElement$1
Event: 11.745 loading class kotlin/reflect/jvm/internal/impl/descriptors/SourceElement$1 done
Event: 11.745 loading class kotlin/reflect/jvm/internal/impl/types/LazyWrappedType
Event: 11.745 loading class kotlin/reflect/jvm/internal/impl/types/LazyWrappedType done
Event: 11.746 loading class kotlin/reflect/jvm/internal/impl/types/WrappedType
Event: 11.746 loading class kotlin/reflect/jvm/internal/impl/types/WrappedType done


Dynamic libraries:
0x00007ff73cf30000 - 0x00007ff73cf3a000 	C:\Program Files\Android\Android Studio\jre\bin\java.exe
0x00007ffa79590000 - 0x00007ffa79787000 	C:\WINDOWS\SYSTEM32\ntdll.dll
0x00007ffa78cd0000 - 0x00007ffa78d8d000 	C:\WINDOWS\System32\KERNEL32.DLL
0x00007ffa77110000 - 0x00007ffa773dd000 	C:\WINDOWS\System32\KERNELBASE.dll
0x00007ffa76e10000 - 0x00007ffa76f10000 	C:\WINDOWS\System32\ucrtbase.dll
0x00007ffa706c0000 - 0x00007ffa706d7000 	C:\Program Files\Android\Android Studio\jre\bin\VCRUNTIME140.dll
0x00007ffa706a0000 - 0x00007ffa706b9000 	C:\Program Files\Android\Android Studio\jre\bin\jli.dll
0x00007ffa77f20000 - 0x00007ffa780c0000 	C:\WINDOWS\System32\USER32.dll
0x00007ffa770e0000 - 0x00007ffa77102000 	C:\WINDOWS\System32\win32u.dll
0x00007ffa666f0000 - 0x00007ffa6698a000 	C:\WINDOWS\WinSxS\amd64_microsoft.windows.common-controls_6595b64144ccf1df_6.0.19041.1110_none_60b5254171f9507e\COMCTL32.dll
0x00007ffa79170000 - 0x00007ffa7919a000 	C:\WINDOWS\System32\GDI32.dll
0x00007ffa791b0000 - 0x00007ffa7924e000 	C:\WINDOWS\System32\msvcrt.dll
0x00007ffa76f40000 - 0x00007ffa7704b000 	C:\WINDOWS\System32\gdi32full.dll
0x00007ffa76cb0000 - 0x00007ffa76d4d000 	C:\WINDOWS\System32\msvcp_win.dll
0x00007ffa78c90000 - 0x00007ffa78cc0000 	C:\WINDOWS\System32\IMM32.DLL
0x00007ffa3d750000 - 0x00007ffa3d7ed000 	C:\Program Files\Android\Android Studio\jre\bin\msvcp140.dll
0x00007ffa06b00000 - 0x00007ffa075d5000 	C:\Program Files\Android\Android Studio\jre\bin\server\jvm.dll
0x00007ffa78290000 - 0x00007ffa7833e000 	C:\WINDOWS\System32\ADVAPI32.dll
0x00007ffa78f00000 - 0x00007ffa78f9c000 	C:\WINDOWS\System32\sechost.dll
0x00007ffa78160000 - 0x00007ffa78285000 	C:\WINDOWS\System32\RPCRT4.dll
0x00007ffa78150000 - 0x00007ffa78158000 	C:\WINDOWS\System32\PSAPI.DLL
0x00007ffa685c0000 - 0x00007ffa685e7000 	C:\WINDOWS\SYSTEM32\WINMM.dll
0x00007ffa72490000 - 0x00007ffa72499000 	C:\WINDOWS\SYSTEM32\WSOCK32.dll
0x00007ffa74b30000 - 0x00007ffa74b3a000 	C:\WINDOWS\SYSTEM32\VERSION.dll
0x00007ffa79080000 - 0x00007ffa790eb000 	C:\WINDOWS\System32\WS2_32.dll
0x00007ffa75590000 - 0x00007ffa755a2000 	C:\WINDOWS\SYSTEM32\kernel.appcore.dll
0x00007ffa70bb0000 - 0x00007ffa70bc1000 	C:\Program Files\Android\Android Studio\jre\bin\verify.dll
0x00007ffa63870000 - 0x00007ffa63a54000 	C:\WINDOWS\SYSTEM32\DBGHELP.DLL
0x00007ffa63110000 - 0x00007ffa6313c000 	C:\WINDOWS\SYSTEM32\dbgcore.DLL
0x00007ffa77050000 - 0x00007ffa770d2000 	C:\WINDOWS\System32\bcryptPrimitives.dll
0x00007ffa6eb20000 - 0x00007ffa6eb49000 	C:\Program Files\Android\Android Studio\jre\bin\java.dll
0x00007ffa70c00000 - 0x00007ffa70c0b000 	C:\Program Files\Android\Android Studio\jre\bin\jimage.dll
0x00007ffa702a0000 - 0x00007ffa702b8000 	C:\Program Files\Android\Android Studio\jre\bin\zip.dll
0x00007ffa776a0000 - 0x00007ffa77de4000 	C:\WINDOWS\System32\SHELL32.dll
0x00007ffa74d90000 - 0x00007ffa75524000 	C:\WINDOWS\SYSTEM32\windows.storage.dll
0x00007ffa78340000 - 0x00007ffa78694000 	C:\WINDOWS\System32\combase.dll
0x00007ffa76710000 - 0x00007ffa7673c000 	C:\WINDOWS\SYSTEM32\Wldp.dll
0x00007ffa78e50000 - 0x00007ffa78efd000 	C:\WINDOWS\System32\SHCORE.dll
0x00007ffa790f0000 - 0x00007ffa79145000 	C:\WINDOWS\System32\shlwapi.dll
0x00007ffa76bf0000 - 0x00007ffa76c0f000 	C:\WINDOWS\SYSTEM32\profapi.dll
0x00007ffa59920000 - 0x00007ffa5993a000 	C:\Program Files\Android\Android Studio\jre\bin\net.dll
0x00007ffa6d280000 - 0x00007ffa6d38a000 	C:\WINDOWS\SYSTEM32\WINHTTP.dll
0x00007ffa76470000 - 0x00007ffa764da000 	C:\WINDOWS\system32\mswsock.dll
0x00007ffa4bf20000 - 0x00007ffa4bf34000 	C:\Program Files\Android\Android Studio\jre\bin\nio.dll
0x00007ffa39c80000 - 0x00007ffa39ca7000 	C:\Users\steve\.gradle\native\f6784746aeab05261644944871eae4fe03e0ef1612fff0a4a95f87b438bc6780\windows-amd64\native-platform.dll
0x00007ffa70700000 - 0x00007ffa7070a000 	C:\Program Files\Android\Android Studio\jre\bin\management.dll
0x00007ffa6eb80000 - 0x00007ffa6eb8d000 	C:\Program Files\Android\Android Studio\jre\bin\management_ext.dll
0x00007ffa76670000 - 0x00007ffa76688000 	C:\WINDOWS\SYSTEM32\CRYPTSP.dll
0x00007ffa75d80000 - 0x00007ffa75db4000 	C:\WINDOWS\system32\rsaenh.dll
0x00007ffa76f10000 - 0x00007ffa76f37000 	C:\WINDOWS\System32\bcrypt.dll
0x00007ffa76bb0000 - 0x00007ffa76bde000 	C:\WINDOWS\SYSTEM32\USERENV.dll
0x00007ffa76660000 - 0x00007ffa7666c000 	C:\WINDOWS\SYSTEM32\CRYPTBASE.dll
0x00007ffa76110000 - 0x00007ffa7614b000 	C:\WINDOWS\SYSTEM32\IPHLPAPI.DLL
0x00007ffa791a0000 - 0x00007ffa791a8000 	C:\WINDOWS\System32\NSI.dll
0x00007ffa6dea0000 - 0x00007ffa6deb7000 	C:\WINDOWS\SYSTEM32\dhcpcsvc6.DLL
0x00007ffa6dd90000 - 0x00007ffa6ddad000 	C:\WINDOWS\SYSTEM32\dhcpcsvc.DLL
0x00007ffa76150000 - 0x00007ffa7621b000 	C:\WINDOWS\SYSTEM32\DNSAPI.dll
0x00007ffa6e9a0000 - 0x00007ffa6e9ab000 	C:\WINDOWS\SYSTEM32\WINNSI.DLL

dbghelp: loaded successfully - version: 4.0.5 - missing functions: none
symbol engine: initialized successfully - sym options: 0x614 - pdb path: .;C:\Program Files\Android\Android Studio\jre\bin;C:\WINDOWS\SYSTEM32;C:\WINDOWS\WinSxS\amd64_microsoft.windows.common-controls_6595b64144ccf1df_6.0.19041.1110_none_60b5254171f9507e;C:\Program Files\Android\Android Studio\jre\bin\server;C:\Users\steve\.gradle\native\f6784746aeab05261644944871eae4fe03e0ef1612fff0a4a95f87b438bc6780\windows-amd64

VM Arguments:
jvm_args: --add-opens=java.base/java.util=ALL-UNNAMED --add-opens=java.base/java.lang=ALL-UNNAMED --add-opens=java.base/java.lang.invoke=ALL-UNNAMED --add-opens=java.prefs/java.util.prefs=ALL-UNNAMED -Xmx1536m -Dfile.encoding=windows-1252 -Duser.country=FR -Duser.language=fr -Duser.variant 
java_command: org.gradle.launcher.daemon.bootstrap.GradleDaemon 6.5
java_class_path (initial): C:\Users\steve\.gradle\wrapper\dists\gradle-6.5-bin\6nifqtx7604sqp1q6g8wikw7p\gradle-6.5\lib\gradle-launcher-6.5.jar
Launcher Type: SUN_STANDARD

[Global flags]
     intx CICompilerCount                          = 4                                         {product} {ergonomic}
     uint ConcGCThreads                            = 2                                         {product} {ergonomic}
     uint G1ConcRefinementThreads                  = 8                                         {product} {ergonomic}
   size_t G1HeapRegionSize                         = 1048576                                   {product} {ergonomic}
    uintx GCDrainStackTargetSize                   = 64                                        {product} {ergonomic}
   size_t InitialHeapSize                          = 268435456                                 {product} {ergonomic}
   size_t MarkStackSize                            = 4194304                                   {product} {ergonomic}
   size_t MaxHeapSize                              = 1610612736                                {product} {command line}
   size_t MaxNewSize                               = 965738496                                 {product} {ergonomic}
   size_t MinHeapDeltaBytes                        = 1048576                                   {product} {ergonomic}
    uintx NonNMethodCodeHeapSize                   = 5836300                                {pd product} {ergonomic}
    uintx NonProfiledCodeHeapSize                  = 122910970                              {pd product} {ergonomic}
    uintx ProfiledCodeHeapSize                     = 122910970                              {pd product} {ergonomic}
    uintx ReservedCodeCacheSize                    = 251658240                              {pd product} {ergonomic}
     bool SegmentedCodeCache                       = true                                      {product} {ergonomic}
     bool UseCompressedClassPointers               = true                                 {lp64_product} {ergonomic}
     bool UseCompressedOops                        = true                                 {lp64_product} {ergonomic}
     bool UseG1GC                                  = true                                      {product} {ergonomic}
     bool UseLargePagesIndividualAllocation        = false                                  {pd product} {ergonomic}

Logging:
Log output configuration:
 #0: stdout all=warning uptime,level,tags
 #1: stderr all=off uptime,level,tags

Environment Variables:
JAVA_HOME=C:\Program Files\Java\jdk-10.0.1
PATH=C:\Program Files\Microsoft MPI\Bin\;E:\SQLappli\app\oracle\product\11.2.0\server\bin;C:\Program Files (x86)\Common Files\Oracle\Java\javapath;C:\Program Files (x86)\Intel\iCLS Client\;C:\Program Files\Intel\iCLS Client\;C:\Windows\system32;C:\Windows;C:\Windows\System32\Wbem;C:\Windows\System32\WindowsPowerShell\v1.0\;C:\Program Files (x86)\Intel\Intel(R) Management Engine Components\DAL;C:\Program Files\Intel\Intel(R) Management Engine Components\DAL;C:\Program Files (x86)\Intel\Intel(R) Management Engine Components\IPT;C:\Program Files\Intel\Intel(R) Management Engine Components\IPT;C:\Program Files (x86)\NVIDIA Corporation\PhysX\Common;C:\WINDOWS\system32;C:\WINDOWS;C:\WINDOWS\System32\Wbem;C:\WINDOWS\System32\WindowsPowerShell\v1.0\;C:\WINDOWS\System32\OpenSSH\;C:\Program Files\Git LFS;C:\Program Files\PuTTY\;C:\wamp64\bin\php\php7.4.1;C:\wamp64\bin\php\php7.3.1;C:\ProgramData\ComposerSetup\bin;C:\Program Files\apache-maven-3.6.2\bin;C:\Program Files\nodejs\;C:\Program Files\Git\cmd;C:\Program Files\Microsoft SQL Server\Client SDK\ODBC\130\Tools\Binn\;C:\Program Files (x86)\Microsoft SQL Server\140\Tools\Binn\;C:\Program Files\Microsoft SQL Server\140\Tools\Binn\;C:\Program Files\Microsoft SQL Server\140\DTS\Binn\;C:\Program Files (x86)\Microsoft SQL Server\150\DTS\Binn\;C:\Program Files (x86)\Microsoft SQL Server\140\DTS\Binn\;C:\Program Files\Symfony;C:\Program Files (x86)\Yarn\bin\;C:\Program Files\Microsoft SQL Server\Client SDK\ODBC\170\Tools\Binn\;C:\opscode\inspec\bin\;C:\Program Files\Microsoft SQL Server\130\Tools\Binn\;C:\Program Files\Microsoft SQL Server\150\Tools\Binn\;C:\WINDOWS\system32\config\systemprofile\.dnx\bin;C:\Program Files\Microsoft DNX\Dnvm\;C:\MinGW\bin;C:\Program Files\dotnet\;C:\Program Files\MySQL\MySQL Shell 8.0\bin\;C:\Users\steve\AppData\Local\Programs\Microsoft VS Code\bin;C:\Users\steve\AppData\Roaming\npm;C:\Users\steve\AppData\Local\Yarn\bin;C:\Users\steve\AppData\Local\Microsoft\WindowsApps;C:\Users\steve\.dotnet\tools;C:\
USERNAME=Moi
OS=Windows_NT
PROCESSOR_IDENTIFIER=Intel64 Family 6 Model 158 Stepping 9, GenuineIntel



---------------  S Y S T E M  ---------------

OS: Windows 10 , 64 bit Build 19041 (10.0.19041.1741)
OS uptime: 4 days 0:18 hours

CPU:total 8 (initial active 8) (4 cores per cpu, 2 threads per core) family 6 model 158 stepping 9 microcode 0xb4, cmov, cx8, fxsr, mmx, sse, sse2, sse3, ssse3, sse4.1, sse4.2, popcnt, avx, avx2, aes, clmul, erms, 3dnowpref, lzcnt, ht, tsc, tscinvbit, bmi1, bmi2, adx, fma

Memory: 4k page, system-wide physical 16271M (1916M free)
TotalPageFile size 22271M (AvailPageFile size 5M)
current process WorkingSet (physical memory assigned to process): 499M, peak: 500M
current process commit charge ("private bytes"): 561M, peak: 563M

vm_info: OpenJDK 64-Bit Server VM (11.0.11+9-b60-7590822) for windows-amd64 JRE (11.0.11+9-b60-7590822), built on Jul 29 2021 21:43:44 by "builder" with MS VC++ 14.0 (VS2015)

END.
